-- Building compiler --
runhaskell Setup.hs configure
Configuring c0c-0.0...
runhaskell Setup.hs build
Building c0c-0.0...
Preprocessing executable 'c0c' for c0c-0.0...
rm -rf bin/
cp -r shellbins/ bin/
chmod +x bin/*
-- Testing compiler --
-- Running tests1 --
-- Testing file ../tests1/alabama-a-1.l4 --
-- Testing file ../tests1/alabama-a-10.l4 --
-- Testing file ../tests1/alabama-a-3.l4 --
-- Testing file ../tests1/alabama-a-6.l4 --
-- Testing file ../tests1/alabama-a-7.l4 --
-- Testing file ../tests1/alabama-a-8.l4 --
-- Testing file ../tests1/alabama-g-1.l4 --
-- Testing file ../tests1/alabama-g-10.l4 --
-- Testing file ../tests1/alabama-g-3.l4 --
-- Testing file ../tests1/alabama-g-5.l4 --
-- Testing file ../tests1/alabama-g-7.l4 --
-- Testing file ../tests1/alabama-g-9.l4 --
-- Testing file ../tests1/alaska-array.l4 --
-- Testing file ../tests1/alaska-list-traverse.l4 --
-- Testing file ../tests1/alaska-mdu-matrix-mult.l4 --
-- Testing file ../tests1/alaska-mdu-multiple-pointer.l4 --
-- Testing file ../tests1/alaska-mdu-parens.l4 --
-- Testing file ../tests1/alaska-mdu-stacks-queues.l4 --
c0c: Missing findTemps case:%Hi32* %s9ptri32z = add i32 %s12i32, %s13i32
c0c: Missing findTemps case:%Hi32* %s1ptri32z = add i32 %s4i32, %s5i32
-- Testing file ../tests1/alaska-mdu-struct-containment.l4 --
-- Testing file ../tests1/alaska-mdu-struct-nesting.l4 --
-- Testing file ../tests1/alaska-parse-test.l4 --
-- Testing file ../tests1/alaska-parse-test2.l4 --
-- Testing file ../tests1/alaska-point-sum.l4 --
-- Testing file ../tests1/alaska-struct-fun.l4 --
-- Testing file ../tests1/alaska-struct-in-struct.l4 --
-- Testing file ../tests1/aluminium-return_big_add.l4 --
-- Testing file ../tests1/aluminium-return_big_struct.l4 --
-- Testing file ../tests1/aluminium-return_inverse.l4 --
c0c: Missing findTemps case:%Hi32* %s7ptri32z = add i32 %s10i32, %s11i32
-- Testing file ../tests1/aluminium-return_list.l4 --
-- Testing file ../tests1/aluminium-return_mirror.l4 --
-- Testing file ../tests1/aluminium-return_pointer_add.l4 --
-- Testing file ../tests1/aluminium-return_struct_pointer.l4 --
llc: ../tests1/alabama-a-1.ll:134:14: error: '%r62ptri32z' defined with type 'i32**'
  store i32* %r62ptri32z, i32** %s16ptri32z
             ^
invocation of llc -march=x86-64 failed
couldn't move ../tests1/alabama-a-1.s
gcc: error: ../log/tests1/alabama-a-1-l4.s: No such file or directory
llc: ../tests1/alabama-a-10.ll:31:17: error: expected '=' after instruction name
  %s8ptrarrayi32*zz = alloca [0 x i32* ]*
                ^
invocation of llc -march=x86-64 failed
couldn't move ../tests1/alabama-a-10.s
gcc: error: ../log/tests1/alabama-a-10-l4.s: No such file or directory
llc: ../tests1/alabama-a-3.ll:108:16: error: '%r56ptrptrptri32zzz' defined with type 'i32****'
  store i32*** %r56ptrptrptri32zzz, i32**** %s1ptrptrptri32zzz
               ^
invocation of llc -march=x86-64 failed
couldn't move ../tests1/alabama-a-3.s
gcc: error: ../log/tests1/alabama-a-3-l4.s: No such file or directory
llc: ../tests1/alabama-a-6.ll:232:62: error: '%r153ptrstructqueue_headerzz' defined with type '{ { { i32, \2 }* }*, { { i32, \2 }* }* }*'
  %r154ptrstructstack_headerzz = load %struct.stack_header** %r153ptrstructqueue_headerzz
                                                             ^
invocation of llc -march=x86-64 failed
couldn't move ../tests1/alabama-a-6.s
gcc: error: ../log/tests1/alabama-a-6-l4.s: No such file or directory
llc: ../tests1/alabama-a-7.ll:167:28: error: '%r113ptrstructlist_nodezz' defined with type '{ i32, \2 }**'
  store %struct.list_node* %r113ptrstructlist_nodezz, %struct.list_node** %s10ptrstructlist_nodezz
                           ^
invocation of llc -march=x86-64 failed
couldn't move ../tests1/alabama-a-7.s
gcc: error: ../log/tests1/alabama-a-7-l4.s: No such file or directory
llc: ../tests1/alabama-a-8.ll:35:15: error: expected '=' after instruction name
  %s11ptrarray%struct.queue_header*zz = alloca [0 x %struct.queue_header* ]*
              ^
invocation of llc -march=x86-64 failed
couldn't move ../tests1/alabama-a-8.s
gcc: error: ../log/tests1/alabama-a-8-l4.s: No such file or directory
llc: ../tests1/alabama-g-1.ll:42:30: error: '%r23ptri32z' defined with type 'i32*'
  %r24i32 = mul i32 %r22i32, %r23ptri32z
                             ^
invocation of llc -march=x86-64 failed
couldn't move ../tests1/alabama-g-1.s
gcc: error: ../log/tests1/alabama-g-1-l4.s: No such file or directory
llc: ../tests1/alabama-g-10.ll:41:14: error: '%r19ptri32z' defined with type 'i32**'
  store i32* %r19ptri32z, i32** %s1ptri32z
             ^
invocation of llc -march=x86-64 failed
couldn't move ../tests1/alabama-g-10.s
gcc: error: ../log/tests1/alabama-g-10-l4.s: No such file or directory
llc: ../tests1/alabama-g-3.ll:37:23: error: '%r17ptrstructxzz' defined with type '{ i32, i32 }*'
  %r18i32 = load i32* %r17ptrstructxzz
                      ^
invocation of llc -march=x86-64 failed
couldn't move ../tests1/alabama-g-3.s
gcc: error: ../log/tests1/alabama-g-3-l4.s: No such file or directory
llc: ../tests1/alabama-g-5.ll:88:14: error: '%r45ptri32z' defined with type 'i32**'
  store i32* %r45ptri32z, i32** %s10ptri32z
             ^
invocation of llc -march=x86-64 failed
couldn't move ../tests1/alabama-g-5.s
gcc: error: ../log/tests1/alabama-g-5-l4.s: No such file or directory
llc: ../tests1/alabama-g-7.ll:26:13: error: '%r14i32' defined with type 'i32*'
  store i32 %r14i32, i32* %s1i32
            ^
invocation of llc -march=x86-64 failed
couldn't move ../tests1/alabama-g-7.s
gcc: error: ../log/tests1/alabama-g-7-l4.s: No such file or directory
llc: ../tests1/alabama-g-9.ll:84:14: error: '%r41ptri32z' defined with type 'i32**'
  store i32* %r41ptri32z, i32** %s9ptri32z
             ^
invocation of llc -march=x86-64 failed
couldn't move ../tests1/alabama-g-9.s
gcc: error: ../log/tests1/alabama-g-9-l4.s: No such file or directory
llc: ../tests1/alaska-array.ll:86:14: error: '%r41ptri32z' defined with type 'i32**'
  store i32* %r41ptri32z, i32** %s11ptri32z
             ^
invocation of llc -march=x86-64 failed
couldn't move ../tests1/alaska-array.s
gcc: error: ../log/tests1/alaska-array-l4.s: No such file or directory
llc: ../tests1/alaska-list-traverse.ll:10:28: error: pointers to void are invalid; use i8* instead
  %s4ptrvoidz = alloca void*
                           ^
invocation of llc -march=x86-64 failed
couldn't move ../tests1/alaska-list-traverse.s
Compilation unexpectedly failed on ../tests1/alaska-mdu-matrix-mult.l4.
-- FAIL ../tests1/alaska-mdu-matrix-mult.l4 --
gcc: error: ../log/tests1/alaska-list-traverse-l4.s: No such file or directory
-- Testing file ../tests1/aluminium-same_name.l4 --
Compilation unexpectedly failed on ../tests1/alaska-mdu-multiple-pointer.l4.
-- FAIL ../tests1/alaska-mdu-multiple-pointer.l4 --
-- Testing file ../tests1/aluminium-sf03.l4 --
llc: ../tests1/alaska-mdu-parens.ll:40:39: error: '%r21i32' defined with type 'i32'
  %r22ptri32z = add i32* %r20ptri32z, %r21i32
                                      ^
invocation of llc -march=x86-64 failed
couldn't move ../tests1/alaska-mdu-parens.s
gcc: error: ../log/tests1/alaska-mdu-parens-l4.s: No such file or directory
llc: ../tests1/alaska-mdu-stacks-queues.ll:38:31: error: '%r14ptrstructstack_structzz' defined with type '{ { \2, i32 }* }**'
  store %struct.stack_struct* %r14ptrstructstack_structzz, %struct.stack_struct** %s5ptrstructstack_structzz
                              ^
invocation of llc -march=x86-64 failed
couldn't move ../tests1/alaska-mdu-stacks-queues.s
gcc: error: ../log/tests1/alaska-mdu-stacks-queues-l4.s: No such file or directory
llc: ../tests1/alaska-mdu-struct-containment.ll:38:13: error: '%r19i32' defined with type 'i32*'
  store i32 %r19i32, i32* %s1i32
            ^
invocation of llc -march=x86-64 failed
couldn't move ../tests1/alaska-mdu-struct-containment.s
gcc: error: ../log/tests1/alaska-mdu-struct-containment-l4.s: No such file or directory
llc: ../tests1/alaska-mdu-struct-nesting.ll:55:13: error: '%r14i32' defined with type 'i32*'
  store i32 %r14i32, i32* %s3i32
            ^
invocation of llc -march=x86-64 failed
couldn't move ../tests1/alaska-mdu-struct-nesting.s
gcc: error: ../log/tests1/alaska-mdu-struct-nesting-l4.s: No such file or directory
llc: ../tests1/alaska-parse-test2.ll:32:13: error: '%r14i32' defined with type 'i32*'
  store i32 %r14i32, i32* %s1i32
            ^
invocation of llc -march=x86-64 failed
couldn't move ../tests1/alaska-parse-test2.s
gcc: error: ../log/tests1/alaska-parse-test2-l4.s: No such file or directory
llc: ../tests1/alaska-point-sum.ll:32:13: error: '%r14i32' defined with type 'i32*'
  store i32 %r14i32, i32* %s1i32
            ^
invocation of llc -march=x86-64 failed
couldn't move ../tests1/alaska-point-sum.s
gcc: error: ../log/tests1/alaska-point-sum-l4.s: No such file or directory
llc: ../tests1/alaska-struct-fun.ll:65:13: error: '%r34i32' defined with type 'i32*'
  store i32 %r34i32, i32* %s1i32
            ^
invocation of llc -march=x86-64 failed
couldn't move ../tests1/alaska-struct-fun.s
gcc: error: ../log/tests1/alaska-struct-fun-l4.s: No such file or directory
llc: ../tests1/alaska-struct-in-struct.ll:43:13: error: '%r19i32' defined with type 'i32*'
  store i32 %r19i32, i32* %s1i32
            ^
invocation of llc -march=x86-64 failed
couldn't move ../tests1/alaska-struct-in-struct.s
Compilation unexpectedly failed on ../tests1/aluminium-return_big_add.l4.
-- FAIL ../tests1/aluminium-return_big_add.l4 --
gcc: error: ../log/tests1/alaska-struct-in-struct-l4.s: No such file or directory
-- Testing file ../tests1/ankylosaurus-return01.l4 --
llc: ../tests1/aluminium-return_big_struct.ll:63:13: error: '%r14i32' defined with type 'i32*'
  store i32 %r14i32, i32* %s2i32
            ^
invocation of llc -march=x86-64 failed
couldn't move ../tests1/aluminium-return_big_struct.s
gcc: error: ../log/tests1/aluminium-return_big_struct-l4.s: No such file or directory
llc: ../tests1/aluminium-return_inverse.ll:99:14: error: '%r49ptri32z' defined with type 'i32**'
  store i32* %r49ptri32z, i32** %s11ptri32z
             ^
invocation of llc -march=x86-64 failed
couldn't move ../tests1/aluminium-return_inverse.s
gcc: error: ../log/tests1/aluminium-return_inverse-l4.s: No such file or directory
llc: ../tests1/aluminium-return_list.ll:6:28: error: pointers to void are invalid; use i8* instead
  %s2ptrvoidz = alloca void*
                           ^
invocation of llc -march=x86-64 failed
couldn't move ../tests1/aluminium-return_list.s
gcc: error: ../log/tests1/aluminium-return_list-l4.s: No such file or directory
llc: ../tests1/aluminium-return_mirror.ll:19:29: error: invalid cast opcode for cast from '{ i32, i32 }' to '{ i32, i32 }'
  %r2structpointz = bitcast %struct.point %s0structpointz to %struct.point
                            ^
invocation of llc -march=x86-64 failed
couldn't move ../tests1/aluminium-return_mirror.s
gcc: error: ../log/tests1/aluminium-return_mirror-l4.s: No such file or directory
llc: ../tests1/aluminium-return_pointer_add.ll:100:14: error: '%r56ptri32z' defined with type 'i32**'
  store i32* %r56ptri32z, i32** %s11ptri32z
             ^
invocation of llc -march=x86-64 failed
couldn't move ../tests1/aluminium-return_pointer_add.s
gcc: error: ../log/tests1/aluminium-return_pointer_add-l4.s: No such file or directory
llc: ../tests1/aluminium-return_struct_pointer.ll:62:25: error: '@calloc' defined with type 'i8* ({ i32 }*, i32)*'
  %r29ptri8z = call i8* @calloc(i32 %r30i32, i32 %r31i32)
                        ^
invocation of llc -march=x86-64 failed
couldn't move ../tests1/aluminium-return_struct_pointer.s
Compilation unexpectedly failed on ../tests1/alabama-a-1.l4.
-- FAIL ../tests1/alabama-a-1.l4 --
gcc: error: ../log/tests1/aluminium-return_struct_pointer-l4.s: No such file or directory
-- Testing file ../tests1/ankylosaurus-return02.l4 --
Compilation unexpectedly failed on ../tests1/alabama-a-10.l4.
-- FAIL ../tests1/alabama-a-10.l4 --
-- Testing file ../tests1/ankylosaurus-return03.l4 --
Compilation unexpectedly failed on ../tests1/alabama-a-3.l4.
-- FAIL ../tests1/alabama-a-3.l4 --
-- Testing file ../tests1/ankylosaurus-return04.l4 --
Compilation unexpectedly failed on ../tests1/alabama-a-6.l4.
-- FAIL ../tests1/alabama-a-6.l4 --
-- Testing file ../tests1/ankylosaurus-return05.l4 --
Compilation unexpectedly failed on ../tests1/alabama-a-7.l4.
-- FAIL ../tests1/alabama-a-7.l4 --
-- Testing file ../tests1/ankylosaurus-return06.l4 --
Compilation unexpectedly failed on ../tests1/alabama-a-8.l4.
-- FAIL ../tests1/alabama-a-8.l4 --
-- Testing file ../tests1/ankylosaurus-return07.l4 --
Compilation unexpectedly failed on ../tests1/alabama-g-1.l4.
-- FAIL ../tests1/alabama-g-1.l4 --
-- Testing file ../tests1/ankylosaurus-return08.l4 --
Compilation unexpectedly failed on ../tests1/alabama-g-10.l4.
-- FAIL ../tests1/alabama-g-10.l4 --
-- Testing file ../tests1/ankylosaurus-return09.l4 --
Compilation unexpectedly failed on ../tests1/alabama-g-3.l4.
-- FAIL ../tests1/alabama-g-3.l4 --
-- Testing file ../tests1/ankylosaurus-return10.l4 --
Compilation unexpectedly failed on ../tests1/alabama-g-5.l4.
-- FAIL ../tests1/alabama-g-5.l4 --
-- Testing file ../tests1/ankylosaurus-return11.l4 --
Compilation unexpectedly failed on ../tests1/alabama-g-7.l4.
-- FAIL ../tests1/alabama-g-7.l4 --
-- Testing file ../tests1/ankylosaurus-return12.l4 --
Compilation unexpectedly failed on ../tests1/alabama-g-9.l4.
-- FAIL ../tests1/alabama-g-9.l4 --
-- Testing file ../tests1/apatosaurus-array-loop.l4 --
Compilation unexpectedly failed on ../tests1/alaska-array.l4.
-- FAIL ../tests1/alaska-array.l4 --
-- Testing file ../tests1/apatosaurus-array-out-bounds.l4 --
Compilation unexpectedly failed on ../tests1/alaska-list-traverse.l4.
-- FAIL ../tests1/alaska-list-traverse.l4 --
-- Testing file ../tests1/apatosaurus-null-return.l4 --
llc: ../tests1/aluminium-same_name.ll:28:13: error: '%r14i32' defined with type 'i32*'
  store i32 %r14i32, i32* %s1i32
            ^
invocation of llc -march=x86-64 failed
couldn't move ../tests1/aluminium-same_name.s
gcc: error: ../log/tests1/aluminium-same_name-l4.s: No such file or directory
llc: ../tests1/aluminium-sf03.ll:96:14: error: '%r53ptri32z' defined with type 'i32**'
  store i32* %r53ptri32z, i32** %s10ptri32z
             ^
invocation of llc -march=x86-64 failed
couldn't move ../tests1/aluminium-sf03.s
Compilation unexpectedly failed on ../tests1/alaska-mdu-parens.l4.
-- FAIL ../tests1/alaska-mdu-parens.l4 --
gcc: error: ../log/tests1/aluminium-sf03-l4.s: No such file or directory
-- Testing file ../tests1/apatosaurus-pnt-func.l4 --
Compilation unexpectedly failed on ../tests1/alaska-mdu-stacks-queues.l4.
-- FAIL ../tests1/alaska-mdu-stacks-queues.l4 --
-- Testing file ../tests1/apatosaurus-struct-decls.l4 --
Compilation unexpectedly failed on ../tests1/alaska-mdu-struct-containment.l4.
-- FAIL ../tests1/alaska-mdu-struct-containment.l4 --
-- Testing file ../tests1/apatosaurus-struct-def-late.l4 --
Compilation unexpectedly failed on ../tests1/alaska-mdu-struct-nesting.l4.
-- FAIL ../tests1/alaska-mdu-struct-nesting.l4 --
-- Testing file ../tests1/apatosaurus-struct-loop.l4 --
Compilation unexpectedly failed on ../tests1/alaska-parse-test2.l4.
-- FAIL ../tests1/alaska-parse-test2.l4 --
-- Testing file ../tests1/apatosaurus-struct-namespace.l4 --
Warning: should not be looking up raw struct instead of struct*%struct.looper
Warning: should not be looking up raw struct instead of struct*%struct.looper
Compilation unexpectedly failed on ../tests1/alaska-point-sum.l4.
-- FAIL ../tests1/alaska-point-sum.l4 --
-- Testing file ../tests1/apatosaurus-struct-padding.l4 --
Compilation unexpectedly failed on ../tests1/alaska-struct-fun.l4.
-- FAIL ../tests1/alaska-struct-fun.l4 --
-- Testing file ../tests1/apatosaurus-struct-point-pass.l4 --
Compilation unexpectedly failed on ../tests1/alaska-struct-in-struct.l4.
-- FAIL ../tests1/alaska-struct-in-struct.l4 --
-- Testing file ../tests1/arkansas-return01.l4 --
llc: ../tests1/ankylosaurus-return01.ll:12:40: error: invalid cast opcode for cast from '{ i32, i32* }' to '{ i32, i32* }'
  %r2structarrayzStruct_i32z = bitcast %struct.arrayzStruct_i32 %s0structarrayzStruct_i32z to %struct.arrayzStruct_i32
                                       ^
invocation of llc -march=x86-64 failed
couldn't move ../tests1/ankylosaurus-return01.s
Compilation unexpectedly failed on ../tests1/aluminium-return_big_struct.l4.
-- FAIL ../tests1/aluminium-return_big_struct.l4 --
gcc: error: ../log/tests1/ankylosaurus-return01-l4.s: No such file or directory
-- Testing file ../tests1/arkansas-return02.l4 --
Compilation unexpectedly failed on ../tests1/aluminium-return_inverse.l4.
-- FAIL ../tests1/aluminium-return_inverse.l4 --
-- Testing file ../tests1/arkansas-return03.l4 --
Compilation unexpectedly failed on ../tests1/aluminium-return_list.l4.
-- FAIL ../tests1/aluminium-return_list.l4 --
-- Testing file ../tests1/arkansas-return04.l4 --
Compilation unexpectedly failed on ../tests1/aluminium-return_mirror.l4.
-- FAIL ../tests1/aluminium-return_mirror.l4 --
-- Testing file ../tests1/arkansas-return05.l4 --
Compilation unexpectedly failed on ../tests1/aluminium-return_pointer_add.l4.
-- FAIL ../tests1/aluminium-return_pointer_add.l4 --
c0c: A type was mismatched in codeGen when dereferencing i32 %s3i32 of type i32
-- Testing file ../tests1/arkansas-return06.l4 --
Compilation unexpectedly failed on ../tests1/aluminium-return_struct_pointer.l4.
-- FAIL ../tests1/aluminium-return_struct_pointer.l4 --
-- Testing file ../tests1/arkansas-return07.l4 --
llc: ../tests1/ankylosaurus-return02.ll:12:28: error: pointers to void are invalid; use i8* instead
  %s3ptrvoidz = alloca void*
                           ^
invocation of llc -march=x86-64 failed
couldn't move ../tests1/ankylosaurus-return02.s
gcc: error: ../log/tests1/ankylosaurus-return02-l4.s: No such file or directory
llc: ../tests1/ankylosaurus-return03.ll:19:28: error: pointers to void are invalid; use i8* instead
  %s5ptrvoidz = alloca void*
                           ^
invocation of llc -march=x86-64 failed
couldn't move ../tests1/ankylosaurus-return03.s
gcc: error: ../log/tests1/ankylosaurus-return03-l4.s: No such file or directory
llc: ../tests1/ankylosaurus-return04.ll:10:28: error: pointers to void are invalid; use i8* instead
  %s4ptrvoidz = alloca void*
                           ^
invocation of llc -march=x86-64 failed
couldn't move ../tests1/ankylosaurus-return04.s
gcc: error: ../log/tests1/ankylosaurus-return04-l4.s: No such file or directory
llc: ../tests1/ankylosaurus-return05.ll:134:14: error: '%r41ptri32z' defined with type 'i32**'
  store i32* %r41ptri32z, i32** %s10ptri32z
             ^
invocation of llc -march=x86-64 failed
couldn't move ../tests1/ankylosaurus-return05.s
gcc: error: ../log/tests1/ankylosaurus-return05-l4.s: No such file or directory
llc: ../tests1/ankylosaurus-return06.ll:57:40: error: invalid cast opcode for cast from '{ i32, i32* }' to '{ i32, i32* }'
  %r2structarrayzStruct_i32z = bitcast %struct.arrayzStruct_i32 %s0structarrayzStruct_i32z to %struct.arrayzStruct_i32
                                       ^
invocation of llc -march=x86-64 failed
couldn't move ../tests1/ankylosaurus-return06.s
gcc: error: ../log/tests1/ankylosaurus-return06-l4.s: No such file or directory
llc: ../tests1/ankylosaurus-return07.ll:35:14: error: '%r14ptri32z' defined with type 'i32**'
  store i32* %r14ptri32z, i32** %s1ptri32z
             ^
invocation of llc -march=x86-64 failed
couldn't move ../tests1/ankylosaurus-return07.s
gcc: error: ../log/tests1/ankylosaurus-return07-l4.s: No such file or directory
llc: ../tests1/ankylosaurus-return09.ll:86:14: error: '%r41ptri32z' defined with type 'i32**'
  store i32* %r41ptri32z, i32** %s11ptri32z
             ^
invocation of llc -march=x86-64 failed
couldn't move ../tests1/ankylosaurus-return09.s
gcc: error: ../log/tests1/ankylosaurus-return09-l4.s: No such file or directory
llc: ../tests1/ankylosaurus-return11.ll:83:14: error: '%r41ptri32z' defined with type 'i32**'
  store i32* %r41ptri32z, i32** %s10ptri32z
             ^
invocation of llc -march=x86-64 failed
couldn't move ../tests1/ankylosaurus-return11.s
llc: ../tests1/ankylosaurus-return12.ll:84:14: error: '%r41ptri32z' defined with type 'i32**'g  store i32* %r41ptri32z, i32** %s10ptri32z
             ^
invocation of llc -march=x86-64 failed
couldn't move ../tests1/ankylosaurus-return12.s
gcc: error: ../log/tests1/ankylosaurus-return12-l4.s: No such file or directory
llc: ../tests1/apatosaurus-array-loop.ll:99:14: error: '%r45ptri32z' defined with type 'i32**'
  store i32* %r45ptri32z, i32** %s11ptri32z
             ^
invocation of llc -march=x86-64 failed
couldn't move ../tests1/apatosaurus-array-loop.s
gcc: error: ../log/tests1/apatosaurus-array-loop-l4.s: No such file or directory
llc: ../tests1/apatosaurus-array-out-bounds.ll:84:14: error: '%r41ptri32z' defined with type 'i32**'
  store i32* %r41ptri32z, i32** %s9ptri32z
             ^
invocation of llc -march=x86-64 failed
couldn't move ../tests1/apatosaurus-array-out-bounds.s
gcc: error: ../log/tests1/apatosaurus-array-out-bounds-l4.s: No such file or directory
llc: ../tests1/apatosaurus-null-return.ll:31:28: error: pointers to void are invalid; use i8* instead
  %s0ptrvoidz = alloca void*
                           ^
invocation of llc -march=x86-64 failed
couldn't move ../tests1/apatosaurus-null-return.s
Compilation unexpectedly failed on ../tests1/aluminium-same_name.l4.
-- FAIL ../tests1/aluminium-same_name.l4 --
gcc: error: ../log/tests1/apatosaurus-null-return-l4.s: No such file or directory
-- Testing file ../tests1/arkansas-return08.l4 --
Compilation unexpectedly failed on ../tests1/aluminium-sf03.l4.
-- FAIL ../tests1/aluminium-sf03.l4 --
-- Testing file ../tests1/arkansas-return09.l4 --
llc: ../tests1/apatosaurus-pnt-func.ll:39:39: error: use of undefined value '%r22ptrptrptri32zzz'
  store i32** %r21ptrptri32zz, i32*** %r22ptrptrptri32zzz
                                      ^
invocation of llc -march=x86-64 failed
couldn't move ../tests1/apatosaurus-pnt-func.s
llc: ../tests1/apatosaurus-struct-decls.ll:28:13: error: '%r14i32' defined with type 'i32*'
  store i32 %r14i32, i32* %s1i32
           g^
: error: ../log/tests1/apatosaurus-pnt-func-l4.s: No such file or directory
invocation of llc -march=x86-64 failed
couldn't move ../tests1/apatosaurus-struct-decls.s
llc: ../tests1/apatosaurus-struct-def-late.ll:10:28gcerror: invalid cast opcode for cast from '{ i32 }' to '{ i32 }'
  %r2structlatez = bitcast %struct.late %s0structlatez to %struct.late
                           ^
invocation of llc -march=x86-64 failed
couldn't move ../tests1/apatosaurus-struct-def-late.s
gcc: error: ../log/tests1/apatosaurus-struct-def-late-l4.s: No such file or directory
llc: ../tests1/apatosaurus-struct-loop.ll:33:15: error: expected '=' after instruction name
  %s12ptrarray%struct.looperzz = alloca [0 x %struct.looper ]*
              ^
invocation of llc -march=x86-64 failed
couldn't move ../tests1/apatosaurus-struct-loop.s
Correct result
-- PASS ../tests1/alaska-parse-test.l4 --
gcc: error: ../log/tests1/apatosaurus-struct-loop-l4.s: No such file or directory
-- Testing file ../tests1/arkansas-return10.l4 --
llc: ../tests1/apatosaurus-struct-namespace.ll:28:13: error: '%r14i32' defined with type 'i32*'
  store i32 %r14i32, i32* %s1i32
            ^
invocation of llc -march=x86-64 failed
couldn't move ../tests1/apatosaurus-struct-namespace.s
gcc: error: ../log/tests1/apatosaurus-struct-namespace-l4.s: No such file or directory
llc: ../tests1/apatosaurus-struct-padding.ll:47:33: error: '%r14structarrayzStruct_i1z' defined with type '{ i32, i1* }*'
  store %struct.arrayzStruct_i1 %r14structarrayzStruct_i1z, %struct.arrayzStruct_i1* %s1structarrayzStruct_i1z
                                ^
invocation of llc -march=x86-64 failed
couldn't move ../tests1/apatosaurus-struct-padding.s
gcc: error: ../log/tests1/apatosaurus-struct-padding-l4.s: No such file or directory
llc: ../tests1/apatosaurus-struct-point-pass.ll:36:13: error: '%r14i32' defined with type 'i32*'
  store i32 %r14i32, i32* %s1i32
            ^
invocation of llc -march=x86-64 failed
couldn't move ../tests1/apatosaurus-struct-point-pass.s
gcc: error: ../log/tests1/apatosaurus-struct-point-pass-l4.s: No such file or directory
llc: ../tests1/arkansas-return01.ll:86:14: error: '%r41ptri32z' defined with type 'i32**'
  store i32* %r41ptri32z, i32** %s10ptri32z
             ^
invocation of llc -march=x86-64 failed
couldn't move ../tests1/arkansas-return01.s
Compilation unexpectedly failed on ../tests1/ankylosaurus-return01.l4.
-- FAIL ../tests1/ankylosaurus-return01.l4 --
gcc: error: ../log/tests1/arkansas-return01-l4.s: No such file or directory
-- Testing file ../tests1/arsenic-bubble.l4 --
llc: ../tests1/arkansas-return02.ll:42:13: error: '%r25i32' defined with type 'i32*'
  store i32 %r25i32, i32* %s2i32
            ^
invocation of llc -march=x86-64 failed
couldn't move ../tests1/arkansas-return02.s
Compilation unexpectedly failed on ../tests1/arkansas-return03.l4.
-- FAIL ../tests1/arkansas-return03.l4 --
gcc: error: ../log/tests1/arkansas-return02-l4.s: No such file or directory
-- Testing file ../tests1/arsenic-point.l4 --
llc: ../tests1/arkansas-return04.ll:32:13: error: '%r14i32' defined with type 'i32*'
  store i32 %r14i32, i32* %s1i32
            ^
invocation of llc -march=x86-64 failed
couldn't move ../tests1/arkansas-return04.s
gcc: error: ../log/tests1/arkansas-return04-l4.s: No such file or directory
llc: ../tests1/arkansas-return05.ll:52:14: error: '%r32ptri32z' defined with type 'i32**'
  store i32* %r32ptri32z, i32** %s0ptri32z
             ^
invocation of llc -march=x86-64 failed
couldn't move ../tests1/arkansas-return05.s
gcc: error: ../log/tests1/arkansas-return05-l4.s: No such file or directory
llc: ../tests1/arkansas-return06.ll:95:14: error: '%r41ptri32z' defined with type 'i32**'
  store i32* %r41ptri32z, i32** %s11ptri32z
             ^
invocation of llc -march=x86-64 failed
couldn't move ../tests1/arkansas-return06.s
gcc: error: ../log/tests1/arkansas-return06-l4.s: No such file or directory
llc: ../tests1/arkansas-return07.ll:89:14: error: '%r41ptri32z' defined with type 'i32**'
  store i32* %r41ptri32z, i32** %s8ptri32z
             ^
invocation of llc -march=x86-64 failed
couldn't move ../tests1/arkansas-return07.s
Compilation unexpectedly failed on ../tests1/ankylosaurus-return02.l4.
-- FAIL ../tests1/ankylosaurus-return02.l4 --
gcc: error: ../log/tests1/arkansas-return07-l4.s: No such file or directory
-- Testing file ../tests1/arsenic-pointers.l4 --
Compilation unexpectedly failed on ../tests1/ankylosaurus-return03.l4.
-- FAIL ../tests1/ankylosaurus-return03.l4 --
-- Testing file ../tests1/arsenic-struct_implicit.l4 --
Compilation unexpectedly failed on ../tests1/ankylosaurus-return04.l4.
-- FAIL ../tests1/ankylosaurus-return04.l4 --
-- Testing file ../tests1/arsenic-struct_link.l4 --
Compilation unexpectedly failed on ../tests1/ankylosaurus-return05.l4.
-- FAIL ../tests1/ankylosaurus-return05.l4 --
-- Testing file ../tests1/arsenic-structs01.l4 --
Compilation unexpectedly failed on ../tests1/ankylosaurus-return06.l4.
-- FAIL ../tests1/ankylosaurus-return06.l4 --
-- Testing file ../tests1/arsenic-structs02.l4 --
Compilation unexpectedly failed on ../tests1/ankylosaurus-return07.l4.
-- FAIL ../tests1/ankylosaurus-return07.l4 --
-- Testing file ../tests1/arsenic-sum.l4 --
Compilation unexpectedly failed on ../tests1/ankylosaurus-return09.l4.
-- FAIL ../tests1/ankylosaurus-return09.l4 --
-- Testing file ../tests1/arwen-array-of-structs.l4 --
Compilation unexpectedly failed on ../tests1/ankylosaurus-return11.l4.
-- FAIL ../tests1/ankylosaurus-return11.l4 --
-- Testing file ../tests1/arwen-color-graph.l4 --
Compilation unexpectedly failed on ../tests1/ankylosaurus-return12.l4.
-- FAIL ../tests1/ankylosaurus-return12.l4 --
Warning: should not be looking up raw struct instead of struct*%struct.even_odd_struct
Warning: should not be looking up raw struct instead of struct*%struct.even_odd_struct
Warning: should not be looking up raw struct instead of struct*%struct.even_odd_struct
-- Testing file ../tests1/arwen-cycle-test.l4 --
Compilation unexpectedly failed on ../tests1/apatosaurus-array-loop.l4.
-- FAIL ../tests1/apatosaurus-array-loop.l4 --
Warning: should not be looking up raw struct instead of struct*%struct.even_odd_struct
Warning: should not be looking up raw struct instead of struct*%struct.even_odd_struct
-- Testing file ../tests1/arwen-eval-order.l4 --
Compilation unexpectedly failed on ../tests1/apatosaurus-array-out-bounds.l4.
-- FAIL ../tests1/apatosaurus-array-out-bounds.l4 --
Warning: should not be looking up raw struct instead of struct*%struct.even_odd_struct
Warning: should not be looking up raw struct instead of struct*%struct.even_odd_struct
-- Testing file ../tests1/arwen-nested-structs.l4 --
Compilation unexpectedly failed on ../tests1/apatosaurus-null-return.l4.
-- FAIL ../tests1/apatosaurus-null-return.l4 --
-- Testing file ../tests1/barium-aliasing.l4 --
c0c: A type was mismatched in codeGen when dereferencing i32 %s11i32 of type i32
c0c: Missing findTemps case:%Hi32* %s2ptri32z = add i32 %s6i32, %s7i32
llc: ../tests1/arkansas-return08.ll:34:12: error: '%r14i1' defined with type 'i1*'
  store i1 %r14i1, i1* %s1i1
           ^
invocation of llc -march=x86-64 failed
couldn't move ../tests1/arkansas-return08.s
c0c: Missing findTemps case:%Hi32* %s3ptri32z = add i32 %s6i32, %s7i32
gcc: error: ../log/tests1/arkansas-return08-l4.s: No such file or directory
Compilation unexpectedly failed on ../tests1/apatosaurus-pnt-func.l4.
-- FAIL ../tests1/apatosaurus-pnt-func.l4 --
-- Testing file ../tests1/barium-aliasing2.l4 --
Compilation unexpectedly failed on ../tests1/apatosaurus-struct-decls.l4.
-- FAIL ../tests1/apatosaurus-struct-decls.l4 --
-- Testing file ../tests1/barium-arrayarraystress.l4 --
Compilation unexpectedly failed on ../tests1/apatosaurus-struct-def-late.l4.
-- FAIL ../tests1/apatosaurus-struct-def-late.l4 --
-- Testing file ../tests1/barium-auto-cannibal-allocator.l4 --
Compilation unexpectedly failed on ../tests1/apatosaurus-struct-loop.l4.
-- FAIL ../tests1/apatosaurus-struct-loop.l4 --
c0c: Missing findTemps case:%Hi32* %s12ptri32z = add i32 %s15i32, %s16i32
-- Testing file ../tests1/barium-nain-nain-nain-nain.l4 --
Compilation unexpectedly failed on ../tests1/apatosaurus-struct-namespace.l4.
-- FAIL ../tests1/apatosaurus-struct-namespace.l4 --
-- Testing file ../tests1/barium-other-struct-in-struct.l4 --
Compilation unexpectedly failed on ../tests1/apatosaurus-struct-padding.l4.
-- FAIL ../tests1/apatosaurus-struct-padding.l4 --
-- Testing file ../tests1/barium-padding-magic.l4 --
Compilation unexpectedly failed on ../tests1/apatosaurus-struct-point-pass.l4.
-- FAIL ../tests1/apatosaurus-struct-point-pass.l4 --
-- Testing file ../tests1/barium-qsort.l4 --
Compilation unexpectedly failed on ../tests1/arkansas-return01.l4.
-- FAIL ../tests1/arkansas-return01.l4 --
-- Testing file ../tests1/barium-saxpy-twist.l4 --
llc: ../tests1/arsenic-bubble.ll:86:14: error: '%r41ptri32z' defined with type 'i32**'
  store i32* %r41ptri32z, i32** %s9ptri32z
             ^
invocation of llc -march=x86-64 failed
couldn't move ../tests1/arsenic-bubble.s
Compilation unexpectedly failed on ../tests1/arkansas-return02.l4.
-- FAIL ../tests1/arkansas-return02.l4 --
gcc: error: ../log/tests1/arsenic-bubble-l4.s: No such file or directory
-- Testing file ../tests1/barium-saxpy.l4 --
llc: ../tests1/arsenic-point.ll:49:13: error: '%r25i32' defined with type 'i32*'
  store i32 %r25i32, i32* %s2i32
            ^
invocation of llc -march=x86-64 failed
couldn't move ../tests1/arsenic-point.s
Compilation unexpectedly failed on ../tests1/arkansas-return04.l4.
-- FAIL ../tests1/arkansas-return04.l4 --
gcc: error: ../log/tests1/arsenic-point-l4.s: No such file or directory
-- Testing file ../tests1/barium-uba-heap.l4 --
Compilation unexpectedly failed on ../tests1/arkansas-return05.l4.
-- FAIL ../tests1/arkansas-return05.l4 --
-- Testing file ../tests1/beorn-crappy-md5-implementation.l4 --
Compilation unexpectedly failed on ../tests1/arkansas-return06.l4.
-- FAIL ../tests1/arkansas-return06.l4 --
-- Testing file ../tests1/beorn-enjoys-a-good-bubble-bath-from-time-to-time.l4 --
Compilation unexpectedly failed on ../tests1/arkansas-return07.l4.
-- FAIL ../tests1/arkansas-return07.l4 --
-- Testing file ../tests1/beorn-heh-trees.l4 --
c0c: A type was mismatched in codeGen when dereferencing i32 %s2i32 of type i32
llc: ../tests1/arsenic-pointers.ll:232:22: error: invalid operand type for instruction
  %r161ptri32z = add i32* %r159ptri32z, %r160ptri32z
     c               ^
invocation of llc -march=x86-64 failed
couldn't move ../tests1/arsenic-pointers.s
llc: ../tests1/arsenic-struct_implicit.ll:4:28: error: pointers to void are invalid; use i8* instead
  %s2ptrvoidz = alloca void*
                           ^
invocation of llc -march=x86-64 failed
couldn't move ../tests1/arsenic-struct_implicit.s
gcc: error: ../log/tests1/arsenic-pointers-l4.s: No such file or directory
gcc: error: ../log/tests1/arsenic-struct_implicit-l4.s: No such file or directory
llc: ../tests1/arsenic-struct_link.ll:74:13: error: '%r36i32' defined with type 'i32*'
  store i32 %r36i32, i32* %s3i32
            ^
invocation of llc -march=x86-64 failed
couldn't move ../tests1/arsenic-struct_link.s
llc: ../tests1/arsenic-structs01.ll:32:23: error: '%r17ptrstructszz' defined with type '{ i32, i32 }*'
  %r18i32 = load i32* %r17ptrstructszz
                   g  ^
invocation of llc -march=x86-64 failed
couldn't move ../tests1/arsenic-structs01.s
gcc: error: ../log/tests1/arsenic-structs01-l4.s: No such file or directory
llc: ../tests1/arsenic-structs02.ll:28:13: error: '%r14i32' defined with type 'i32*'
  store i32 %r14i32, i32* %s1i32
            ^
invocation of llc -march=x86-64 failed
couldn't move ../tests1/arsenic-structs02.s
gcc: error: ../log/tests1/arsenic-structs02-l4.s: No such file or directory
llc: ../tests1/arsenic-sum.ll:110:14: error: '%r47ptri32z' defined with type 'i32**'
  store i32* %r47ptri32z, i32** %s11ptri32z
             ^
invocation of llc -march=x86-64 failed
couldn't move ../tests1/arsenic-sum.s
gcc: error: ../log/tests1/arsenic-sum-l4.s: No such file or directory
Correct result
-- PASS ../tests1/ankylosaurus-return08.l4 --
-- Testing file ../tests1/beorn-thinks-hoffman-would-be-proud.l4 --
llc: ../tests1/arwen-array-of-structs.ll:36:15: error: expected '=' after instruction name
  %s15ptrarray%struct.even_odd_structzz = alloca [0 x %struct.even_odd_struct ]*
              ^
invocation of llc -march=x86-64 failed
couldn't move ../tests1/arwen-array-of-structs.s
Correct result
-- PASS ../tests1/ankylosaurus-return10.l4 --
gcc: error: ../log/tests1/arwen-array-of-structs-l4.s: No such file or directory
-- Testing file ../tests1/beorn-yolo-swag.l4 --
Compilation unexpectedly failed on ../tests1/arwen-color-graph.l4.
-- FAIL ../tests1/arwen-color-graph.l4 --
-- Testing file ../tests1/bergil-crazy-typedefs.l4 --
c0c: Missing findTemps case:%Hi32* %s2ptri32z = xor i32 %s5i32, %s6i32
llc: ../tests1/arwen-cycle-test.ll:22:29: error: pointers to void are invalid; use i8* instead
  %s15ptrvoidz = alloca void*
                            ^
invocation of llc -march=x86-64 failed
couldn't move ../tests1/arwen-cycle-test.s
Compilation unexpectedly failed on ../tests1/arwen-eval-order.l4.
-- FAIL ../tests1/arwen-eval-order.l4 --
gcc: error: ../log/tests1/arwen-cycle-test-l4.s: No such file or directory
-- Testing file ../tests1/bergil-dereference.l4 --
llc: ../tests1/arwen-nested-structs.ll:64:21: error: '%r27ptrstructbzz' defined with type '{ i32, { i1 }, i1, { i1 } }*'
  %r28i1 = load i1* %r27ptrstructbzz
                    ^
invocation of llc -march=x86-64 failed
couldn't move ../tests1/arwen-nested-structs.s
Compilation unexpectedly failed on ../tests1/barium-aliasing.l4.
-- FAIL ../tests1/barium-aliasing.l4 --
gcc: error: ../log/tests1/arwen-nested-structs-l4.s: No such file or directory
-- Testing file ../tests1/bergil-dp.l4 --
Compilation unexpectedly failed on ../tests1/arkansas-return08.l4.
-- FAIL ../tests1/arkansas-return08.l4 --
-- Testing file ../tests1/bergil-matrix.l4 --
Compilation unexpectedly failed on ../tests1/barium-aliasing2.l4.
-- FAIL ../tests1/barium-aliasing2.l4 --
-- Testing file ../tests1/bergil-so-ambiguous.l4 --
c0c: Missing findTemps case:%Hi32* %s5ptri32z = add i32 %s8i32, %s9i32
llc: ../tests1/barium-arrayarraystress.ll:33:15: error: expected '=' after instruction name
  %s10ptrarray%struct.arrayzStruct_i32zz = alloca [0 x %struct.arrayzStruct_i32 ]*
              ^
invocation of llc -march=x86-64 failed
couldn't move ../tests1/barium-arrayarraystress.s
llc: ../tests1/barium-nain-nain-nain-nain.ll:32:23: error: '%r17ptrstructmainzz' defined with type '{ i32 }*'
  %r18i32 = load i32* %r17ptrstructmainzz
 g                    ^
invocation of llc -march=x86-64 failed
couldn't move ../tests1/barium-nain-nain-nain-nain.s
gcc: error: ../log/tests1/barium-nain-nain-nain-nain-l4.s: No such file or directory
llc: ../tests1/barium-other-struct-in-struct.ll:47:13: error: '%r14i32' defined with type 'i32*'
  store i32 %r14i32, i32* %s1i32
            ^
invocation of llc -march=x86-64 failed
couldn't move ../tests1/barium-other-struct-in-struct.s
gcc: error: ../log/tests1/barium-other-struct-in-struct-l4.s: No such file or directory
llc: ../tests1/barium-auto-cannibal-allocator.ll:3024:43: error: '%r13ptrstructeatzz' defined with type '{ \2 }*'
  %r14ptrstructeatzz = load %struct.eat** %r13ptrstructeatzz
                                          ^
invocation of llc -march=x86-64 failed
couldn't move ../tests1/barium-auto-cannibal-allocator.s
gcc: error: ../log/tests1/barium-auto-cannibal-allocator-l4.s: No such file or directory
llc: ../tests1/barium-padding-magic.ll:42:14: error: '%r14ptri32z' defined with type 'i32**'
  store i32* %r14ptri32z, i32** %s1ptri32z
             ^
invocation of llc -march=x86-64 failed
couldn't move ../tests1/barium-padding-magic.s
gcc: error: ../log/tests1/barium-padding-magic-l4.s: No such file or directory
llc: ../tests1/barium-qsort.ll:99:14: error: '%r45ptri32z' defined with type 'i32**'
  store i32* %r45ptri32z, i32** %s11ptri32z
             ^
invocation of llc -march=x86-64 failed
couldn't move ../tests1/barium-qsort.s
gcc: error: ../log/tests1/barium-qsort-l4.s: No such file or directory
llc: ../tests1/barium-saxpy-twist.ll:109:14: error: '%r45ptri32z' defined with type 'i32**'
  store i32* %r45ptri32z, i32** %s13ptri32z
             ^
invocation of llc -march=x86-64 failed
couldn't move ../tests1/barium-saxpy-twist.s
Compilation unexpectedly failed on ../tests1/arsenic-bubble.l4.
-- FAIL ../tests1/arsenic-bubble.l4 --
gcc: error: ../log/tests1/barium-saxpy-twist-l4.s: No such file or directory
-- Testing file ../tests1/bergil-tree-fun.l4 --
llc: ../tests1/barium-saxpy.ll:102:14: error: '%r45ptri32z' defined with type 'i32**'
  store i32* %r45ptri32z, i32** %s12ptri32z
             ^
invocation of llc -march=x86-64 failed
couldn't move ../tests1/barium-saxpy.s
Compilation unexpectedly failed on ../tests1/arsenic-point.l4.
-- FAIL ../tests1/arsenic-point.l4 --
gcc: error: ../log/tests1/barium-saxpy-l4.s: No such file or directory
-- Testing file ../tests1/beryllium-arrayassign.l4 --
Compilation unexpectedly failed on ../tests1/barium-uba-heap.l4.
-- FAIL ../tests1/barium-uba-heap.l4 --
-- Testing file ../tests1/beryllium-arraysize.l4 --
llc: ../tests1/beorn-crappy-md5-implementation.ll:96:14: error: '%r41ptri32z' defined with type 'i32**'
  store i32* %r41ptri32z, i32** %s9ptri32z
             ^
invocation of llc -march=x86-64 failed
couldn't move ../tests1/beorn-crappy-md5-implementation.s
Compilation unexpectedly failed on ../tests1/beorn-enjoys-a-good-bubble-bath-from-time-to-time.l4.
-- FAIL ../tests1/beorn-enjoys-a-good-bubble-bath-from-time-to-time.l4 --
c0c: Missing findTemps case:%Hi32* %s2ptri32z = add i32 %s5i32, %s6i32
gcc: error: ../log/tests1/beorn-crappy-md5-implementation-l4.s: No such file or directory
-- Testing file ../tests1/beryllium-knuth.l4 --
llc: ../tests1/beorn-heh-trees.ll:165:28: error: pointers to void are invalid; use i8* instead
  %s3ptrvoidz = alloca void*
                           ^
invocation of llc -march=x86-64 failed
couldn't move ../tests1/beorn-heh-trees.s
Compilation unexpectedly failed on ../tests1/arsenic-pointers.l4.
-- FAIL ../tests1/arsenic-pointers.l4 --
-- Testing file ../tests1/beryllium-namestruct.l4 --
gcc: error: ../log/tests1/beorn-heh-trees-l4.s: No such file or directory
Compilation unexpectedly failed on ../tests1/arsenic-struct_implicit.l4.
-- FAIL ../tests1/arsenic-struct_implicit.l4 --
-- Testing file ../tests1/beryllium-nat.l4 --
Compilation unexpectedly failed on ../tests1/arsenic-struct_link.l4.
-- FAIL ../tests1/arsenic-struct_link.l4 --
-- Testing file ../tests1/beryllium-oddssquares.l4 --
Compilation unexpectedly failed on ../tests1/arsenic-structs01.l4.
-- FAIL ../tests1/arsenic-structs01.l4 --
-- Testing file ../tests1/beryllium-stirling.l4 --
Compilation unexpectedly failed on ../tests1/arsenic-structs02.l4.
-- FAIL ../tests1/arsenic-structs02.l4 --
-- Testing file ../tests1/beryllium-superfunction.l4 --
Compilation unexpectedly failed on ../tests1/arsenic-sum.l4.
-- FAIL ../tests1/arsenic-sum.l4 --
-- Testing file ../tests1/beryllium-totient.l4 --
llc: ../tests1/beorn-thinks-hoffman-would-be-proud.ll:146:22: error: invalid forward reference to function '_c0_sum_list' with wrong type!
  %r89i32 = call i32 @_c0_sum_list(%struct.node* %r90ptrstructnodezz)
                     ^
invocation of llc -march=x86-64 failed
couldn't move ../tests1/beorn-thinks-hoffman-would-be-proud.s
Compilation unexpectedly failed on ../tests1/arwen-array-of-structs.l4.
-- FAIL ../tests1/arwen-array-of-structs.l4 --
gcc: error: ../log/tests1/beorn-thinks-hoffman-would-be-proud-l4.s: No such file or directory
-- Testing file ../tests1/bigstruct.l4 --
Compilation unexpectedly failed on ../tests1/beorn-yolo-swag.l4.
-- FAIL ../tests1/beorn-yolo-swag.l4 --
-- Testing file ../tests1/bismuth-allignment.l4 --
Warning: should not be looking up raw struct instead of struct*%struct.allign
Warning: should not be looking up raw struct instead of struct*%struct.allign
Compilation unexpectedly failed on ../tests1/arwen-cycle-test.l4.
-- FAIL ../tests1/arwen-cycle-test.l4 --
-- Testing file ../tests1/bismuth-ambiguous.l4 --
llc: ../tests1/bergil-dereference.ll:132:33: error: invalid operand type for instruction
  %r83ptrptrptrptri32zzzz = mul i32**** %r81ptrptrptrptri32zzzz, %r82ptrptrptrptri32zzzz
                                ^
invocation of llc -march=x86-64 failed
couldn't move ../tests1/bergil-dereference.s
Warning: should not be looking up raw struct instead of struct*%struct.s
Warning: should not be looking up raw struct instead of struct*%struct.s
Compilation unexpectedly failed on ../tests1/arwen-nested-structs.l4.
-- FAIL ../tests1/arwen-nested-structs.l4 --
-- Testing file ../tests1/bismuth-array_init.l4 --
Compilation unexpectedly failed on ../tests1/bergil-dp.l4.
-- FAIL ../tests1/bergil-dp.l4 --
gcc: error: ../log/tests1/bergil-dereference-l4.s: No such file or directory
-- Testing file ../tests1/bismuth-buggymerge.l4 --
llc: ../tests1/bergil-matrix.ll:35:15: error: expected '=' after instruction name
  %s12ptrarray%struct.arrayzStruct_i32zz = alloca [0 x %struct.arrayzStruct_i32 ]*
              ^
invocation of llc -march=x86-64 failed
couldn't move ../tests1/bergil-matrix.s
Correct result
-- PASS ../tests1/arkansas-return09.l4 --
gcc: error: ../log/tests1/bergil-matrix-l4.s: No such file or directory
-- Testing file ../tests1/bismuth-carm_slow.l4 --
llc: ../tests1/bergil-so-ambiguous.ll:65:30: error: '%r38ptri32z' defined with type 'i32*'
  %r39i32 = add i32 %r37i32, %r38ptri32z
                             ^
invocation of llc -march=x86-64 failed
couldn't move ../tests1/bergil-so-ambiguous.s
Compilation unexpectedly failed on ../tests1/barium-arrayarraystress.l4.
-- FAIL ../tests1/barium-arrayarraystress.l4 --
gcc: error: ../log/tests1/bergil-so-ambiguous-l4.s: No such file or directory
-- Testing file ../tests1/bismuth-carmichael.l4 --
Compilation unexpectedly failed on ../tests1/barium-nain-nain-nain-nain.l4.
-- FAIL ../tests1/barium-nain-nain-nain-nain.l4 --
-- Testing file ../tests1/bismuth-legal_struct.l4 --
Correct result
-- PASS ../tests1/arkansas-return10.l4 --
-- Testing file ../tests1/bismuth-linkedlist.l4 --
Compilation unexpectedly failed on ../tests1/barium-other-struct-in-struct.l4.
-- FAIL ../tests1/barium-other-struct-in-struct.l4 --
-- Testing file ../tests1/bismuth-pi.l4 --
Compilation unexpectedly failed on ../tests1/barium-auto-cannibal-allocator.l4.
-- FAIL ../tests1/barium-auto-cannibal-allocator.l4 --
-- Testing file ../tests1/bismuth-pointer_fun.l4 --
Compilation unexpectedly failed on ../tests1/barium-padding-magic.l4.
-- FAIL ../tests1/barium-padding-magic.l4 --
-- Testing file ../tests1/bismuth-struct_init.l4 --
Compilation unexpectedly failed on ../tests1/barium-qsort.l4.
-- FAIL ../tests1/barium-qsort.l4 --
-- Testing file ../tests1/bool.l4 --
Compilation unexpectedly failed on ../tests1/barium-saxpy-twist.l4.
-- FAIL ../tests1/barium-saxpy-twist.l4 --
-- Testing file ../tests1/brachiosaurus-array-alloc.l4 --
llc: ../tests1/bergil-tree-fun.ll:10:28: error: pointers to void are invalid; use i8* instead
  %s4ptrvoidz = alloca void*
                           ^
invocation of llc -march=x86-64 failed
couldn't move ../tests1/bergil-tree-fun.s
Compilation unexpectedly failed on ../tests1/barium-saxpy.l4.
-- FAIL ../tests1/barium-saxpy.l4 --
gcc: error: ../log/tests1/bergil-tree-fun-l4.s: No such file or directory
-- Testing file ../tests1/brachiosaurus-array-of-strux.l4 --
llc: ../tests1/beryllium-arrayassign.ll:84:14: error: '%r41ptri32z' defined with type 'i32**'
  store i32* %r41ptri32z, i32** %s9ptri32z
             ^
invocation of llc -march=x86-64 failed
couldn't move ../tests1/beryllium-arrayassign.s
Compilation unexpectedly failed on ../tests1/beryllium-arraysize.l4.
-- FAIL ../tests1/beryllium-arraysize.l4 --
Warning: should not be looking up raw struct instead of struct*%struct.foo
Warning: should not be looking up raw struct instead of struct*%struct.foo
Warning: should not be looking up raw struct instead of struct*%struct.foo
Warning: should not be looking up raw struct instead of struct*%struct.foo
Warning: should not be looking up raw struct instead of struct*%struct.foo
Warning: should not be looking up raw struct instead of struct*%struct.foo
Warning: should not be looking up raw struct instead of struct*%struct.foo
gcc: error: ../log/tests1/beryllium-arrayassign-l4.s: No such file or directory
-- Testing file ../tests1/brachiosaurus-cant-swap.l4 --
Compilation unexpectedly failed on ../tests1/beorn-crappy-md5-implementation.l4.
-- FAIL ../tests1/beorn-crappy-md5-implementation.l4 --
-- Testing file ../tests1/brachiosaurus-mult.l4 --
c0c: Missing findTemps case:%Hi32* %s2ptri32z = add i32 %s22i32, %s23i32
Compilation unexpectedly failed on ../tests1/beorn-heh-trees.l4.
-- FAIL ../tests1/beorn-heh-trees.l4 --
-- Testing file ../tests1/brachiosaurus-null-little-little-test.l4 --
llc: ../tests1/beryllium-namestruct.ll:30:13: error: '%r14i32' defined with type 'i32*'
  store i32 %r14i32, i32* %s2i32
            ^
invocation of llc -march=x86-64 failed
couldn't move ../tests1/beryllium-namestruct.s
gcc: error: ../log/tests1/beryllium-namestruct-l4.s: No such file or directory
Compilation unexpectedly failed on ../tests1/beorn-thinks-hoffman-would-be-proud.l4.
-- FAIL ../tests1/beorn-thinks-hoffman-would-be-proud.l4 --
-- Testing file ../tests1/brachiosaurus-operand-size.l4 --
llc: ../tests1/bigstruct.ll:51:13: error: '%r26i32' defined with type 'i32*'
  store i32 %r26i32, i32* %s3i32
            ^
invocation of llc -march=x86-64 failed
couldn't move ../tests1/bigstruct.s
gcc: error: ../log/tests1/bigstruct-l4.s: No such file or directory
llc: ../tests1/bismuth-allignment.ll:33:15: error: expected '=' after instruction name
  %s11ptrarray%struct.allignzz = alloca [0 x %struct.allign ]*
              ^
invocation of llc -march=x86-64 failed
couldn't move ../tests1/bismuth-allignment.s
gcc: error: ../log/tests1/bismuth-allignment-l4.s: No such file or directory
llc: ../tests1/bismuth-ambiguous.ll:24:14: error: expected '=' after instruction name
  %s8ptrarray%struct.szz = alloca [0 x %struct.s ]*
             ^
invocation of llc -march=x86-64 failed
couldn't move ../tests1/bismuth-ambiguous.s
Compilation unexpectedly failed on ../tests1/bergil-dereference.l4.
-- FAIL ../tests1/bergil-dereference.l4 --
gcc: error: ../log/tests1/bismuth-ambiguous-l4.s: No such file or directory
-- Testing file ../tests1/brachiosaurus-operand-size2.l4 --
llc: ../tests1/bismuth-array_init.ll:77:14: error: '%r41ptri32z' defined with type 'i32**'
  store i32* %r41ptri32z, i32** %s8ptri32z
             ^
invocation of llc -march=x86-64 failed
couldn't move ../tests1/bismuth-array_init.s
llcgcc: error: ../log/tests1/bismuth-array_init-l4.s: No such file or directory
../tests1/bismuth-buggymerge.ll:87:14: error: '%r41ptri32z' defined with type 'i32**'
  store i32* %r41ptri32z, i32** %s12ptri32z
             ^
invocation of llc -march=x86-64 failed
couldn't move ../tests1/bismuth-buggymerge.s
Compilation unexpectedly failed on ../tests1/bergil-matrix.l4.
-- FAIL ../tests1/bergil-matrix.l4 --
-- Testing file ../tests1/brachiosaurus-ptr-compare2.l4 --
llc: ../tests1/bismuth-carm_slow.ll:20:30: error: base of getelementptr must be a pointer
  %r9ptri32z = getelementptr %struct.arrayzStruct_i32 %r7structarrayzStruct_i32z, i32 0, i32 0
                             ^
invocation of llc -march=x86-64 failed
couldn't move ../tests1/bismuth-carm_slow.s
gcc: error: ../log/tests1/bismuth-buggymerge-l4.s: No such file or directory
Compilation unexpectedly failed on ../tests1/bergil-so-ambiguous.l4.
-- FAIL ../tests1/bergil-so-ambiguous.l4 --
gcc: error: ../log/tests1/bismuth-carm_slow-l4.s: No such file or directory
-- Testing file ../tests1/brachiosaurus-stress-deref.l4 --
llc: ../tests1/bismuth-carmichael.ll:20:30: error: base of getelementptr must be a pointer
  %r9ptri32z = getelementptr %struct.arrayzStruct_i32 %r7structarrayzStruct_i32z, i32 0, i32 0
                             ^
invocation of llc -march=x86-64 failed
couldn't move ../tests1/bismuth-carmichael.s
gcc: error: ../log/tests1/bismuth-carmichael-l4.s: No such file or directory
llc: ../tests1/bismuth-linkedlist.ll:11:28: error: pointers to void are invalid; use i8* instead
  %s5ptrvoidz = alloca void*
                           ^
invocation of llc -march=x86-64 failed
couldn't move ../tests1/bismuth-linkedlist.s
gcc: error: ../log/tests1/bismuth-linkedlist-l4.s: No such file or directory
llc: ../tests1/bismuth-pointer_fun.ll:55:14: error: '%r28ptri32z' defined with type 'i32**'
  store i32* %r28ptri32z, i32** %s2ptri32z
             ^
invocation of llc -march=x86-64 failed
couldn't move ../tests1/bismuth-pointer_fun.s
gcc: error: ../log/tests1/bismuth-pointer_fun-l4.s: No such file or directory
llc: ../tests1/bismuth-struct_init.ll:32:23: error: '%r17ptrstructszz' defined with type '{ i32 }*'
  %r18i32 = load i32* %r17ptrstructszz
                      ^
invocation of llc -march=x86-64 failed
couldn't move ../tests1/bismuth-struct_init.s
gcc: error: ../log/tests1/bismuth-struct_init-l4.s: No such file or directory
llc: ../tests1/brachiosaurus-array-alloc.ll:80:14: error: '%r41ptri32z' defined with type 'i32**'
  store i32* %r41ptri32z, i32** %s8ptri32z
             ^
invocation of llc -march=x86-64 failed
couldn't move ../tests1/brachiosaurus-array-alloc.s
Compilation unexpectedly failed on ../tests1/bergil-tree-fun.l4.
-- FAIL ../tests1/bergil-tree-fun.l4 --
gcc: error: ../log/tests1/brachiosaurus-array-alloc-l4.s: No such file or directory
-- Testing file ../tests1/brachiosaurus-struct-alloc.l4 --
llc: ../tests1/brachiosaurus-array-of-strux.ll:40:15: error: expected '=' after instruction name
  %s11ptrarray%struct.foozz = alloca [0 x %struct.foo ]*
              ^
invocation of llc -march=x86-64 failed
couldn't move ../tests1/brachiosaurus-array-of-strux.s
Compilation unexpectedly failed on ../tests1/beryllium-arrayassign.l4.
-- FAIL ../tests1/beryllium-arrayassign.l4 --
gcc: error: ../log/tests1/brachiosaurus-array-of-strux-l4.s: No such file or directory
-- Testing file ../tests1/brachiosaurus-struct-little-test.l4 --
Compilation unexpectedly failed on ../tests1/brachiosaurus-cant-swap.l4.
-- FAIL ../tests1/brachiosaurus-cant-swap.l4 --
-- Testing file ../tests1/brachiosaurus-struct-pointer.l4 --
llc: ../tests1/brachiosaurus-mult.ll:149:22: error: invalid operand type for instruction
  %r101ptri32z = mul i32* %r99ptri32z, %r100ptri32z
                     ^
invocation of llc -march=x86-64 failed
couldn't move ../tests1/brachiosaurus-mult.s
llc: ../tests1/brachiosaurus-null-little-little-test.ll:7:28: error: pointers to void are invalid; use i8* instead
  %s3ptrvoidz = alloca void*
                           ^
invocation of llc -march=x86-64 failed
couldn't move ../tests1/brachiosaurus-null-little-little-test.s
Compilation unexpectedly failed on ../tests1/beryllium-namestruct.l4.
-- FAIL ../tests1/beryllium-namestruct.l4 --
gcc: error: ../log/tests1/brachiosaurus-mult-l4.s: No such file or directory
-- Testing file ../tests1/brachiosaurus-struct-stress1.l4 --
gcc: error: ../log/tests1/brachiosaurus-null-little-little-test-l4.s: No such file or directory
llc: ../tests1/brachiosaurus-operand-size.ll:29:13: error: '%r14i32' defined with type 'i32*'
  store i32 %r14i32, i32* %s1i32
            ^
invocation of llc -march=x86-64 failed
couldn't move ../tests1/brachiosaurus-operand-size.s
Compilation unexpectedly failed on ../tests1/bigstruct.l4.
-- FAIL ../tests1/bigstruct.l4 --
gcc: error: ../log/tests1/brachiosaurus-operand-size-l4.s: No such file or directory
-- Testing file ../tests1/brachiosaurus-struct-stress2.l4 --
Compilation unexpectedly failed on ../tests1/bismuth-allignment.l4.
-- FAIL ../tests1/bismuth-allignment.l4 --
-- Testing file ../tests1/brachiosaurus-twiddle-stress.l4 --
Correct result
-- PASS ../tests1/bergil-crazy-typedefs.l4 --
-- Testing file ../tests1/brachiosaurus-type.l4 --
Compilation unexpectedly failed on ../tests1/bismuth-ambiguous.l4.
-- FAIL ../tests1/bismuth-ambiguous.l4 --
-- Testing file ../tests1/brachiosaurus-type2.l4 --
llc: ../tests1/brachiosaurus-operand-size2.ll:29:14: error: '%r14ptri32z' defined with type 'i32**'
  store i32* %r14ptri32z, i32** %s1ptri32z
             ^
invocation of llc -march=x86-64 failed
couldn't move ../tests1/brachiosaurus-operand-size2.s
Compilation unexpectedly failed on ../tests1/bismuth-array_init.l4.
-- FAIL ../tests1/bismuth-array_init.l4 --
gcc: error: ../log/tests1/brachiosaurus-operand-size2-l4.s: No such file or directory
-- Testing file ../tests1/brachiosaurus-type3.l4 --
Compilation unexpectedly failed on ../tests1/bismuth-buggymerge.l4.
-- FAIL ../tests1/bismuth-buggymerge.l4 --
-- Testing file ../tests1/brachiosaurus-type4.l4 --
llc: ../tests1/brachiosaurus-ptr-compare2.ll:79:27: error: use of undefined value '%r16ptri32z'
  store i32 %r15i32, i32* %r16ptri32z
                          ^
invocation of llc -march=x86-64 failed
couldn't move ../tests1/brachiosaurus-ptr-compare2.s
Compilation unexpectedly failed on ../tests1/bismuth-carm_slow.l4.
-- FAIL ../tests1/bismuth-carm_slow.l4 --
gcc: error: ../log/tests1/brachiosaurus-ptr-compare2-l4.s: No such file or directory
-- Testing file ../tests1/brachiosaurus-type5.l4 --
Compilation unexpectedly failed on ../tests1/bismuth-carmichael.l4.
-- FAIL ../tests1/bismuth-carmichael.l4 --
-- Testing file ../tests1/cadmium-hash-tbl.l4 --
Compilation unexpectedly failed on ../tests1/bismuth-linkedlist.l4.
-- FAIL ../tests1/bismuth-linkedlist.l4 --
-- Testing file ../tests1/cadmium-rbt.l4 --
Compilation unexpectedly failed on ../tests1/bismuth-pointer_fun.l4.
-- FAIL ../tests1/bismuth-pointer_fun.l4 --
-- Testing file ../tests1/cadmium-return01.l4 --
Compilation unexpectedly failed on ../tests1/bismuth-struct_init.l4.
-- FAIL ../tests1/bismuth-struct_init.l4 --
-- Testing file ../tests1/cadmium-return02.l4 --
Compilation unexpectedly failed on ../tests1/brachiosaurus-array-alloc.l4.
-- FAIL ../tests1/brachiosaurus-array-alloc.l4 --
-- Testing file ../tests1/cadmium-return03.l4 --
llc: ../tests1/brachiosaurus-struct-alloc.ll:35:23: error: '%r17ptrstructazz' defined with type '{ i32 }*'
  %r18i32 = load i32* %r17ptrstructazz
                      ^
invocation of llc -march=x86-64 failed
couldn't move ../tests1/brachiosaurus-struct-alloc.s
Compilation unexpectedly failed on ../tests1/brachiosaurus-array-of-strux.l4.
-- FAIL ../tests1/brachiosaurus-array-of-strux.l4 --
gcc: error: ../log/tests1/brachiosaurus-struct-alloc-l4.s: No such file or directory
-- Testing file ../tests1/cadmium-return04.l4 --
llc: ../tests1/brachiosaurus-struct-little-test.ll:13:28: error: pointers to void are invalid; use i8* instead
  %s2ptrvoidz = alloca void*
                           ^
invocation of llc -march=x86-64 failed
couldn't move ../tests1/brachiosaurus-struct-little-test.s
gcc: error: ../log/tests1/brachiosaurus-struct-little-test-l4.s: No such file or directory
Compilation unexpectedly failed on ../tests1/brachiosaurus-mult.l4.
-- FAIL ../tests1/brachiosaurus-mult.l4 --
-- Testing file ../tests1/cadmium-return05.l4 --
Execution of binary unexpectedly failed with exception 11.
-- FAIL ../tests1/beryllium-knuth.l4 --
-- Testing file ../tests1/cadmium-return06.l4 --
Compilation unexpectedly failed on ../tests1/brachiosaurus-null-little-little-test.l4.
-- FAIL ../tests1/brachiosaurus-null-little-little-test.l4 --
-- Testing file ../tests1/cadmium-return07.l4 --
Result '0' differs from expected answer '55'.
-- FAIL ../tests1/beryllium-nat.l4 --
-- Testing file ../tests1/cadmium-return08.l4 --
Correct result
-- PASS ../tests1/beryllium-oddssquares.l4 --
-- Testing file ../tests1/cadmium-return09.l4 --
c0c: A type was mismatched in codeGen when dereferencing i32 %s3i32 of type i32
c0c: A type was mismatched in codeGen when dereferencing i32 %s1i32 of type i32
Correct result
-- PASS ../tests1/beryllium-stirling.l4 --
-- Testing file ../tests1/caesium-return01.l4 --
Result '55' differs from expected answer '59'.
-- FAIL ../tests1/beryllium-superfunction.l4 --
-- Testing file ../tests1/caesium-return02.l4 --
Correct result
-- PASS ../tests1/beryllium-totient.l4 --
-- Testing file ../tests1/caesium-return03.l4 --
Compilation unexpectedly failed on ../tests1/brachiosaurus-operand-size.l4.
-- FAIL ../tests1/brachiosaurus-operand-size.l4 --
-- Testing file ../tests1/caesium-return04.l4 --
Compilation unexpectedly failed on ../tests1/brachiosaurus-operand-size2.l4.
-- FAIL ../tests1/brachiosaurus-operand-size2.l4 --
-- Testing file ../tests1/caesium-return05.l4 --
llc: ../tests1/brachiosaurus-type4.ll:97:30: error: '%r59ptrptrptri32zzz' defined with type 'i32***'
  %r60i32 = mul i32 %r58i32, %r59ptrptrptri32zzz
                             ^
invocation of llc -march=x86-64 failed
couldn't move ../tests1/brachiosaurus-type4.s
Compilation unexpectedly failed on ../tests1/brachiosaurus-ptr-compare2.l4.
-- FAIL ../tests1/brachiosaurus-ptr-compare2.l4 --
gcc: error: ../log/tests1/brachiosaurus-type4-l4.s: No such file or directory
-- Testing file ../tests1/caesium-return06.l4 --
llc: ../tests1/brachiosaurus-type5.ll:97:30: error: '%r59ptrptrptri32zzz' defined with type 'i32***'
  %r60i32 = mul i32 %r58i32, %r59ptrptrptri32zzz
                             ^
invocation of llc -march=x86-64 failed
couldn't move ../tests1/brachiosaurus-type5.s
llc: ../tests1/cadmium-hash-tbl.ll:189:23: error: '%r111ptri1z' defined with type 'i1*'
  %r112i1 = sub i1 1, %r111ptri1z
                      gcc: error: ../log/tests1/brachiosaurus-type5-l4.s: No such file or directory
gcc: error: ../log/tests1/cadmium-hash-tbl-l4.s: No such file or directory
-- Testing file ../tests1/caesium-return07.l4 --
llc: ../tests1/cadmium-rbt.ll:51:13: error: invalid forward reference to function '_c0_rbt_verify' with wrong type!
  call void @_c0_rbt_verify(i32 %r25i32, %struct.bst* %r26ptrstructbstzz)
            ^
invocation of llc -march=x86-64 failed
couldn't move ../tests1/cadmium-rbt.s
Correct result
-- PASS ../tests1/bismuth-pi.l4 --
gcc: error: ../log/tests1/cadmium-rbt-l4.s: No such file or directory
-- Testing file ../tests1/caesium-return08.l4 --
llc: ../tests1/cadmium-return01.ll:31:27: error: use of undefined value '%r15ptri32z'
  store i32 %r14i32, i32* %r15ptri32z
                          ^
invocation of llc -march=x86-64 failed
couldn't move ../tests1/cadmium-return01.s
llc: ../tests1/cadmium-return02.ll:44:22: error: invalid forward reference to function '_c0_dot' with wrong type!
  %r26i32 = call i32 @_c0_dot(%struct.vector* %r27ptrstructvectorzz, %struct.vector* %r28ptrstructvectorzz)
                     ^
invocation of llc -march=x86-64 failed
couldn't move ../tests1/cadmium-return02.s
Result '0' differs from expected answer '1'.
-- FAIL ../tests1/bool.l4 --
gcc: error: ../log/tests1/cadmium-return01-l4.s: No such file or directory
gcc: error: ../log/tests1/cadmium-return02-l4.s: No such file or directory
-- Testing file ../tests1/calcium-defined-struct-return.l4 --
llc: ../tests1/cadmium-return03.ll:85:14: error: '%r45ptri32z' defined with type 'i32**'
  store i32* %r45ptri32z, i32** %s9ptri32z
             ^
invocation of llc -march=x86-64 failed
couldn't move ../tests1/cadmium-return03.s
Compilation unexpectedly failed on ../tests1/brachiosaurus-struct-alloc.l4.
-- FAIL ../tests1/brachiosaurus-struct-alloc.l4 --
gcc: error: ../log/tests1/cadmium-return03-l4.s: No such file or directory
-- Testing file ../tests1/calcium-empty-struct-return.l4 --
llc: ../tests1/cadmium-return04.ll:27:17: error: expected '=' after instruction name
  %s9ptrarrayi32*zz = alloca [0 x i32* ]*
                ^
invocation of llc -march=x86-64 failed
couldn't move ../tests1/cadmium-return04.s
Compilation unexpectedly failed on ../tests1/brachiosaurus-struct-little-test.l4.
-- FAIL ../tests1/brachiosaurus-struct-little-test.l4 --
gcc: error: ../log/tests1/cadmium-return04-l4.s: No such file or directory
-- Testing file ../tests1/calcium-multiple-struct-decl-return.l4 --
llc: ../tests1/cadmium-return05.ll:38:13: error: '%r19i32' defined with type 'i32*'
  store i32 %r19i32, i32* %s1i32
            ^
invocation of llc -march=x86-64 failed
couldn't move ../tests1/cadmium-return05.s
gcc: error: ../log/tests1/cadmium-return05-l4.s: No such file or directory
llc: ../tests1/cadmium-return06.ll:21:17: error: expected '=' after instruction name
  %s7ptrarrayi32*zz = alloca [0 x i32* ]*
                ^
invocation of llc -march=x86-64 failed
couldn't move ../tests1/cadmium-return06.s
Compilation unexpectedly failed on ../tests1/cadmium-return07.l4.
-- FAIL ../tests1/cadmium-return07.l4 --
gcc: error: ../log/tests1/cadmium-return06-l4.s: No such file or directory
-- Testing file ../tests1/calcium-pluseq-return.l4 --
Compilation unexpectedly failed on ../tests1/cadmium-return08.l4.
-- FAIL ../tests1/cadmium-return08.l4 --
-- Testing file ../tests1/calcium-ptrs-return.l4 --
c0c: Missing findTemps case:%Hi32* %s1ptri32z = add i32 %s4i32, %s5i32
llc: ../tests1/cadmium-return09.ll:118:28: error: '%r64ptrstructlist_nodezz' defined with type '{ i32, \2 }**'
  store %struct.list_node* %r64ptrstructlist_nodezz, %struct.list_node** %s5ptrstructlist_nodezz
                           ^
invocation of llc -march=x86-64 failed
couldn't move ../tests1/cadmium-return09.s
gcc: error: ../log/tests1/cadmium-return09-l4.s: No such file or directory
llc: ../tests1/caesium-return01.ll:37:23: error: '%r17ptrstructszz' defined with type '{ i32, i32, i32 }*'
  %r18i32 = load i32* %r17ptrstructszz
                      ^
invocation of llc -march=x86-64 failed
couldn't move ../tests1/caesium-return01.s
gcc: error: ../log/tests1/caesium-return01-l4.s: No such file or directory
llc: ../tests1/caesium-return03.ll:82:14: error: '%r41ptri32z' defined with type 'i32**'
  store i32* %r41ptri32z, i32** %s9ptri32z
             ^
invocation of llc -march=x86-64 failed
couldn't move ../tests1/caesium-return03.s
gcc: error: ../log/tests1/caesium-return03-l4.s: No such file or directory
llc: ../tests1/caesium-return04.ll:51:34: error: '%r14structarrayzStruct_i32z' defined with type '{ i32, i32* }*'
  store %struct.arrayzStruct_i32 %r14structarrayzStruct_i32z, %struct.arrayzStruct_i32* %s1structarrayzStruct_i32z
                                 ^
invocation of llc -march=x86-64 failed
couldn't move ../tests1/caesium-return04.s
llc: ../tests1/caesium-return05.ll:91:24: error: '%r47ptrstructthreezz' defined with type '{ { { i32 }* }* }**'
  store %struct.three* %r47ptrstructthreezz, %struct.three** %s4ptrstructthreezz
                       ^
gcc: error: ../log/tests1/caesium-return04-l4.s: No such file or directory
invocation of llc -march=x86-64 failed
couldn't move ../tests1/caesium-return05.s
Compilation unexpectedly failed on ../tests1/brachiosaurus-type4.l4.
-- FAIL ../tests1/brachiosaurus-type4.l4 --
gcc: error: ../log/tests1/caesium-return05-l4.s: No such file or directory
-- Testing file ../tests1/calcium-struct-define-error.l4 --
llc: ../tests1/caesium-return06.ll:135:14: error: '%r41ptri32z' defined with type 'i32**'
  store i32* %r41ptri32z, i32** %s8ptri32z
             ^
invocation of llc -march=x86-64 failed
couldn't move ../tests1/caesium-return06.s
Compilation unexpectedly failed on ../tests1/brachiosaurus-type5.l4.
-- FAIL ../tests1/brachiosaurus-type5.l4 --
gcc: error: ../log/tests1/caesium-return06-l4.s: No such file or directory
-- Testing file ../tests1/calcium-struct-names-return.l4 --
Compilation unexpectedly failed on ../tests1/cadmium-hash-tbl.l4.
-- FAIL ../tests1/cadmium-hash-tbl.l4 --
-- Testing file ../tests1/calcium-struct-names-return2.l4 --
Compilation unexpectedly failed on ../tests1/cadmium-rbt.l4.
-- FAIL ../tests1/cadmium-rbt.l4 --
-- Testing file ../tests1/calcium-struct-names-return3.l4 --
llc: ../tests1/caesium-return08.ll:28:13: error: '%r14i32' defined with type 'i32*'
  store i32 %r14i32, i32* %s1i32
            ^
invocation of llc -march=x86-64 failed
couldn't move ../tests1/caesium-return08.s
Compilation unexpectedly failed on ../tests1/cadmium-return01.l4.
-- FAIL ../tests1/cadmium-return01.l4 --
gcc: error: ../log/tests1/caesium-return08-l4.s: No such file or directory
-- Testing file ../tests1/calcium-tort-n-hair-return.l4 --
Compilation unexpectedly failed on ../tests1/cadmium-return02.l4.
-- FAIL ../tests1/cadmium-return02.l4 --
-- Testing file ../tests1/california-return-badarray.l4 --
Compilation unexpectedly failed on ../tests1/cadmium-return03.l4.
-- FAIL ../tests1/cadmium-return03.l4 --
-- Testing file ../tests1/california-return-bigarrag.l4 --
Compilation unexpectedly failed on ../tests1/cadmium-return04.l4.
-- FAIL ../tests1/cadmium-return04.l4 --
-- Testing file ../tests1/california-return-binsearch.l4 --
Correct result
-- PASS ../tests1/brachiosaurus-struct-pointer.l4 --
-- Testing file ../tests1/california-return-cubes.l4 --
Compilation unexpectedly failed on ../tests1/cadmium-return05.l4.
-- FAIL ../tests1/cadmium-return05.l4 --
-- Testing file ../tests1/california-return-global.l4 --
Compilation unexpectedly failed on ../tests1/cadmium-return06.l4.
-- FAIL ../tests1/cadmium-return06.l4 --
-- Testing file ../tests1/california-return-inssort.l4 --
Compilation unexpectedly failed on ../tests1/calcium-pluseq-return.l4.
-- FAIL ../tests1/calcium-pluseq-return.l4 --
-- Testing file ../tests1/california-return-linsearch.l4 --
llc: ../tests1/calcium-ptrs-return.ll:230:100: error: use of undefined value '%r147ptrptrptrptrptrptrptrptrptrptrptrptrptri32zzzzzzzzzzzzz'
  store i32************ %r146ptrptrptrptrptrptrptrptrptrptrptrptri32zzzzzzzzzzzz, i32************* %r147ptrptrptrptrptrptrptrptrptrptrptrptrptri32zzzzzzzzzzzzz
                                                                                                   ^
invocation of llc -march=x86-64 failed
couldn't move ../tests1/calcium-ptrs-return.s
Compilation unexpectedly failed on ../tests1/cadmium-return09.l4.
-- FAIL ../tests1/cadmium-return09.l4 --
gcc: error: ../log/tests1/calcium-ptrs-return-l4.s: No such file or directory
-- Testing file ../tests1/california-return-stack.l4 --
Correct result
-- PASS ../tests1/brachiosaurus-struct-stress1.l4 --
-- Testing file ../tests1/california-return-structinstruct.l4 --
Compilation unexpectedly failed on ../tests1/caesium-return01.l4.
-- FAIL ../tests1/caesium-return01.l4 --
-- Testing file ../tests1/california-return-structname.l4 --
Compilation unexpectedly failed on ../tests1/caesium-return03.l4.
-- FAIL ../tests1/caesium-return03.l4 --
c0c: A type was mismatched in codeGen when dereferencing i32 %s2i32 of type i32
-- Testing file ../tests1/california-return-uba.l4 --
Compilation unexpectedly failed on ../tests1/caesium-return04.l4.
-- FAIL ../tests1/caesium-return04.l4 --
-- Testing file ../tests1/chromium-bin-search.l4 --
Correct result
-- PASS ../tests1/brachiosaurus-struct-stress2.l4 --
-- Testing file ../tests1/chromium-checks.l4 --
Correct result
-- PASS ../tests1/brachiosaurus-type.l4 --
c0c: A type was mismatched in codeGen when dereferencing i32 %s2i32 of type i32
-- Testing file ../tests1/chromium-copy-array.l4 --
Correct result
-- PASS ../tests1/brachiosaurus-type2.l4 --
-- Testing file ../tests1/chromium-dummy-points.l4 --
Compilation unexpectedly failed on ../tests1/caesium-return05.l4.
-- FAIL ../tests1/caesium-return05.l4 --
-- Testing file ../tests1/chromium-max-stacks.l4 --
Correct result
-- PASS ../tests1/brachiosaurus-type3.l4 --
-- Testing file ../tests1/chromium-people-struct.l4 --
Compilation unexpectedly failed on ../tests1/caesium-return06.l4.
-- FAIL ../tests1/caesium-return06.l4 --
-- Testing file ../tests1/chromium-return01.l4 --
llc: ../tests1/calcium-struct-names-return3.ll:7:28: error: pointers to void are invalid; use i8* instead
  %s2ptrvoidz = alloca void*
                           ^
invocation of llc -march=x86-64 failed
couldn't move ../tests1/calcium-struct-names-return3.s
Compilation unexpectedly failed on ../tests1/caesium-return08.l4.
-- FAIL ../tests1/caesium-return08.l4 --
-- Testing file ../tests1/chromium-return02.l4 --
gcc: error: ../log/tests1/calcium-struct-names-return3-l4.s: No such file or directory
llc: ../tests1/calcium-tort-n-hair-return.ll:39:15: error: expected '=' after instruction name
  %s12ptrarray%struct.link*zz = alloca [0 x %struct.link* ]*
              ^
invocation of llc -march=x86-64 failed
couldn't move ../tests1/calcium-tort-n-hair-return.s
gcc: error: ../log/tests1/calcium-tort-n-hair-return-l4.s: No such file or directory
llc: ../tests1/california-return-badarray.ll:86:14: error: '%r45ptri32z' defined with type 'i32**'
  store i32* %r45ptri32z, i32** %s9ptri32z
             ^
invocation of llc -march=x86-64 failed
couldn't move ../tests1/california-return-badarray.s
llc: ../tests1/california-return-bigarrag.ll:82:gc: error: '%r41ptri32z' defined with type 'i32**'
  store i32* %r41ptri32z, i32** %s9ptri32z
             ^
invocation of llc -march=x86-64 failed
couldn't move ../tests1/california-return-bigarrag.s
llc: ../tests1/california-return-binsearch.ll:82:14: error: '%r41ptri32z' defined with type 'i32**'
  store i32* %r41ptri32z, i32** %s9ptri32z
             ^
invocation of llc -march=x86-64 failed
couldn't move ../tests1/california-return-binsearch.s
gcc: error: ../log/tests1/california-return-bigarrag-l4.s: No such file or directory
llc: ../tests1/california-return-cubes.ll:24:40: error: invalid cast opcode for cast from '{ i32, i32* }' to '{ i32, i32* }'
  %r6structarrayzStruct_i32z = bitcast %struct.arrayzStruct_i32 %r5structarrayzStruct_i32z to %struct.arrayzStruct_i32
 gcc: error: ../log/tests1/california-return-binsearch-l4.s: No such file or directory
                                     ^
invocation of llc -march=x86-64 failed
couldn't move ../tests1/california-return-cubes.s
gcc: error: ../log/tests1/california-return-cubes-l4.s: No such file or directory
llc: ../tests1/california-return-inssort.ll:82:14: error: '%r41ptri32z' defined with type 'i32**'
  store i32* %r41ptri32z, i32** %s9ptri32z
             ^
invocation of llc -march=x86-64 failed
couldn't move ../tests1/california-return-inssort.s
llc: ../tests1/california-return-linsearch.ll:82:14: error: '%r41ptri32z' defined with type 'i32**'
  store i32* %r41ptri32z, i32** %s9ptri32z
             ^
invocation of llc -march=x86-64 failed
couldn't move ../tests1/california-return-linsearch.s
Compilation unexpectedly failed on ../tests1/calcium-ptrs-return.l4.
-- FAIL ../tests1/calcium-ptrs-return.l4 --
gcc: error: ../log/tests1/california-return-inssort-l4.s: No such file or directory
gcc: error: ../log/tests1/california-return-linsearch-l4.s: No such file or directory
-- Testing file ../tests1/chromium-return03.l4 --
Compilation unexpectedly failed on ../tests1/california-return-stack.l4.
-- FAIL ../tests1/california-return-stack.l4 --
-- Testing file ../tests1/chromium-return04.l4 --
llc: ../tests1/california-return-structinstruct.ll:38:13: error: '%r19i32' defined with type 'i32*'
  store i32 %r19i32, i32* %s1i32
            ^
invocation of llc -march=x86-64 failed
couldn't move ../tests1/california-return-structinstruct.s
gcc: error: ../log/tests1/california-return-structinstruct-l4.s: No such file or directory
Correct result
-- PASS ../tests1/caesium-return02.l4 --
-- Testing file ../tests1/cobalt-return01.l4 --
Compilation unexpectedly failed on ../tests1/california-return-uba.l4.
-- FAIL ../tests1/california-return-uba.l4 --
-- Testing file ../tests1/cobalt-return02.l4 --
llc: ../tests1/chromium-bin-search.ll:81:14: error: '%r41ptri32z' defined with type 'i32**'
  store i32* %r41ptri32z, i32** %s9ptri32z
             ^
invocation of llc -march=x86-64 failed
couldn't move ../tests1/chromium-bin-search.s
llc: ../tests1/chromium-checks.ll:88:14: error: '%r41ptri32z' defined with type 'i32**'
  store i32* %r41ptri32z, i32** %s10ptri32z
             ^
invocation of llc -march=x86-64 failed
couldn't move ../tests1/chromium-checks.s
gcc: error: ../log/tests1/chromium-bin-search-l4.s: No such file or directory
gcc: error: ../log/tests1/chromium-checks-l4.s: No such file or directory
llc: ../tests1/chromium-copy-array.ll:114:14: error: '%r45ptri32z' defined with type 'i32**'
  store i32* %r45ptri32z, i32** %s13ptri32z
             ^
invocation of llc -march=x86-64 failed
couldn't move ../tests1/chromium-copy-array.s
llc: ../tests1/chromium-dummy-points.ll:36:33: error: use of undefined value '%r22ptrptri32zz'
  store i32* %r21ptri32z, i32** %r22ptrptri32zz
                                ^
invocation of llc -march=x86-64 failed
couldn't move ../tests1/chromium-dummy-points.s
gcc: error: ../log/tests1/chromium-copy-array-l4.s: No such file or directory
llc: ../tests1/chromium-max-stacks.ll:9:28: error: pointers to void are invalid; use i8* instead
  %s3ptrvoidz = alloca void*
                           ^
invocation of llc -march=x86-64 failed
couldn't move ../tests1/chromium-max-stacks.s
gcc: error: ../log/tests1/chromium-max-stacks-l4.s: No such file or directory
gcc: error: ../log/tests1/chromium-dummy-points-l4.s: No such file or directory
llc: ../tests1/chromium-people-struct.ll:8:28: error: pointers to void are invalid; use i8* instead
  %s2ptrvoidz = alloca void*
                           ^
invocation of llc -march=x86-64 failed
couldn't move ../tests1/chromium-people-struct.s
gcc: error: ../log/tests1/chromium-people-struct-l4.s: No such file or directory
Correct result
-- PASS ../tests1/caesium-return07.l4 --
-- Testing file ../tests1/cobalt-return03.l4 --
Compilation unexpectedly failed on ../tests1/calcium-struct-names-return3.l4.
-- FAIL ../tests1/calcium-struct-names-return3.l4 --
-- Testing file ../tests1/cobalt-return04.l4 --
llc: ../tests1/chromium-return02.ll:90:14: error: '%r50ptri32z' defined with type 'i32**'
  store i32* %r50ptri32z, i32** %s11ptri32z
             ^
invocation of llc -march=x86-64 failed
couldn't move ../tests1/chromium-return02.s
Compilation unexpectedly failed on ../tests1/calcium-tort-n-hair-return.l4.
-- FAIL ../tests1/calcium-tort-n-hair-return.l4 --
-- Testing file ../tests1/cobalt-return05.l4 --
Compilation unexpectedly failed on ../tests1/california-return-badarray.l4.
gcc: error: ../log/tests1/chromium-return02-l4.s: No such file or directory
-- Testing file ../tests1/cobalt-return06.l4 --
Correct result
-- PASS ../tests1/calcium-defined-struct-return.l4 --
-- Testing file ../tests1/cobalt-return07.l4 --
Compilation unexpectedly failed on ../tests1/california-return-bigarrag.l4.
-- FAIL ../tests1/california-return-bigarrag.l4 --
-- Testing file ../tests1/cobalt-return08.l4 --
Correct result
-- PASS ../tests1/calcium-empty-struct-return.l4 --
-- Testing file ../tests1/cobalt-return09.l4 --
Compilation unexpectedly failed on ../tests1/california-return-binsearch.l4.
-- FAIL ../tests1/california-return-binsearch.l4 --
-- Testing file ../tests1/cobalt-return10.l4 --
Correct result
-- PASS ../tests1/calcium-multiple-struct-decl-return.l4 --
-- Testing file ../tests1/cobalt-return11.l4 --
Compilation unexpectedly failed on ../tests1/california-return-cubes.l4.
-- FAIL ../tests1/california-return-cubes.l4 --
-- Testing file ../tests1/cobalt-return12.l4 --
Compilation unexpectedly failed on ../tests1/california-return-inssort.l4.
-- FAIL ../tests1/california-return-inssort.l4 --
-- Testing file ../tests1/cobalt-return13.l4 --
Compilation unexpectedly failed on ../tests1/california-return-linsearch.l4.
-- FAIL ../tests1/california-return-linsearch.l4 --
-- Testing file ../tests1/cobalt-return14.l4 --
llc: ../tests1/chromium-return03.ll:97:14: error: '%r50ptri32z' defined with type 'i32**'
  store i32* %r50ptri32z, i32** %s10ptri32z
             ^
invocation of llc -march=x86-64 failed
couldn't move ../tests1/chromium-return03.s
llc: ../tests1/chromium-return04.ll:88:14: error: '%r45ptri32z' defined with type 'i32**'
  store i32* %r45ptri32z, i32** %s10ptri32z
             ^
invocation of llc -march=x86-64 failed
couldn't move ../tests1/chromium-return04.s
Compilation unexpectedly failed on ../tests1/california-return-structinstruct.l4.
-- FAIL ../tests1/california-return-structinstruct.l4 --
gcc: error: ../log/tests1/chromium-return03-l4.s: No such file or directory
gcc: error: ../log/tests1/chromium-return04-l4.s: No such file or directory
c0c: Missing findTemps case:%Hi32* %s2ptri32z = xor i32 %s5i32, %s6i32
-- Testing file ../tests1/cobalt-return15.l4 --
llc: ../tests1/cobalt-return01.ll:83:14: error: '%r41ptri32z' defined with type 'i32**'
  store i32* %r41ptri32z, i32** %s9ptri32z
             ^
invocation of llc -march=x86-64 failed
couldn't move ../tests1/cobalt-return01.s
gcc: error: ../log/tests1/cobalt-return01-l4.s: No such file or directory
llc: ../tests1/cobalt-return02.ll:83:14: error: '%r41ptri32z' defined with type 'i32**'
  store i32* %r41ptri32z, i32** %s9ptri32z
             ^
invocation of llc -march=x86-64 failed
couldn't move ../tests1/cobalt-return02.s
Compilation unexpectedly failed on ../tests1/chromium-bin-search.l4.
-- FAIL ../tests1/chromium-bin-search.l4 --
gcc: error: ../log/tests1/cobalt-return02-l4.s: No such file or directory
-- Testing file ../tests1/colorado-return01.l4 --
Compilation unexpectedly failed on ../tests1/chromium-checks.l4.
-- FAIL ../tests1/chromium-checks.l4 --
-- Testing file ../tests1/colorado-return02.l4 --
Compilation unexpectedly failed on ../tests1/chromium-copy-array.l4.
-- FAIL ../tests1/chromium-copy-array.l4 --
-- Testing file ../tests1/colorado-return03.l4 --
Compilation unexpectedly failed on ../tests1/chromium-dummy-points.l4.
-- FAIL ../tests1/chromium-dummy-points.l4 --
-- Testing file ../tests1/colorado-return04.l4 --
Compilation unexpectedly failed on ../tests1/chromium-max-stacks.l4.
-- FAIL ../tests1/chromium-max-stacks.l4 --
-- Testing file ../tests1/colorado-return05.l4 --
Compilation unexpectedly failed on ../tests1/chromium-people-struct.l4.
-- FAIL ../tests1/chromium-people-struct.l4 --
-- Testing file ../tests1/colorado-return06.l4 --
Correct result
-- PASS ../tests1/calcium-struct-define-error.l4 --
-- Testing file ../tests1/colorado-return07.l4 --
Correct result
-- PASS ../tests1/calcium-struct-names-return.l4 --
Warning: should not be looking up raw struct instead of struct*%struct.A
Warning: should not be looking up raw struct instead of struct*%struct.A
-- Testing file ../tests1/colorado-return08.l4 --
Correct result
-- PASS ../tests1/calcium-struct-names-return2.l4 --
-- Testing file ../tests1/colorado-return09.l4 --
llc: ../tests1/cobalt-return03.ll:89:14: error: '%r41ptri32z' defined with type 'i32**'
  store i32* %r41ptri32z, i32** %s13ptri32z
             ^
invocation of llc -march=x86-64 failed
couldn't move ../tests1/cobalt-return03.s
llc: ../tests1/cobalt-return04.ll:6:28: error: pointers to void are invalid; use i8* instead
  %s2ptrvoidz = alloca void*
                           ^
gcc: error: ../log/tests1/cobalt-return03-l4.s: No such file or directory
invocation of llc -march=x86-64 failed
couldn't move ../tests1/cobalt-return04.s
Compilation unexpectedly failed on ../tests1/chromium-return02.l4.
-- FAIL ../tests1/chromium-return02.l4 --
gcc: error: ../log/tests1/cobalt-return04-l4.s: No such file or directory
-- Testing file ../tests1/colorado-return10.l4 --
llc: ../tests1/cobalt-return05.ll:13:28: error: pointers to void are invalid; use i8* instead
  %s8ptrvoidz = alloca void*
                           ^
invocation of llc -march=x86-64 failed
couldn't move ../tests1/cobalt-return05.s
gcc: error: ../log/tests1/cobalt-return05-l4.s: No such file or directory
llc: ../tests1/cobalt-return06.ll:78:40: error: invalid cast opcode for cast from '{ i32, i32* }' to '{ i32, i32* }'
  %r6structarrayzStruct_i32z = bitcast %struct.arrayzStruct_i32 %r5structarrayzStruct_i32z to %struct.arrayzStruct_i32
                                       ^
invocation of llc -march=x86-64 failed
couldn't move ../tests1/cobalt-return06.s
gcc: error: ../log/tests1/cobalt-return06-l4.s: No such file or directory
llc: ../tests1/cobalt-return07.ll:104:14: error: '%r45ptri32z' defined with type 'i32**'
  store i32* %r45ptri32z, i32** %s12ptri32z
             ^
invocation of llc -march=x86-64 failed
couldn't move ../tests1/cobalt-return07.s
gcc: error: ../log/tests1/cobalt-return07-l4.s: No such file or directory
llc: ../tests1/cobalt-return08.ll:100:14: error: '%r45ptri32z' defined with type 'i32**'
  store i32* %r45ptri32z, i32** %s12ptri32z
             ^
invocation of llc -march=x86-64 failed
couldn't move ../tests1/cobalt-return08.s
gcc: error: ../log/tests1/cobalt-return08-l4.s: No such file or directory
llc: ../tests1/cobalt-return09.ll:94:14: error: '%r45ptri32z' defined with type 'i32**'
  store i32* %r45ptri32z, i32** %s12ptri32z
             ^
invocation of llc -march=x86-64 failed
couldn't move ../tests1/cobalt-return09.s
gcc: error: ../log/tests1/cobalt-return09-l4.s: No such file or directory
llc: ../tests1/cobalt-return10.ll:94:14: error: '%r45ptri32z' defined with type 'i32**'
  store i32* %r45ptri32z, i32** %s12ptri32z
             ^
invocation of llc -march=x86-64 failed
couldn't move ../tests1/cobalt-return10.s
gcc: error: ../log/tests1/cobalt-return10-l4.s: No such file or directory
llc: ../tests1/cobalt-return11.ll:95:14: error: '%r45ptri32z' defined with type 'i32**'
  store i32* %r45ptri32z, i32** %s12ptri32z
             ^
invocation of llc -march=x86-64 failed
couldn't move ../tests1/cobalt-return11.s
gcc: error: ../log/tests1/cobalt-return11-l4.s: No such file or directory
llc: ../tests1/cobalt-return12.ll:95:14: error: '%r45ptri32z' defined with type 'i32**'
  store i32* %r45ptri32z, i32** %s12ptri32z
             ^
invocation of llc -march=x86-64 failed
couldn't move ../tests1/cobalt-return12.s
Correct result
-- PASS ../tests1/california-return-global.l4 --
gcc: error: ../log/tests1/cobalt-return12-l4.s: No such file or directory
-- Testing file ../tests1/colorado-return11.l4 --
llc: ../tests1/cobalt-return13.ll:67:13: error: '%r37i32' defined with type 'i32*'
  store i32 %r37i32, i32* %s5i32
            ^
invocation of llc -march=x86-64 failed
couldn't move ../tests1/cobalt-return13.s
Compilation unexpectedly failed on ../tests1/cobalt-return14.l4.
-- FAIL ../tests1/cobalt-return14.l4 --
gcc: error: ../log/tests1/cobalt-return13-l4.s: No such file or directory
-- Testing file ../tests1/condor-return01.l4 --
Compilation unexpectedly failed on ../tests1/chromium-return03.l4.
-- FAIL ../tests1/chromium-return03.l4 --
-- Testing file ../tests1/condor-return02.l4 --
Compilation unexpectedly failed on ../tests1/chromium-return04.l4.
-- FAIL ../tests1/chromium-return04.l4 --
-- Testing file ../tests1/condor-return03.l4 --
llc: ../tests1/cobalt-return15.ll:93:23: error: '%r52ptrstructnodezz' defined with type '{ i32, \2 }*'
  %r53i32 = load i32* %r52ptrstructnodezz
                      ^
invocation of llc -march=x86-64 failed
couldn't move ../tests1/cobalt-return15.s
Correct result
-- PASS ../tests1/california-return-structname.l4 --
-- Testing file ../tests1/condor-return07.l4 --
Compilation unexpectedly failed on ../tests1/cobalt-return01.l4.
-- FAIL ../tests1/cobalt-return01.l4 --
gcc: error: ../log/tests1/cobalt-return15-l4.s: No such file or directory
-- Testing file ../tests1/condor-return08.l4 --
Compilation unexpectedly failed on ../tests1/cobalt-return02.l4.
-- FAIL ../tests1/cobalt-return02.l4 --
-- Testing file ../tests1/connecticut-_____.l4 --
llc: ../tests1/colorado-return01.ll:35:15: error: expected '=' after instruction name
  %s11ptrarray%struct.person*zz = alloca [0 x %struct.person* ]*
              ^
invocation of llc -march=x86-64 failed
couldn't move ../tests1/colorado-return01.s
gcc: error: ../log/tests1/colorado-return01-l4.s: No such file or directory
llc: ../tests1/colorado-return02.ll:14:28: error: pointers to void are invalid; use i8* instead
  %s7ptrvoidz = alloca void*
                           ^
invocation of llc -march=x86-64 failed
couldn't move ../tests1/colorado-return02.s
gcc: error: ../log/tests1/colorado-return02-l4.s: No such file or directory
llc: ../tests1/colorado-return03.ll:10:28: error: pointers to void are invalid; use i8* instead
  %s3ptrvoidz = alloca void*
                           ^
invocation of llc -march=x86-64 failed
couldn't move ../tests1/colorado-return03.s
gcc: error: ../log/tests1/colorado-return03-l4.s: No such file or directory
llc: ../tests1/colorado-return04.ll:87:14: error: '%r41ptri32z' defined with type 'i32**'
  store i32* %r41ptri32z, i32** %s12ptri32z
             ^
invocation of llc -march=x86-64 failed
couldn't move ../tests1/colorado-return04.s
gcc: error: ../log/tests1/colorado-return04-l4.s: No such file or directory
llc: ../tests1/colorado-return05.ll:35:15: error: expected '=' after instruction name
  %s13ptrarray%struct.Azz = alloca [0 x %struct.A ]*
              ^
invocation of llc -march=x86-64 failed
couldn't move ../tests1/colorado-return05.s
gcc: error: ../log/tests1/colorado-return05-l4.s: No such file or directory
llc: ../tests1/colorado-return06.ll:77:20: error: '%r14ptrstructXzz' defined with type '{ { i1, i32, i32, i32* }*, i32 }**'
  store %struct.X* %r14ptrstructXzz, %struct.X** %s1ptrstructXzz
                   ^
invocation of llc -march=x86-64 failed
couldn't move ../tests1/colorado-return06.s
gcc: error: ../log/tests1/colorado-return06-l4.s: No such file or directory
llc: ../tests1/colorado-return07.ll:88:14: error: '%r41ptri32z' defined with type 'i32**'
  store i32* %r41ptri32z, i32** %s11ptri32z
             ^
invocation of llc -march=x86-64 failed
couldn't move ../tests1/colorado-return07.s
Correct result
-- PASS ../tests1/chromium-return01.l4 --
gcc: error: ../log/tests1/colorado-return07-l4.s: No such file or directory
-- Testing file ../tests1/connecticut-array-array-array-array.l4 --
llc: ../tests1/colorado-return08.ll:118:27: error: use of undefined value '%r70ptri32z'
  store i32 %r69i32, i32* %r70ptri32z
                          ^
invocation of llc -march=x86-64 failed
couldn't move ../tests1/colorado-return08.s
gcc: error: ../log/tests1/colorado-return08-l4.s: No such file or directory
llc: ../tests1/colorado-return09.ll:33:13: error: '%r14i32' defined with type 'i32*'
  store i32 %r14i32, i32* %s4i32
            ^
invocation of llc -march=x86-64 failed
couldn't move ../tests1/colorado-return09.s
Compilation unexpectedly failed on ../tests1/cobalt-return03.l4.
-- FAIL ../tests1/cobalt-return03.l4 --
gcc: error: ../log/tests1/colorado-return09-l4.s: No such file or directory
-- Testing file ../tests1/connecticut-have-you-taken-15-213-yet.l4 --
Compilation unexpectedly failed on ../tests1/cobalt-return04.l4.
-- FAIL ../tests1/cobalt-return04.l4 --
-- Testing file ../tests1/connecticut-main-as-an-identifier-makes-me-cry.l4 --
llc: ../tests1/colorado-return10.ll:69:25: error: '@calloc' defined with type 'i8* (i32*, i32)*'
  %r29ptri8z = call i8* @calloc(i32 %r30i32, i32 %r31i32)
                        ^
invocation of llc -march=x86-64 failed
couldn't move ../tests1/colorado-return10.s
Compilation unexpectedly failed on ../tests1/cobalt-return05.l4.
-- FAIL ../tests1/cobalt-return05.l4 --
gcc: error: ../log/tests1/colorado-return10-l4.s: No such file or directory
c0c: A type was mismatched in codeGen when dereferencing i32 %s2i32 of type i32-- Testing file ../tests1/connecticut-nine.l4 --
Compilation unexpectedly failed on ../tests1/cobalt-return06.l4.
-- FAIL ../tests1/cobalt-return06.l4 --
-- Testing file ../tests1/connecticut-pointers-or-multiplication.l4 --
Compilation unexpectedly failed on ../tests1/cobalt-return07.l4.
-- FAIL ../tests1/cobalt-return07.l4 --
-- Testing file ../tests1/connecticut-polymorphism.l4 --
Compilation unexpectedly failed on ../tests1/cobalt-return08.l4.
-- FAIL ../tests1/cobalt-return08.l4 --
c0c: Missing findTemps case:%Hi32* %s1ptri32z = mul i32 %s5i32, %s6i32
-- Testing file ../tests1/connecticut-return01.l4 --
Compilation unexpectedly failed on ../tests1/cobalt-return09.l4.
-- FAIL ../tests1/cobalt-return09.l4 --
-- Testing file ../tests1/connecticut-typechecker-sadness.l4 --
Compilation unexpectedly failed on ../tests1/cobalt-return10.l4.
-- FAIL ../tests1/cobalt-return10.l4 --
-- Testing file ../tests1/connecticut-we-can-sort-now.l4 --
Compilation unexpectedly failed on ../tests1/cobalt-return11.l4.
-- FAIL ../tests1/cobalt-return11.l4 --
-- Testing file ../tests1/copper-adventureExpress.l4 --
Compilation unexpectedly failed on ../tests1/cobalt-return12.l4.
-- FAIL ../tests1/cobalt-return12.l4 --
-- Testing file ../tests1/copper-beast.l4 --
Compilation unexpectedly failed on ../tests1/cobalt-return13.l4.
-- FAIL ../tests1/cobalt-return13.l4 --
-- Testing file ../tests1/copper-diamondback.l4 --
llc: ../tests1/condor-return01.ll:30:13: error: '%r14i32' defined with type 'i32*'
  store i32 %r14i32, i32* %s1i32
            ^
invocation of llc -march=x86-64 failed
couldn't move ../tests1/condor-return01.s
gcc: error: ../log/tests1/condor-return01-l4.s: No such file or directory
llc: ../tests1/condor-return02.ll:11:28: error: pointers to void are invalid; use i8* instead
  %s4ptrvoidz = alloca void*
                           ^
invocation of llc -march=x86-64 failed
couldn't move ../tests1/condor-return02.s
llc: ../tests1/condor-return03.ll:56:22: error: invalid forward reference to function '_c0_addHead' with wrong type!
  %r28i32 = call i32 @_c0_addHead(i32 %r29i32, %struct.IntList* %r30ptrstructIntListzz)
                     ^
invocation of llc -march=x86-64 failed
couldn't move ../tests1/condor-return03.s
Compilation unexpectedly failed on ../tests1/cobalt-return15.l4.
-- FAIL ../tests1/cobalt-return15.l4 --
gcc: error: ../log/tests1/condor-return02-l4.s: No such file or directory
-- Testing file ../tests1/copper-firehawk.l4 --
gcc: error: ../log/tests1/condor-return03-l4.s: No such file or directory
llc: ../tests1/condor-return07.ll:57:50: error: invalid forward reference to function '_c0_addHead' with wrong type!
  %r28ptrstructIntListzz = call %struct.IntList* @_c0_addHead(i32 %r29i32, %struct.IntList* %r30ptrstructIntListzz)
                                                 ^
invocation of llc -march=x86-64 failed
couldn't move ../tests1/condor-return07.s
llc: ../tests1/condor-return08.ll:32:13: error: '%r14i32' defined with type 'i32*'
  store i32 %r14i32, i32* %s1i32
            ^
invocation of llc -march=x86-64 failed
couldn't move ../tests1/condor-return08.s
gcc: error: ../log/tests1/condor-return07-l4.s: No such file or directory
gcc: error: ../log/tests1/condor-return08-l4.s: No such file or directory
llc: ../tests1/connecticut-_____.ll:27:13: error: '%r14i32' defined with type 'i32*'
  store i32 %r14i32, i32* %s1i32
            ^
invocation of llc -march=x86-64 failed
couldn't move ../tests1/connecticut-_____.s
Compilation unexpectedly failed on ../tests1/colorado-return01.l4.
-- FAIL ../tests1/colorado-return01.l4 --
gcc: error: ../log/tests1/connecticut-_____-l4.s: No such file or directory
-- Testing file ../tests1/copper-flightDeck.l4 --
Compilation unexpectedly failed on ../tests1/colorado-return02.l4.
-- FAIL ../tests1/colorado-return02.l4 --
-- Testing file ../tests1/copper-linkedlist.l4 --
Compilation unexpectedly failed on ../tests1/colorado-return03.l4.
-- FAIL ../tests1/colorado-return03.l4 --
c0c: A type was mismatched in codeGen when dereferencing i32 %s3i32 of type i32
-- Testing file ../tests1/copper-maxstack.l4 --
Compilation unexpectedly failed on ../tests1/colorado-return04.l4.
-- FAIL ../tests1/colorado-return04.l4 --
-- Testing file ../tests1/copper-racer.l4 --
Compilation unexpectedly failed on ../tests1/colorado-return05.l4.
-- FAIL ../tests1/colorado-return05.l4 --
-- Testing file ../tests1/copper-structarray.l4 --
Compilation unexpectedly failed on ../tests1/colorado-return06.l4.
-- FAIL ../tests1/colorado-return06.l4 --
-- Testing file ../tests1/copper-vortex.l4 --
Compilation unexpectedly failed on ../tests1/colorado-return07.l4.
-- FAIL ../tests1/colorado-return07.l4 --
-- Testing file ../tests1/copper-zeroed.l4 --
llc: ../tests1/connecticut-array-array-array-array.ll:55:15: error: expected '=' after instruction name
  %s12ptrarray%struct.arrayzStruct_structarrayzStruct_structarrayzStruct_i32zzzz = alloca [0 x %struct.arrayzStruct_structarrayzStruct_structarrayzStruct_i32zz ]*
              ^
invocation of llc -march=x86-64 failed
couldn't move ../tests1/connecticut-array-array-array-array.s
Compilation unexpectedly failed on ../tests1/colorado-return08.l4.
-- FAIL ../tests1/colorado-return08.l4 --
c0c: Missing findTemps case:%Hi32* %s5ptri32z = xor i32 %s8i32, %s9i32
-- Testing file ../tests1/deagol-cautions-you-not-to-run-this.l4 --
Compilation unexpectedly failed on ../tests1/colorado-return09.l4.
-- FAIL ../tests1/colorado-return09.l4 --
-- Testing file ../tests1/deagol-contextful-grammar.l4 --
gcc: error: ../log/tests1/connecticut-array-array-array-array-l4.s: No such file or directory
llc: ../tests1/connecticut-have-you-taken-15-213-yet.ll:36:15: error: expected '=' after instruction name
  %s11ptrarray%struct.arrayzStruct_i32zz = alloca [0 x %struct.arrayzStruct_i32 ]*
              ^
invocation of llc -march=x86-64 failed
couldn't move ../tests1/connecticut-have-you-taken-15-213-yet.s
Compilation unexpectedly failed on ../tests1/connecticut-main-as-an-identifier-makes-me-cry.l4.
-- FAIL ../tests1/connecticut-main-as-an-identifier-makes-me-cry.l4 --
c0c: Missing findTemps case:%Hi32* %s1ptri32z = add i32 %s4i32, %s5i32
gcc: error: ../log/tests1/connecticut-have-you-taken-15-213-yet-l4.s: No such file or directory
-- Testing file ../tests1/deagol-has-a-big-stack.l4 --
Compilation unexpectedly failed on ../tests1/colorado-return10.l4.
-- FAIL ../tests1/colorado-return10.l4 --
-- Testing file ../tests1/deagol-loves-to-see-you-smile.l4 --
llc: ../tests1/connecticut-nine.ll:26:13: error: '%r14i32' defined with type 'i32*'
  store i32 %r14i32, i32* %s1i32
            ^
invocation of llc -march=x86-64 failed
couldn't move ../tests1/connecticut-nine.s
Compilation unexpectedly failed on ../tests1/connecticut-pointers-or-multiplication.l4.
-- FAIL ../tests1/connecticut-pointers-or-multiplication.l4 --
-- Testing file ../tests1/delaware-g_return01.l4 --
gcc: error: ../log/tests1/connecticut-nine-l4.s: No such file or directory
llc: ../tests1/connecticut-polymorphism.ll:31:14: error: '%r14ptri32z' defined with type 'i32**'
  store i32* %r14ptri32z, i32** %s1ptri32z
             ^
invocation of llc -march=x86-64 failed
couldn't move ../tests1/connecticut-polymorphism.s
gcc: error: ../log/tests1/connecticut-polymorphism-l4.s: No such file or directory
llc: ../tests1/connecticut-return01.ll:28:13: error: '%r14i32' defined with type 'i32*'
  store i32 %r14i32, i32* %s1i32
            ^
invocation of llc -march=x86-64 failed
couldn't move ../tests1/connecticut-return01.s
gcc: error: ../log/tests1/connecticut-return01-l4.s: No such file or directory
llc: ../tests1/connecticut-typechecker-sadness.ll:12:28: error: pointers to void are invalid; use i8* instead
  %s0ptrvoidz = alloca void*
                           ^
invocation of llc -march=x86-64 failed
couldn't move ../tests1/connecticut-typechecker-sadness.s
gcc: error: ../log/tests1/connecticut-typechecker-sadness-l4.s: No such file or directory
llc: ../tests1/brachiosaurus-stress-deref.ll:4692:347: error: use of undefined value '%r1010ptrptrptrptrptrptrptrptrptrptrptrptrptrptrptrptrptrptrptrptrptrptrptrptrptrptrptrptrptrptrptrptrptrptrptrptrptrptrptrptrptrptrptrptrptrptrptrptrptrptrptrptrptrptri32zzzzzzzzzzzzzzzzzzzzzzzzzzzzzzzzzzzzzzzzzzzzzzzzzzzzzz'
  store i32***************************************************** %r1009ptrptrptrptrptrptrptrptrptrptrptrptrptrptrptrptrptrptrptrptrptrptrptrptrptrptrptrptrptrptrptrptrptrptrptrptrptrptrptrptrptrptrptrptrptrptrptrptrptrptrptrptrptri32zzzzzzzzzzzzzzzzzzzzzzzzzzzzzzzzzzzzzzzzzzzzzzzzzzzzz, i32****************************************************** %r1010ptrptrptrptrptrptrptrptrptrptrptrptrptrptrptrptrptrptrptrptrptrptrptrptrptrptrptrptrptrptrptrptrptrptrptrptrptrptrptrptrptrptrptrptrptrptrptrptrptrptrptrptrptrptri32zzzzzzzzzzzzzzzzzzzzzzzzzzzzzzzzzzzzzzzzzzzzzzzzzzzzzz
                                                                                                                                                                                                                                                                                                                                                          ^
invocation of llc -march=x86-64 failed
couldn't move ../tests1/brachiosaurus-stress-deref.s
gcc: error: ../log/tests1/brachiosaurus-stress-deref-l4.s: No such file or directory
llc: ../tests1/connecticut-we-can-sort-now.ll:89:14: error: '%r41ptri32z' defined with type 'i32**'
  store i32* %r41ptri32z, i32** %s10ptri32z
             ^
invocation of llc -march=x86-64 failed
couldn't move ../tests1/connecticut-we-can-sort-now.s
gcc: error: ../log/tests1/connecticut-we-can-sort-now-l4.s: No such file or directory
llc: ../tests1/copper-adventureExpress.ll:207:25: error: '@calloc' defined with type 'i8* (i1, i32)*'
  %r31ptri8z = call i8* @calloc(i32 %r32i32, i32 %r33i32)
                        ^
invocation of llc -march=x86-64 failed
couldn't move ../tests1/copper-adventureExpress.s
gcc: error: ../log/tests1/copper-adventureExpress-l4.s: No such file or directory
llc: ../tests1/copper-beast.ll:54:61: error: invalid cast opcode for cast from '{ i32, { i32, i32* }* }' to '{ i32, { i32, i32* }* }'
  %r30structarrayzStruct_structarrayzStruct_i32zz = bitcast %struct.arrayzStruct_structarrayzStruct_i32z %r29structarrayzStruct_structarrayzStruct_i32zz to %struct.arrayzStruct_structarrayzStruct_i32z
                                                            ^
invocation of llc -march=x86-64 failed
couldn't move ../tests1/copper-beast.s
gcc: error: ../log/tests1/copper-beast-l4.s: No such file or directory
llc: ../tests1/copper-diamondback.ll:29:18: error: expected '=' after instruction name
  %s12ptrarrayi32************zz = alloca [0 x i32************ ]*
                 ^
invocation of llc -march=x86-64 failed
couldn't move ../tests1/copper-diamondback.s
Compilation unexpectedly failed on ../tests1/condor-return01.l4.
-- FAIL ../tests1/condor-return01.l4 --
gcc: error: ../log/tests1/copper-diamondback-l4.s: No such file or directory
-- Testing file ../tests1/delaware-g_return02.l4 --
Compilation unexpectedly failed on ../tests1/condor-return02.l4.
-- FAIL ../tests1/condor-return02.l4 --
-- Testing file ../tests1/delaware-g_return03.l4 --
Compilation unexpectedly failed on ../tests1/condor-return03.l4.
-- FAIL ../tests1/condor-return03.l4 --
-- Testing file ../tests1/delaware-g_return04.l4 --
llc: ../tests1/copper-firehawk.ll:92:14: error: '%r41ptri32z' defined with type 'i32**'
  store i32* %r41ptri32z, i32** %s11ptri32z
             ^
invocation of llc -march=x86-64 failed
couldn't move ../tests1/copper-firehawk.s
Compilation unexpectedly failed on ../tests1/condor-return07.l4.
-- FAIL ../tests1/condor-return07.l4 --
-- Testing file ../tests1/delaware-g_return05.l4 --
gcc: error: ../log/tests1/copper-firehawk-l4.s: No such file or directory
Compilation unexpectedly failed on ../tests1/condor-return08.l4.
-- FAIL ../tests1/condor-return08.l4 --
-- Testing file ../tests1/delaware-rtest01.l4 --
Compilation unexpectedly failed on ../tests1/connecticut-_____.l4.
-- FAIL ../tests1/connecticut-_____.l4 --
-- Testing file ../tests1/delaware-rtest02.l4 --
Compilation unexpectedly failed on ../tests1/copper-flightDeck.l4.
-- FAIL ../tests1/copper-flightDeck.l4 --
-- Testing file ../tests1/delaware-rtest04.l4 --
llc: ../tests1/copper-linkedlist.ll:9:28: error: pointers to void are invalid; use i8* instead
  %s4ptrvoidz = alloca void*
                           ^
invocation of llc -march=x86-64 failed
couldn't move ../tests1/copper-linkedlist.s
gcc: error: ../log/tests1/copper-linkedlist-l4.s: No such file or directory
llc: ../tests1/copper-maxstack.ll:85:14: error: '%r41ptri32z' defined with type 'i32**'
  store i32* %r41ptri32z, i32** %s10ptri32z
             ^
invocation of llc -march=x86-64 failed
couldn't move ../tests1/copper-maxstack.s
Compilation unexpectedly failed on ../tests1/copper-racer.l4.
-- FAIL ../tests1/copper-racer.l4 --
gcc: error: ../log/tests1/copper-maxstack-l4.s: No such file or directory
-- Testing file ../tests1/delaware-rtest07.l4 --
llc: ../tests1/copper-structarray.ll:31:15: error: expected '=' after instruction name
  %s12ptrarray%struct.foo*zz = alloca [0 x %struct.foo* ]*
              ^
invocation of llc -march=x86-64 failed
couldn't move ../tests1/copper-structarray.s
Warning: should not be looking up raw struct instead of struct*%struct.hello
Warning: should not be looking up raw struct instead of struct*%struct.hello
gcc: error: ../log/tests1/copper-structarray-l4.s: No such file or directory
llc: ../tests1/copper-vortex.ll:30:13: error: '%r14i32' defined with type 'i32*'
  store i32 %r14i32, i32* %s1i32
            ^
invocation of llc -march=x86-64 failed
couldn't move ../tests1/copper-vortex.s
gcc: error: ../log/tests1/copper-vortex-l4.s: No such file or directory
llc: ../tests1/copper-zeroed.ll:86:14: error: '%r41ptri32z' defined with type 'i32**'
  store i32* %r41ptri32z, i32** %s11ptri32z
             ^
invocation of llc -march=x86-64 failed
couldn't move ../tests1/copper-zeroed.s
Compilation unexpectedly failed on ../tests1/connecticut-array-array-array-array.l4.
-- FAIL ../tests1/connecticut-array-array-array-array.l4 --
gcc: error: ../log/tests1/copper-zeroed-l4.s: No such file or directory
-- Testing file ../tests1/delaware-rtest10.l4 --
llc: ../tests1/deagol-cautions-you-not-to-run-this.ll:100:14: error: '%r41ptri32z' defined with type 'i32**'
  store i32* %r41ptri32z, i32** %s11ptri32z
             ^
invocation of llc -march=x86-64 failed
couldn't move ../tests1/deagol-cautions-you-not-to-run-this.s
Compilation unexpectedly failed on ../tests1/deagol-contextful-grammar.l4.
-- FAIL ../tests1/deagol-contextful-grammar.l4 --
gcc: error: ../log/tests1/deagol-cautions-you-not-to-run-this-l4.s: No such file or directory
-- Testing file ../tests1/denethor-return1.l4 --
Compilation unexpectedly failed on ../tests1/connecticut-have-you-taken-15-213-yet.l4.
-- FAIL ../tests1/connecticut-have-you-taken-15-213-yet.l4 --
-- Testing file ../tests1/denethor-return2.l4 --
c0c: Missing findTemps case:%Hi32* %s2ptri32z = add i32 %s5i32, %s6i32
Compilation unexpectedly failed on ../tests1/connecticut-nine.l4.
-- FAIL ../tests1/connecticut-nine.l4 --
-- Testing file ../tests1/denethor-return3.l4 --
llc: ../tests1/delaware-g_return01.ll:32:13: error: '%r14i32' defined with type 'i32*'
  store i32 %r14i32, i32* %s1i32
            ^
invocation of llc -march=x86-64 failed
couldn't move ../tests1/delaware-g_return01.s
Compilation unexpectedly failed on ../tests1/connecticut-polymorphism.l4.
-- FAIL ../tests1/connecticut-polymorphism.l4 --
gcc: error: ../log/tests1/delaware-g_return01-l4.s: No such file or directory
-- Testing file ../tests1/denethor-return4.l4 --
Compilation unexpectedly failed on ../tests1/connecticut-return01.l4.
-- FAIL ../tests1/connecticut-return01.l4 --
-- Testing file ../tests1/dilophosaurus-alloc.l4 --
Compilation unexpectedly failed on ../tests1/connecticut-typechecker-sadness.l4.
-- FAIL ../tests1/connecticut-typechecker-sadness.l4 --
-- Testing file ../tests1/dilophosaurus-arrays1.l4 --
Compilation unexpectedly failed on ../tests1/brachiosaurus-stress-deref.l4.
-- FAIL ../tests1/brachiosaurus-stress-deref.l4 --
-- Testing file ../tests1/dilophosaurus-fields.l4 --
Compilation unexpectedly failed on ../tests1/connecticut-we-can-sort-now.l4.
-- FAIL ../tests1/connecticut-we-can-sort-now.l4 --
-- Testing file ../tests1/dilophosaurus-goodSwap.l4 --
Compilation unexpectedly failed on ../tests1/copper-adventureExpress.l4.
-- FAIL ../tests1/copper-adventureExpress.l4 --
-- Testing file ../tests1/dilophosaurus-null.l4 --
Compilation unexpectedly failed on ../tests1/copper-beast.l4.
-- FAIL ../tests1/copper-beast.l4 --
-- Testing file ../tests1/dilophosaurus-random.l4 --
Correct result
-- PASS ../tests1/colorado-return11.l4 --
-- Testing file ../tests1/dilophosaurus-struct_large.l4 --
Compilation unexpectedly failed on ../tests1/copper-diamondback.l4.
-- FAIL ../tests1/copper-diamondback.l4 --
-- Testing file ../tests1/dilophosaurus-structComparison.l4 --
llc: ../tests1/delaware-g_return02.ll:94:14: error: '%r41ptri32z' defined with type 'i32**'
  store i32* %r41ptri32z, i32** %s8ptri32z
             ^
invocation of llc -march=x86-64 failed
couldn't move ../tests1/delaware-g_return02.s
gcc: error: ../log/tests1/delaware-g_return02-l4.s: No such file or directory
llc: ../tests1/delaware-g_return03.ll:78:14: error: '%r41ptri32z' defined with type 'i32**'
  store i32* %r41ptri32z, i32** %s8ptri32z
             ^
invocation of llc -march=x86-64 failed
couldn't move ../tests1/delaware-g_return03.s
gcc: error: ../log/tests1/delaware-g_return03-l4.s: No such file or directory
llc: ../tests1/delaware-g_return04.ll:33:27: error: use of undefined value '%r19ptri32z'
  store i32 %r18i32, i32* %r19ptri32z
                          ^
invocation of llc -march=x86-64 failed
couldn't move ../tests1/delaware-g_return04.s
Compilation unexpectedly failed on ../tests1/copper-firehawk.l4.
-- FAIL ../tests1/copper-firehawk.l4 --
gcc: error: ../log/tests1/delaware-g_return04-l4.s: No such file or directory
-- Testing file ../tests1/dilophosaurus-structComparison3.l4 --
llc: ../tests1/delaware-g_return05.ll:39:14: error: expected '=' after instruction name
  %s8ptrarray%struct.foo*zz = alloca [0 x %struct.foo* ]*
             ^
invocation of llc -march=x86-64 failed
couldn't move ../tests1/delaware-g_return05.s
gcc: error: ../log/tests1/delaware-g_return05-l4.s: No such file or directory
llc: ../tests1/delaware-rtest01.ll:32:13: error: '%r14i32' defined with type 'i32*'
  store i32 %r14i32, i32* %s1i32
            ^
invocation of llc -march=x86-64 failed
couldn't move ../tests1/delaware-rtest01.s
gcc: error: ../log/tests1/delaware-rtest01-l4.s: No such file or directory
llc: ../tests1/delaware-rtest02.ll:37:23: error: '%r21ptrstructtazz' defined with type '{ i32, i32 }*'
  %r22i32 = load i32* %r21ptrstructtazz
                      ^
invocation of llc -march=x86-64 failed
couldn't move ../tests1/delaware-rtest02.s
gcc: error: ../log/tests1/delaware-rtest02-l4.s: No such file or directory
llc: ../tests1/delaware-rtest04.ll:86:14: error: '%r41ptri32z' defined with type 'i32**'
  store i32* %r41ptri32z, i32** %s11ptri32z
             ^
invocation of llc -march=x86-64 failed
couldn't move ../tests1/delaware-rtest04.s
Compilation unexpectedly failed on ../tests1/copper-linkedlist.l4.
-- FAIL ../tests1/copper-linkedlist.l4 --
gcc: error: ../log/tests1/delaware-rtest04-l4.s: No such file or directory
-- Testing file ../tests1/dilophosaurus-structNamespace.l4 --
Compilation unexpectedly failed on ../tests1/copper-maxstack.l4.
-- FAIL ../tests1/copper-maxstack.l4 --
-- Testing file ../tests1/dilophosaurus-wrongSwap.l4 --
llc: ../tests1/delaware-rtest07.ll:24:14: error: expected '=' after instruction name
  %s8ptrarray%struct.hellozz = alloca [0 x %struct.hello ]*
             ^
invocation of llc -march=x86-64 failed
couldn't move ../tests1/delaware-rtest07.s
Compilation unexpectedly failed on ../tests1/copper-structarray.l4.
-- FAIL ../tests1/copper-structarray.l4 --
gcc: error: ../log/tests1/delaware-rtest07-l4.s: No such file or directory
-- Testing file ../tests1/diplodocus-alloc_test.l4 --
Compilation unexpectedly failed on ../tests1/copper-vortex.l4.
-- FAIL ../tests1/copper-vortex.l4 --
-- Testing file ../tests1/diplodocus-allocintstararray.l4 --
Compilation unexpectedly failed on ../tests1/copper-zeroed.l4.
-- FAIL ../tests1/copper-zeroed.l4 --
-- Testing file ../tests1/diplodocus-arrayarray.l4 --
llc: ../tests1/delaware-rtest10.ll:26:27: error: use of undefined value '%r15ptri32z'
  store i32 %r14i32, i32* %r15ptri32z
                          ^
invocation of llc -march=x86-64 failed
couldn't move ../tests1/delaware-rtest10.s
Compilation unexpectedly failed on ../tests1/deagol-cautions-you-not-to-run-this.l4.
-- FAIL ../tests1/deagol-cautions-you-not-to-run-this.l4 --
-- Testing file ../tests1/diplodocus-arrayinstruct.l4 --
Compilation unexpectedly failed on ../tests1/denethor-return1.l4.
-- FAIL ../tests1/denethor-return1.l4 --
gcc: error: ../log/tests1/delaware-rtest10-l4.s: No such file or directory
-- Testing file ../tests1/diplodocus-arrow.l4 --
llc: ../tests1/denethor-return2.ll:126:14: error: '%r54ptri32z' defined with type 'i32**'
  store i32* %r54ptri32z, i32** %s10ptri32z
             ^
invocation of llc -march=x86-64 failed
couldn't move ../tests1/denethor-return2.s
gcc: error: ../log/tests1/denethor-return2-l4.s: No such file or directory
llc: ../tests1/denethor-return3.ll:26:27: error: use of undefined value '%r15ptri32z'
  store i32 %r14i32, i32* %r15ptri32z
                          ^
invocation of llc -march=x86-64 failed
couldn't move ../tests1/denethor-return3.s
Compilation unexpectedly failed on ../tests1/delaware-g_return01.l4.
-- FAIL ../tests1/delaware-g_return01.l4 --
gcc: error: ../log/tests1/denethor-return3-l4.s: No such file or directory
-- Testing file ../tests1/diplodocus-error-lvalue-postfix.l4 --
llc: ../tests1/denethor-return4.ll:37:13: error: '%r14i32' defined with type 'i32*'
  store i32 %r14i32, i32* %s1i32
            ^
invocation of llc -march=x86-64 failed
couldn't move ../tests1/denethor-return4.s
c0c: Missing findTemps case:%Hi32* %s0ptri32z = add i32 %s4i32, %s5i32
gcc: error: ../log/tests1/denethor-return4-l4.s: No such file or directory
llc: ../tests1/dilophosaurus-alloc.ll:54:14: error: '%r32ptri32z' defined with type 'i32**'
  store i32* %r32ptri32z, i32** %s1ptri32z
             ^
invocation of llc -march=x86-64 failed
couldn't move ../tests1/dilophosaurus-alloc.s
gcc: error: ../log/tests1/dilophosaurus-alloc-l4.s: No such file or directory
llc: ../tests1/dilophosaurus-arrays1.ll:90:14: error: '%r41ptri32z' defined with type 'i32**'
  store i32* %r41ptri32z, i32** %s9ptri32z
             ^
invocation of llc -march=x86-64 failed
couldn't move ../tests1/dilophosaurus-arrays1.s
gcc: error: ../log/tests1/dilophosaurus-arrays1-l4.s: No such file or directory
llc: ../tests1/dilophosaurus-fields.ll:32:13: error: '%r14i32' defined with type 'i32*'
  store i32 %r14i32, i32* %s1i32
            ^
invocation of llc -march=x86-64 failed
couldn't move ../tests1/dilophosaurus-fields.s
gcc: error: ../log/tests1/dilophosaurus-fields-l4.s: No such file or directory
llc: ../tests1/dilophosaurus-goodSwap.ll:43:27: error: use of undefined value '%r26ptri32z'
  store i32 %r25i32, i32* %r26ptri32z
                          ^
invocation of llc -march=x86-64 failed
couldn't move ../tests1/dilophosaurus-goodSwap.s
gcc: error: ../log/tests1/dilophosaurus-goodSwap-l4.s: No such file or directory
llc: ../tests1/dilophosaurus-null.ll:5:28: error: pointers to void are invalid; use i8* instead
  %s3ptrvoidz = alloca void*
                           ^
invocation of llc -march=x86-64 failed
couldn't move ../tests1/dilophosaurus-null.s
gcc: error: ../log/tests1/dilophosaurus-null-l4.s: No such file or directory
llc: ../tests1/dilophosaurus-random.ll:85:14: error: '%r41ptri32z' defined with type 'i32**'
  store i32* %r41ptri32z, i32** %s10ptri32z
             ^
invocation of llc -march=x86-64 failed
couldn't move ../tests1/dilophosaurus-random.s
gcc: error: ../log/tests1/dilophosaurus-random-l4.s: No such file or directory
llc: ../tests1/dilophosaurus-struct_large.ll:42:13: error: '%r25i32' defined with type 'i32*'
  store i32 %r25i32, i32* %s2i32
            ^
invocation of llc -march=x86-64 failed
couldn't move ../tests1/dilophosaurus-struct_large.s
gcc: error: ../log/tests1/dilophosaurus-struct_large-l4.s: No such file or directory
llc: ../tests1/dilophosaurus-structComparison.ll:55:13: error: '%r14i32' defined with type 'i32*'
  store i32 %r14i32, i32* %s2i32
            ^
invocation of llc -march=x86-64 failed
couldn't move ../tests1/dilophosaurus-structComparison.s
Compilation unexpectedly failed on ../tests1/delaware-g_return02.l4.
-- FAIL ../tests1/delaware-g_return02.l4 --
gcc: error: ../log/tests1/dilophosaurus-structComparison-l4.s: No such file or directory
-- Testing file ../tests1/diplodocus-ll.l4 --
Compilation unexpectedly failed on ../tests1/delaware-g_return03.l4.
-- FAIL ../tests1/delaware-g_return03.l4 --
-- Testing file ../tests1/diplodocus-lvalue.l4 --
Compilation unexpectedly failed on ../tests1/delaware-g_return04.l4.
-- FAIL ../tests1/delaware-g_return04.l4 --
-- Testing file ../tests1/diplodocus-multest.l4 --
llc: ../tests1/dilophosaurus-structComparison3.ll:55:13: error: '%r14i32' defined with type 'i32*'
  store i32 %r14i32, i32* %s2i32
            ^
invocation of llc -march=x86-64 failed
couldn't move ../tests1/dilophosaurus-structComparison3.s
Compilation unexpectedly failed on ../tests1/delaware-g_return05.l4.
-- FAIL ../tests1/delaware-g_return05.l4 --
gcc: error: ../log/tests1/dilophosaurus-structComparison3-l4.s: No such file or directory
-- Testing file ../tests1/diplodocus-nulltest.l4 --
Compilation unexpectedly failed on ../tests1/delaware-rtest01.l4.
-- FAIL ../tests1/delaware-rtest01.l4 --
-- Testing file ../tests1/diplodocus-selection_sort.l4 --
Compilation unexpectedly failed on ../tests1/delaware-rtest02.l4.
-- FAIL ../tests1/delaware-rtest02.l4 --
-- Testing file ../tests1/diplodocus-zip.l4 --
Compilation unexpectedly failed on ../tests1/delaware-rtest04.l4.
-- FAIL ../tests1/delaware-rtest04.l4 --
-- Testing file ../tests1/eagle-lots-of-fields.l4 --
llc: ../tests1/dilophosaurus-structNamespace.ll:28:13: error: '%r14i32' defined with type 'i32*'
  store i32 %r14i32, i32* %s1i32
            ^
invocation of llc -march=x86-64 failed
couldn't move ../tests1/dilophosaurus-structNamespace.s
gcc: error: ../log/tests1/dilophosaurus-structNamespace-l4.s: No such file or directory
llc: ../tests1/dilophosaurus-wrongSwap.ll:44:27: error: use of undefined value '%r26ptri32z'
  store i32 %r25i32, i32* %r26ptri32z
                          ^
invocation of llc -march=x86-64 failed
couldn't move ../tests1/dilophosaurus-wrongSwap.s
Compilation unexpectedly failed on ../tests1/delaware-rtest07.l4.
-- FAIL ../tests1/delaware-rtest07.l4 --
gcc: error: ../log/tests1/dilophosaurus-wrongSwap-l4.s: No such file or directory
-- Testing file ../tests1/eagle-lots-of-structs.l4 --
llc: ../tests1/diplodocus-alloc_test.ll:99:14: error: '%r55ptri32z' defined with type 'i32**'
  store i32* %r55ptri32z, i32** %s10ptri32z
             ^
invocation of llc -march=x86-64 failed
couldn't move ../tests1/diplodocus-alloc_test.s
gcc: error: ../log/tests1/diplodocus-alloc_test-l4.s: No such file or directory
llc: ../tests1/diplodocus-allocintstararray.ll:12:28: error: pointers to void are invalid; use i8* instead
  %s3ptrvoidz = alloca void*
                           ^
invocation of llc -march=x86-64 failed
couldn't move ../tests1/diplodocus-allocintstararray.s
gcc: error: ../log/tests1/diplodocus-allocintstararray-l4.s: No such file or directory
llc: ../tests1/diplodocus-arrayarray.ll:44:15: error: expected '=' after instruction name
  %s10ptrarray%struct.arrayzStruct_i32zz = alloca [0 x %struct.arrayzStruct_i32 ]*
              ^
invocation of llc -march=x86-64 failed
couldn't move ../tests1/diplodocus-arrayarray.s
Compilation unexpectedly failed on ../tests1/delaware-rtest10.l4.
-- FAIL ../tests1/delaware-rtest10.l4 --
gcc: error: ../log/tests1/diplodocus-arrayarray-l4.s: No such file or directory
-- Testing file ../tests1/eagle-nested.l4 --
llc: ../tests1/diplodocus-arrayinstruct.ll:60:34: error: '%r14structarrayzStruct_i32z' defined with type '{ i32, i32* }*'
  store %struct.arrayzStruct_i32 %r14structarrayzStruct_i32z, %struct.arrayzStruct_i32* %s1structarrayzStruct_i32z
                                 ^
invocation of llc -march=x86-64 failed
couldn't move ../tests1/diplodocus-arrayinstruct.s
llc: ../tests1/diplodocus-arrow.ll:70:13: error: '%r36i32' defined with type 'i32*'
  store i32 %r36i32, i32* %s3i32
gcc: error: ../log/tests1/diplodocus-arrayinstruct-l4.s: No such file or directory
gcc: error: ../log/tests1/diplodocus-arrow-l4.s: No such file or directory
-- Testing file ../tests1/eagle-null2.l4 --
Correct result
-- PASS ../tests1/deagol-has-a-big-stack.l4 --
-- Testing file ../tests1/eagle-null5.l4 --
Correct result
-- PASS ../tests1/deagol-loves-to-see-you-smile.l4 --
-- Testing file ../tests1/eagle-return1.l4 --
Compilation unexpectedly failed on ../tests1/denethor-return3.l4.
-- FAIL ../tests1/denethor-return3.l4 --
-- Testing file ../tests1/eagle-return2.l4 --
Compilation unexpectedly failed on ../tests1/diplodocus-error-lvalue-postfix.l4.
-- FAIL ../tests1/diplodocus-error-lvalue-postfix.l4 --
-- Testing file ../tests1/elendil-demands-your-typedefs-dont-suck.l4 --
Compilation unexpectedly failed on ../tests1/denethor-return4.l4.
-- FAIL ../tests1/denethor-return4.l4 --
-- Testing file ../tests1/elendil-derefs.l4 --
Compilation unexpectedly failed on ../tests1/dilophosaurus-alloc.l4.
-- FAIL ../tests1/dilophosaurus-alloc.l4 --
-- Testing file ../tests1/elendil-herd-u-liek-structs.l4 --
Compilation unexpectedly failed on ../tests1/dilophosaurus-arrays1.l4.
-- FAIL ../tests1/dilophosaurus-arrays1.l4 --
-- Testing file ../tests1/elendil-more-type-fun.l4 --
Compilation unexpectedly failed on ../tests1/dilophosaurus-fields.l4.
-- FAIL ../tests1/dilophosaurus-fields.l4 --
-- Testing file ../tests1/elendil-pass-struct.l4 --
Compilation unexpectedly failed on ../tests1/dilophosaurus-goodSwap.l4.
-- FAIL ../tests1/dilophosaurus-goodSwap.l4 --
-- Testing file ../tests1/elendil-struct-array.l4 --
Compilation unexpectedly failed on ../tests1/dilophosaurus-null.l4.
-- FAIL ../tests1/dilophosaurus-null.l4 --
-- Testing file ../tests1/empty.l4 --
Compilation unexpectedly failed on ../tests1/dilophosaurus-random.l4.
-- FAIL ../tests1/dilophosaurus-random.l4 --
-- Testing file ../tests1/eomer-ambig-mult2.l4 --
Compilation unexpectedly failed on ../tests1/dilophosaurus-struct_large.l4.
-- FAIL ../tests1/dilophosaurus-struct_large.l4 --
-- Testing file ../tests1/eomer-array-empty-struct.l4 --
Compilation unexpectedly failed on ../tests1/dilophosaurus-structComparison.l4.
-- FAIL ../tests1/dilophosaurus-structComparison.l4 --
Warning: should not be looking up raw struct instead of struct*%struct.A
Warning: should not be looking up raw struct instead of struct*%struct.A
Warning: should not be looking up raw struct instead of struct*%struct.A
Warning: should not be looking up raw struct instead of struct*%struct.A
%% Timeout after 10 seconds
-- Testing file ../tests1/eomer-empty-struct.l4 --
Failed cmd: bin/l4c --llvm -l 15411.h0 ../tests1/brachiosaurus-twiddle-stress.l4 
-- FAIL ../tests1/brachiosaurus-twiddle-stress.l4 --
-- Testing file ../tests1/eomer-linked-list2.l4 --
llc: ../tests1/diplodocus-ll.ll:149:23: error: '%r82ptrstructnzz' defined with type '{ i32, \2 }*'
  %r83i32 = load i32* %r82ptrstructnzz
                      ^
invocation of llc -march=x86-64 failed
couldn't move ../tests1/diplodocus-ll.s
gcc: error: ../log/tests1/diplodocus-ll-l4.s: No such file or directory
llc: ../tests1/diplodocus-lvalue.ll:125:34: error: '%r62structarrayzStruct_i32z' defined with type '{ i32, i32* }*'
  store %struct.arrayzStruct_i32 %r62structarrayzStruct_i32z, %struct.arrayzStruct_i32* %s8structarrayzStruct_i32z
                                 ^
invocation of llc -march=x86-64 failed
couldn't move ../tests1/diplodocus-lvalue.s
gcc: error: ../log/tests1/diplodocus-lvalue-l4.s: No such file or directory
Compilation unexpectedly failed on ../tests1/dilophosaurus-structComparison3.l4.
-- FAIL ../tests1/dilophosaurus-structComparison3.l4 --
-- Testing file ../tests1/eomer-ptr-to-array.l4 --
llc: ../tests1/diplodocus-nulltest.ll:10:28: error: pointers to void are invalid; use i8* instead
  %s3ptrvoidz = alloca void*
                           ^
invocation of llc -march=x86-64 failed
couldn't move ../tests1/diplodocus-nulltest.s
llc: ../tests1/diplodocus-selection_sort.ll:101:14: error: '%r41ptri32z' defined with type 'i32**'
  store i32* %r41ptri32z, i32** %s12ptri32z
             ^
invocation of llc -march=x86-64 failed
couldn't move ../tests1/diplodocus-selection_sort.s
gcc: error: ../log/tests1/diplodocus-nulltest-l4.s: No such file or directory
llc: ../tests1/diplodocus-zip.ll:45:15: error: expected '=' after instruction name
  %s16ptrarray%struct.p*zz = alloca [0 x %struct.p* ]*
              ^
invocation of llc -march=x86-64 failed
couldn't move ../tests1/diplodocus-zip.s
gcc: error: ../log/tests1/diplodocus-selection_sort-l4.s: No such file or directory
gcc: error: ../log/tests1/diplodocus-zip-l4.s: No such file or directory
llc: ../tests1/eagle-lots-of-fields.ll:26:13: error: '%r14i32' defined with type 'i32*'
  store i32 %r14i32, i32* %s1i32
            ^
invocation of llc -march=x86-64 failed
couldn't move ../tests1/eagle-lots-of-fields.s
Compilation unexpectedly failed on ../tests1/dilophosaurus-structNamespace.l4.
-- FAIL ../tests1/dilophosaurus-structNamespace.l4 --
gcc: error: ../log/tests1/eagle-lots-of-fields-l4.s: No such file or directory
-- Testing file ../tests1/eomer-struct-typedef1.l4 --
Compilation unexpectedly failed on ../tests1/dilophosaurus-wrongSwap.l4.
-- FAIL ../tests1/dilophosaurus-wrongSwap.l4 --
-- Testing file ../tests1/eomer-struct-typedef2.l4 --
Compilation unexpectedly failed on ../tests1/diplodocus-alloc_test.l4.
-- FAIL ../tests1/diplodocus-alloc_test.l4 --
-- Testing file ../tests1/eomer-typedef-struct.l4 --
Compilation unexpectedly failed on ../tests1/diplodocus-allocintstararray.l4.
-- FAIL ../tests1/diplodocus-allocintstararray.l4 --
-- Testing file ../tests1/eowyn-jpaulson_array_struct.l4 --
Compilation unexpectedly failed on ../tests1/diplodocus-arrayarray.l4.
-- FAIL ../tests1/diplodocus-arrayarray.l4 --
Warning: should not be looking up raw struct instead of struct*%struct.s
Warning: should not be looking up raw struct instead of struct*%struct.s
-- Testing file ../tests1/eowyn-jpaulson_order_matters.l4 --
llc: ../tests1/eagle-nested.ll:35:13: error: '%r19i32' defined with type 'i32*'
  store i32 %r19i32, i32* %s1i32
            ^
invocation of llc -march=x86-64 failed
couldn't move ../tests1/eagle-nested.s
Compilation unexpectedly failed on ../tests1/diplodocus-arrayinstruct.l4.
-- FAIL ../tests1/diplodocus-arrayinstruct.l4 --
Warning: should not be looking up raw struct instead of struct*%struct.s
Warning: should not be looking up raw struct instead of struct*%struct.s
Warning: should not be looking up raw struct instead of struct*%struct.s
-- Testing file ../tests1/eowyn-jpaulson_struct_args.l4 --
Compilation unexpectedly failed on ../tests1/diplodocus-arrow.l4.
-- FAIL ../tests1/diplodocus-arrow.l4 --
gcc: error: ../log/tests1/eagle-nested-l4.s: No such file or directory
c0c: A type was mismatched in codeGen when dereferencing i32 %s1i32 of type i32
-- Testing file ../tests1/eowyn-jpaulson_structs.l4 --
llc: ../tests1/eagle-lots-of-structs.ll:9029:13: error: '%r5014i32' defined with type 'i32*'
  store i32 %r5014i32, i32* %s1i32
            ^
invocation of llc -march=x86-64 failed
couldn't move ../tests1/eagle-lots-of-structs.s
gcc: error: ../log/tests1/eagle-lots-of-structs-l4.s: No such file or directory
llc: ../tests1/eagle-null2.ll:5:28: error: pointers to void are invalid; use i8* instead
  %s2ptrvoidz = alloca void*
                           ^
invocation of llc -march=x86-64 failed
couldn't move ../tests1/eagle-null2.s
gcc: error: ../log/tests1/eagle-null2-l4.s: No such file or directory
llc: ../tests1/eagle-null5.ll:4:28: error: pointers to void are invalid; use i8* instead
  %s2ptrvoidz = alloca void*
                           ^
invocation of llc -march=x86-64 failed
couldn't move ../tests1/eagle-null5.s
gcc: error: ../log/tests1/eagle-null5-l4.s: No such file or directory
llc: ../tests1/eagle-return1.ll:33:12: error: '%r14i1' defined with type 'i1*'
  store i1 %r14i1, i1* %s1i1
           ^
invocation of llc -march=x86-64 failed
couldn't move ../tests1/eagle-return1.s
gcc: error: ../log/tests1/eagle-return1-l4.s: No such file or directory
llc: ../tests1/eagle-return2.ll:93:14: error: '%r45ptri32z' defined with type 'i32**'
  store i32* %r45ptri32z, i32** %s12ptri32z
             ^
invocation of llc -march=x86-64 failed
couldn't move ../tests1/eagle-return2.s
gcc: error: ../log/tests1/eagle-return2-l4.s: No such file or directory
llc: ../tests1/elendil-demands-your-typedefs-dont-suck.ll:59:21: error: '%r32ptrstructs1zz' defined with type '{ i32, i32, i1, \2, \2 }**'
  store %struct.s1* %r32ptrstructs1zz, %struct.s1** %s2ptrstructs1zz
                    ^
invocation of llc -march=x86-64 failed
couldn't move ../tests1/elendil-demands-your-typedefs-dont-suck.s
gcc: error: ../log/tests1/elendil-demands-your-typedefs-dont-suck-l4.s: No such file or directory
llc: ../tests1/elendil-more-type-fun.ll:47:13: error: '%r25i32' defined with type 'i32*'
  store i32 %r25i32, i32* %s2i32
            ^
invocation of llc -march=x86-64 failed
couldn't move ../tests1/elendil-more-type-fun.s
gcc: error: ../log/tests1/elendil-more-type-fun-l4.s: No such file or directory
llc: ../tests1/elendil-pass-struct.ll:31:13: error: '%r14i32' defined with type 'i32*'
  store i32 %r14i32, i32* %s1i32
            ^
invocation of llc -march=x86-64 failed
couldn't move ../tests1/elendil-pass-struct.s
gcc: error: ../log/tests1/elendil-pass-struct-l4.s: No such file or directory
llc: ../tests1/elendil-struct-array.ll:33:15: error: expected '=' after instruction name
  %s12ptrarray%struct.Azz = alloca [0 x %struct.A ]*
              ^
invocation of llc -march=x86-64 failed
couldn't move ../tests1/elendil-struct-array.s
gcc: error: ../log/tests1/elendil-struct-array-l4.s: No such file or directory
llc: ../tests1/empty.ll:62:25: error: '@calloc' defined with type 'i8* ({}*, i32)*'
  %r29ptri8z = call i8* @calloc(i32 %r30i32, i32 %r31i32)
                        ^
invocation of llc -march=x86-64 failed
couldn't move ../tests1/empty.s
gcc: error: ../log/tests1/empty-l4.s: No such file or directory
llc: ../tests1/elendil-herd-u-liek-structs.ll:8498:13: error: '%r4719i32' defined with type 'i32*'
  store i32 %r4719i32, i32* %s1i32
            ^
invocation of llc -march=x86-64 failed
couldn't move ../tests1/elendil-herd-u-liek-structs.s
gcc: error: ../log/tests1/elendil-herd-u-liek-structs-l4.s: No such file or directory
llc: ../tests1/eomer-array-empty-struct.ll:62:25: error: '@calloc' defined with type 'i8* ({}*, i32)*'
  %r29ptri8z = call i8* @calloc(i32 %r30i32, i32 %r31i32)
                        ^
invocation of llc -march=x86-64 failed
couldn't move ../tests1/eomer-array-empty-struct.s
gcc: error: ../log/tests1/eomer-array-empty-struct-l4.s: No such file or directory
llc: ../tests1/eomer-linked-list2.ll:8:28: error: invalid cast opcode for cast from '{ i32, \2* }' to '{ i32, \2* }'
  %r2structnodez = bitcast %struct.node %s0structnodez to %struct.node
                           ^
invocation of llc -march=x86-64 failed
couldn't move ../tests1/eomer-linked-list2.s
Compilation unexpectedly failed on ../tests1/diplodocus-ll.l4.
-- FAIL ../tests1/diplodocus-ll.l4 --
-- Testing file ../tests1/eowyn-nbarshay_namespace.l4 --
Compilation unexpectedly failed on ../tests1/diplodocus-lvalue.l4.
-- FAIL ../tests1/diplodocus-lvalue.l4 --
gcc: error: ../log/tests1/eomer-linked-list2-l4.s: No such file or directory
-- Testing file ../tests1/eval-order-assign.l4 --
llc: ../tests1/eomer-ptr-to-array.ll:30:17: error: expected '=' after instruction name
  %s9ptrarrayi32*zz = alloca [0 x i32* ]*
                ^
invocation of llc -march=x86-64 failed
couldn't move ../tests1/eomer-ptr-to-array.s
Compilation unexpectedly failed on ../tests1/diplodocus-nulltest.l4.
-- FAIL ../tests1/diplodocus-nulltest.l4 --
c0c: Missing findTemps case:%Hi32* %s1ptri32z = add i32 %s4i32, %s5i32
gcc: error: ../log/tests1/eomer-ptr-to-array-l4.s: No such file or directory-- Testing file ../tests1/faramir-dync0-sort.l4 --
Compilation unexpectedly failed on ../tests1/diplodocus-selection_sort.l4.
-- FAIL ../tests1/diplodocus-selection_sort.l4 --
-- Testing file ../tests1/faramir-permutation.l4 --
Compilation unexpectedly failed on ../tests1/diplodocus-zip.l4.
-- FAIL ../tests1/diplodocus-zip.l4 --
c0c: A type was mismatched in codeGen when dereferencing i32 %s8i32 of type i32
-- Testing file ../tests1/faramir-pointer-hell.l4 --
Compilation unexpectedly failed on ../tests1/eagle-lots-of-fields.l4.
-- FAIL ../tests1/eagle-lots-of-fields.l4 --
-- Testing file ../tests1/faramir-really-loves-dynamic-languages.l4 --
llc: ../tests1/eomer-struct-typedef1.ll:35:23: error: '%r17ptrstructszz' defined with type '{ i32, i32, i32 }*'
  %r18i32 = load i32* %r17ptrstructszz
                      ^
invocation of llc -march=x86-64 failed
couldn't move ../tests1/eomer-struct-typedef1.s
gcc: error: ../log/tests1/eomer-struct-typedef1-l4.s: No such file or directory
llc: ../tests1/eomer-struct-typedef2.ll:32:23: error: '%r17ptrstructszz' defined with type '{ i32, i32, i32 }*'
  %r18i32 = load i32* %r17ptrstructszz
                      ^
invocation of llc -march=x86-64 failed
c0c: couldn't move ../tests1/eomer-struct-typedef2.s
ing i32 %s8i32 of type i32
gcc: error: ../log/tests1/eomer-struct-typedef2-l4.s: No such file or directory
llc: ../tests1/eomer-typedef-struct.ll:24:14: error: expected '=' after instruction name
  %s8ptrarray%struct.szz = alloca [0 x %struct.s ]*
             ^
invocation of llc -march=x86-64 failed
couldn't move ../tests1/eomer-typedef-struct.s
gcc: error: ../log/tests1/eomer-typedef-struct-l4.s: No such file or directory
llc: ../tests1/elendil-derefs.ll:48:512: error: '%r28ptrptrptrptrptrptrptrptrptrptrptrptrptrptrptrptrptrptrptrptrptrptrptrptrptrptrptrptrptrptrptrptrptrptrptrptrptrptrptrptrptrptrptrptrptrptrptrptrptrptrptrptrptrptrptrptrptrptrptrptrptrptrptrptrptrptrptrptrptrptrptrptrptrptrptrptrptrptrptrptrptrptrptrptrptrptrptrptrptrptrptrptrptrptrptrptrptrptrptrptrptrptrptrptrptrptrptrptrptrptrptrptrptrptrptrptrptrptrptrptrptrptrptrptrptrptrptrptrptrptrptrptrptrptrptrptrptrptrptrptrptrptrptrptrptrptrptrptrptrptrptrptrptrptrptrptrptrptrptrptrptrptrptrptrptrptrptrptrptrptrptrptrptrptrptrptrptrptrptrptrptrptrptrptrptrptrptrptrptrptrptrptrptrptrptrptrptrptrptrptrptrptrptrptrptrptrptrptrptrptrptrptrptrptrptrptrptrptrptrptrptrptrptrptrptrptrptrptrptrptrptrptrptrptrptrptrptrptrptrptrptrptrptrptrptrptrptrptrptrptrptrptrptrptrptrptrptrptrptrptrptrptrptrptrptrptrptrptrptrptrptrptrptrptrptrptrptrptrptrptrptrptrptrptrptrptrptrptrptrptrptrptrptrptrptrptrptrptrptrptrptrptrptrptrptrptrptrptrptrptrptrptrptrptrptrptrptrptrptrptrptrptrptrptrptrptrptrptrptrptrptrptrptrptrptrptrptrptrptrptrptrptrptrptrptrptrptrptrptrptrptrptrptrptrptrptrptrptrptrptrptrptrptrptrptrptrptrptrptrptrptrptrptrptrptrptrptrptrptrptrptrptrptrptrptrptrptrptrptrptrptrptrptrptrptrptrptrptrptrptrptrptrptrptrptrptrptrptrptrptrptrptrptrptrptrptrptrptrptrptrptrptrptrptrptrptrptrptrptrptrptrptrptrptrptrptrptrptrptrptrptrptrptrptrptrptrptrptrptrptrptrptrptrptrptrptrptrptrptrptrptrptrptrptrptrptrptrptrptrptrptrptrptrptrptrptrptrptrptrptrptrptrptrptrptrptrptrptrptrptrptrptrptrptrptrptrptrptrptri32zzzzzzzzzzzzzzzzzzzzzzzzzzzzzzzzzzzzzzzzzzzzzzzzzzzzzzzzzzzzzzzzzzzzzzzzzzzzzzzzzzzzzzzzzzzzzzzzzzzzzzzzzzzzzzzzzzzzzzzzzzzzzzzzzzzzzzzzzzzzzzzzzzzzzzzzzzzzzzzzzzzzzzzzzzzzzzzzzzzzzzzzzzzzzzzzzzzzzzzzzzzzzzzzzzzzzzzzzzzzzzzzzzzzzzzzzzzzzzzzzzzzzzzzzzzzzzzzzzzzzzzzzzzzzzzzzzzzzzzzzzzzzzzzzzzzzzzzzzzzzzzzzzzzzzzzzzzzzzzzzzzzzzzzzzzzzzzzzzzzzzzzzzzzzzzzzzzzzzzzzzzzzzzzzzzzzzzzzzzzzzzzzzzzzzzzzzzzzzzzzzzzzzzzzzzzzzzzzzzzzzzzzzzzzzzzzzzzzzzzzzzzzzzzzzzzzzzzzzzzzzzzzzzzzzzzzzzzzzzzzzzzzzzzzzzzzzzzzzz' defined with type 'i32********************************************************************************************************************************************************************************************************************************************************************************************************************************************************************************************************************************************************************************************************************'
  store i32******************************************************************************************************************************************************************************************************************************************************************************************************************************************************************************************************************************************************************************************************************* %r28ptrptrptrptrptrptrptrptrptrptrptrptrptrptrptrptrptrptrptrptrptrptrptrptrptrptrptrptrptrptrptrptrptrptrptrptrptrptrptrptrptrptrptrptrptrptrptrptrptrptrptrptrptrptrptrptrptrptrptrptrptrptrptrptrptrptrptrptrptrptrptrptrptrptrptrptrptrptrptrptrptrptrptrptrptrptrptrptrptrptrptrptrptrptrptrptrptrptrptrptrptrptrptrptrptrptrptrptrptrptrptrptrptrptrptrptrptrptrptrptrptrptrptrptrptrptrptrptrptrptrptrptrptrptrptrptrptrptrptrptrptrptrptrptrptrptrptrptrptrptrptrptrptrptrptrptrptrptrptrptrptrptrptrptrptrptrptrptrptrptrptrptrptrptrptrptrptrptrptrptrptrptrptrptrptrptrptrptrptrptrptrptrptrptrptrptrptrptrptrptrptrptrptrptrptrptrptrptrptrptrptrptrptrptrptrptrptrptrptrptrptrptrptrptrptrptrptrptrptrptrptrptrptrptrptrptrptrptrptrptrptrptrptrptrptrptrptrptrptrptrptrptrptrptrptrptrptrptrptrptrptrptrptrptrptrptrptrptrptrptrptrptrptrptrptrptrptrptrptrptrptrptrptrptrptrptrptrptrptrptrptrptrptrptrptrptrptrptrptrptrptrptrptrptrptrptrptrptrptrptrptrptrptrptrptrptrptrptrptrptrptrptrptrptrptrptrptrptrptrptrptrptrptrptrptrptrptrptrptrptrptrptrptrptrptrptrptrptrptrptrptrptrptrptrptrptrptrptrptrptrptrptrptrptrptrptrptrptrptrptrptrptrptrptrptrptrptrptrptrptrptrptrptrptrptrptrptrptrptrptrptrptrptrptrptrptrptrptrptrptrptrptrptrptrptrptrptrptrptrptrptrptrptrptrptrptrptrptrptrptrptrptrptrptrptrptrptrptrptrptrptrptrptrptrptrptrptrptrptrptrptrptrptrptrptrptrptrptrptrptrptrptrptrptrptrptrptrptrptrptrptrptrptrptrptrptrptrptrptrptrptrptrptrptrptrptrptrptrptrptrptrptrptrptrptrptrptrptrptrptrptrptrptrptrptrptrptrptrptri32zzzzzzzzzzzzzzzzzzzzzzzzzzzzzzzzzzzzzzzzzzzzzzzzzzzzzzzzzzzzzzzzzzzzzzzzzzzzzzzzzzzzzzzzzzzzzzzzzzzzzzzzzzzzzzzzzzzzzzzzzzzzzzzzzzzzzzzzzzzzzzzzzzzzzzzzzzzzzzzzzzzzzzzzzzzzzzzzzzzzzzzzzzzzzzzzzzzzzzzzzzzzzzzzzzzzzzzzzzzzzzzzzzzzzzzzzzzzzzzzzzzzzzzzzzzzzzzzzzzzzzzzzzzzzzzzzzzzzzzzzzzzzzzzzzzzzzzzzzzzzzzzzzzzzzzzzzzzzzzzzzzzzzzzzzzzzzzzzzzzzzzzzzzzzzzzzzzzzzzzzzzzzzzzzzzzzzzzzzzzzzzzzzzzzzzzzzzzzzzzzzzzzzzzzzzzzzzzzzzzzzzzzzzzzzzzzzzzzzzzzzzzzzzzzzzzzzzzzzzzzzzzzzzzzzzzzzzzzzzzzzzzzzzzzzzzzzzzzzz, i32******************************************************************************************************************************************************************************************************************************************************************************************************************************************************************************************************************************************************************************************************************** %s1ptrptrptrptrptrptrptrptrptrptrptrptrptrptrptrptrptrptrptrptrptrptrptrptrptrptrptrptrptrptrptrptrptrptrptrptrptrptrptrptrptrptrptrptrptrptrptrptrptrptrptrptrptrptrptrptrptrptrptrptrptrptrptrptrptrptrptrptrptrptrptrptrptrptrptrptrptrptrptrptrptrptrptrptrptrptrptrptrptrptrptrptrptrptrptrptrptrptrptrptrptrptrptrptrptrptrptrptrptrptrptrptrptrptrptrptrptrptrptrptrptrptrptrptrptrptrptrptrptrptrptrptrptrptrptrptrptrptrptrptrptrptrptrptrptrptrptrptrptrptrptrptrptrptrptrptrptrptrptrptrptrptrptrptrptrptrptrptrptrptrptrptrptrptrptrptrptrptrptrptrptrptrptrptrptrptrptrptrptrptrptrptrptrptrptrptrptrptrptrptrptrptrptrptrptrptrptrptrptrptrptrptrptrptrptrptrptrptrptrptrptrptrptrptrptrptrptrptrptrptrptrptrptrptrptrptrptrptrptrptrptrptrptrptrptrptrptrptrptrptrptrptrptrptrptrptrptrptrptrptrptrptrptrptrptrptrptrptrptrptrptrptrptrptrptrptrptrptrptrptrptrptrptrptrptrptrptrptrptrptrptrptrptrptrptrptrptrptrptrptrptrptrptrptrptrptrptrptrptrptrptrptrptrptrptrptrptrptrptrptrptrptrptrptrptrptrptrptrptrptrptrptrptrptrptrptrptrptrptrptrptrptrptrptrptrptrptrptrptrptrptrptrptrptrptrptrptrptrptrptrptrptrptrptrptrptrptrptrptrptrptrptrptrptrptrptrptrptrptrptrptrptrptrptrptrptrptrptrptrptrptrptrptrptrptrptrptrptrptrptrptrptrptrptrptrptrptrptrptrptrptrptrptrptrptrptrptrptrptrptrptrptrptrptrptrptrptrptrptrptrptrptrptrptrptrptrptrptrptrptrptrptrptrptrptrptrptrptrptrptrptrptrptrptrptrptrptrptrptrptrptrptrptrptrptrptrptrptrptrptrptrptrptrptrptrptrptrptrptrptrptrptrptrptrptrptrptrptrptrptrptrptrptrptrptrptrptrptrptri32zzzzzzzzzzzzzzzzzzzzzzzzzzzzzzzzzzzzzzzzzzzzzzzzzzzzzzzzzzzzzzzzzzzzzzzzzzzzzzzzzzzzzzzzzzzzzzzzzzzzzzzzzzzzzzzzzzzzzzzzzzzzzzzzzzzzzzzzzzzzzzzzzzzzzzzzzzzzzzzzzzzzzzzzzzzzzzzzzzzzzzzzzzzzzzzzzzzzzzzzzzzzzzzzzzzzzzzzzzzzzzzzzzzzzzzzzzzzzzzzzzzzzzzzzzzzzzzzzzzzzzzzzzzzzzzzzzzzzzzzzzzzzzzzzzzzzzzzzzzzzzzzzzzzzzzzzzzzzzzzzzzzzzzzzzzzzzzzzzzzzzzzzzzzzzzzzzzzzzzzzzzzzzzzzzzzzzzzzzzzzzzzzzzzzzzzzzzzzzzzzzzzzzzzzzzzzzzzzzzzzzzzzzzzzzzzzzzzzzzzzzzzzzzzzzzzzzzzzzzzzzzzzzzzzzzzzzzzzzzzzzzzzzzzzzzzzzzzzzz
                                                                                                                                                                                                                                                                                                                                                                                                                                                                                                                               ^
invocation of llc -march=x86-64 failed
couldn't move ../tests1/elendil-derefs.s
gcc: error: ../log/tests1/elendil-derefs-l4.s: No such file or directory
llc: ../tests1/eowyn-jpaulson_array_struct.ll:41:14: error: expected '=' after instruction name
  %s8ptrarray%struct.szz = alloca [0 x %struct.s ]*
             ^
invocation of llc -march=x86-64 failed
couldn't move ../tests1/eowyn-jpaulson_array_struct.s
gcc: error: ../log/tests1/eowyn-jpaulson_array_struct-l4.s: No such file or directory
llc: ../tests1/eowyn-jpaulson_order_matters.ll:26:27: error: use of undefined value '%r15ptri32z'
  store i32 %r14i32, i32* %r15ptri32z
                          ^
invocation of llc -march=x86-64 failed
couldn't move ../tests1/eowyn-jpaulson_order_matters.s
Compilation unexpectedly failed on ../tests1/eagle-nested.l4.
-- FAIL ../tests1/eagle-nested.l4 --
gcc: error: ../log/tests1/eowyn-jpaulson_order_matters-l4.s: No such file or directory
-- Testing file ../tests1/faramir-splay.l4 --
Compilation unexpectedly failed on ../tests1/eowyn-jpaulson_struct_args.l4.
-- FAIL ../tests1/eowyn-jpaulson_struct_args.l4 --
-- Testing file ../tests1/fibarray.l4 --
llc: ../tests1/eowyn-jpaulson_structs.ll:42:23: error: '%r22ptrstructtzz' defined with type '{ i32 }*'
  %r23i32 = load i32* %r22ptrstructtzz
                      ^
invocation of llc -march=x86-64 failed
couldn't move ../tests1/eowyn-jpaulson_structs.s
Compilation unexpectedly failed on ../tests1/eagle-lots-of-structs.l4.
-- FAIL ../tests1/eagle-lots-of-structs.l4 --
gcc: error: ../log/tests1/eowyn-jpaulson_structs-l4.s: No such file or directory
-- Testing file ../tests1/galimimus-arrow-pointer-precedence.l4 --
Compilation unexpectedly failed on ../tests1/eagle-null2.l4.
-- FAIL ../tests1/eagle-null2.l4 --
-- Testing file ../tests1/galimimus-assign-null.l4 --
Compilation unexpectedly failed on ../tests1/eagle-null5.l4.
-- FAIL ../tests1/eagle-null5.l4 --
-- Testing file ../tests1/galimimus-bsearch.l4 --
Compilation unexpectedly failed on ../tests1/eagle-return1.l4.
-- FAIL ../tests1/eagle-return1.l4 --
-- Testing file ../tests1/galimimus-bst.l4 --
Compilation unexpectedly failed on ../tests1/eagle-return2.l4.
-- FAIL ../tests1/eagle-return2.l4 --
-- Testing file ../tests1/galimimus-compare-null.l4 --
Compilation unexpectedly failed on ../tests1/elendil-demands-your-typedefs-dont-suck.l4.
-- FAIL ../tests1/elendil-demands-your-typedefs-dont-suck.l4 --
-- Testing file ../tests1/galimimus-context-sensitive.l4 --
Compilation unexpectedly failed on ../tests1/elendil-more-type-fun.l4.
-- FAIL ../tests1/elendil-more-type-fun.l4 --
-- Testing file ../tests1/galimimus-context-sensitive2.l4 --
Compilation unexpectedly failed on ../tests1/elendil-pass-struct.l4.
-- FAIL ../tests1/elendil-pass-struct.l4 --
-- Testing file ../tests1/galimimus-left-right-eval3.l4 --
Compilation unexpectedly failed on ../tests1/elendil-struct-array.l4.
-- FAIL ../tests1/elendil-struct-array.l4 --
-- Testing file ../tests1/galimimus-pass-by-value.l4 --
Compilation unexpectedly failed on ../tests1/empty.l4.
-- FAIL ../tests1/empty.l4 --
-- Testing file ../tests1/galimimus-pointer-test.l4 --
Compilation unexpectedly failed on ../tests1/elendil-herd-u-liek-structs.l4.
-- FAIL ../tests1/elendil-herd-u-liek-structs.l4 --
-- Testing file ../tests1/galimimus-struct-arrow-precedence.l4 --
Compilation unexpectedly failed on ../tests1/eomer-array-empty-struct.l4.
-- FAIL ../tests1/eomer-array-empty-struct.l4 --
-- Testing file ../tests1/galimimus-struct-dot-access.l4 --
Compilation unexpectedly failed on ../tests1/eomer-linked-list2.l4.
-- FAIL ../tests1/eomer-linked-list2.l4 --
-- Testing file ../tests1/galimimus-struct-field-namespace.l4 --
llc: ../tests1/eowyn-nbarshay_namespace.ll:31:20: error: '%r14ptrstructxzz' defined with type '{ \2, i32 }**'
  store %struct.x* %r14ptrstructxzz, %struct.x** %s1ptrstructxzz
                   ^
invocation of llc -march=x86-64 failed
couldn't move ../tests1/eowyn-nbarshay_namespace.s
Compilation unexpectedly failed on ../tests1/eval-order-assign.l4.
-- FAIL ../tests1/eval-order-assign.l4 --
gcc: error: ../log/tests1/eowyn-nbarshay_namespace-l4.s: No such file or directory
-- Testing file ../tests1/galimimus-struct-namespace.l4 --
Correct result
-- PASS ../tests1/diplodocus-multest.l4 --
-- Testing file ../tests1/galimimus-struct-recursive.l4 --
Compilation unexpectedly failed on ../tests1/eomer-ptr-to-array.l4.
-- FAIL ../tests1/eomer-ptr-to-array.l4 --
-- Testing file ../tests1/galimimus-typedef-pointer.l4 --
Compilation unexpectedly failed on ../tests1/faramir-dync0-sort.l4.
-- FAIL ../tests1/faramir-dync0-sort.l4 --
-- Testing file ../tests1/galimimus-typedef-struct.l4 --
llc: ../tests1/faramir-permutation.ll:37:15: error: expected '=' after instruction name
  %s13ptrarray%struct.arrayzStruct_i32zz = alloca [0 x %struct.arrayzStruct_i32 ]*
              ^
invocation of llc -march=x86-64 failed
couldn't move ../tests1/faramir-permutation.s
gcc: error: ../log/tests1/faramir-permutation-l4.s: No such file or directory
llc: ../tests1/faramir-pointer-hell.ll:135:57: error: '%r65ptrptri32zz' defined with type 'i32**'
  %r66ptrptrptri32zzz = mul i32*** %r64ptrptrptri32zzz, %r65ptrptri32zz
                                                        ^
invocation of llc -march=x86-64 failed
couldn't move ../tests1/faramir-pointer-hell.s
Compilation unexpectedly failed on ../tests1/faramir-really-loves-dynamic-languages.l4.
-- FAIL ../tests1/faramir-really-loves-dynamic-languages.l4 --
gcc: error: ../log/tests1/faramir-pointer-hell-l4.s: No such file or directory
-- Testing file ../tests1/georgia-a-foo-array.l4 --
Compilation unexpectedly failed on ../tests1/eomer-struct-typedef1.l4.
-- FAIL ../tests1/eomer-struct-typedef1.l4 --
-- Testing file ../tests1/georgia-a-pointer-mult.l4 --
Compilation unexpectedly failed on ../tests1/eomer-struct-typedef2.l4.
-- FAIL ../tests1/eomer-struct-typedef2.l4 --
-- Testing file ../tests1/georgia-a-ptr_and_int.l4 --
Compilation unexpectedly failed on ../tests1/eomer-typedef-struct.l4.
-- FAIL ../tests1/eomer-typedef-struct.l4 --
Warning: should not be looking up raw struct instead of struct*%struct.foo
Warning: should not be looking up raw struct instead of struct*%struct.foo
Warning: should not be looking up raw struct instead of struct*%struct.foo
Warning: should not be looking up raw struct instead of struct*%struct.foo
-- Testing file ../tests1/georgia-a-return-test.l4 --
Compilation unexpectedly failed on ../tests1/elendil-derefs.l4.
-- FAIL ../tests1/elendil-derefs.l4 --
-- Testing file ../tests1/georgia-a-swap.l4 --
Compilation unexpectedly failed on ../tests1/eowyn-jpaulson_array_struct.l4.
-- FAIL ../tests1/eowyn-jpaulson_array_struct.l4 --
Warning: should not be looking up raw struct instead of struct*%struct.foo
Warning: should not be looking up raw struct instead of struct*%struct.foo
Warning: should not be looking up raw struct instead of struct*%struct.foo
Warning: should not be looking up raw struct instead of struct*%struct.foo
Warning: should not be looking up raw struct instead of struct*%struct.foo
Warning: should not be looking up raw struct instead of struct*%struct.foo
Warning: should not be looking up raw struct instead of struct*%struct.foo
Warning: should not be looking up raw struct instead of struct*%struct.foo
Compilation unexpectedly failed on ../tests1/eowyn-jpaulson_order_matters.l4.
Warning: should not be looking up raw struct instead of struct*%struct.foo
-- Testing file ../tests1/georgia-b-linked-list-sum.l4 --
llc: ../tests1/faramir-splay.ll:8:28: error: pointers to void are invalid; use i8* instead
  %s3ptrvoidz = alloca void*
                           ^
invocation of llc -march=x86-64 failed
couldn't move ../tests1/faramir-splay.s
gcc: error: ../log/tests1/faramir-splay-l4.s: No such file or directory
llc: ../tests1/fibarray.ll:120:14: error: '%r48ptri32z' defined with type 'i32**'
  store i32* %r48ptri32z, i32** %s10ptri32z
             ^
invocation of llc -march=x86-64 failed
couldn't move ../tests1/fibarray.s
Compilation unexpectedly failed on ../tests1/eowyn-jpaulson_structs.l4.
-- FAIL ../tests1/eowyn-jpaulson_structs.l4 --
gcc: error: ../log/tests1/fibarray-l4.s: No such file or directory
-- Testing file ../tests1/georgia-b-many-pointer.l4 --
llc: ../tests1/galimimus-arrow-pointer-precedence.ll:31:14: error: '%r14ptri32z' defined with type 'i32**'
  store i32* %r14ptri32z, i32** %s1ptri32z
             ^
invocation of llc -march=x86-64 failed
couldn't move ../tests1/galimimus-arrow-pointer-precedence.s
gcc: error: ../log/tests1/galimimus-arrow-pointer-precedence-l4.s: No such file or directory
llc: ../tests1/galimimus-assign-null.ll:4:28: error: pointers to void are invalid; use i8* instead
  %s2ptrvoidz = alloca void*
                           ^
invocation of llc -march=x86-64 failed
couldn't move ../tests1/galimimus-assign-null.s
gcc: error: ../log/tests1/galimimus-assign-null-l4.s: No such file or directory
llc: ../tests1/galimimus-bsearch.ll:84:14: error: '%r41ptri32z' defined with type 'i32**'
  store i32* %r41ptri32z, i32** %s10ptri32z
             ^
invocation of llc -march=x86-64 failed
couldn't move ../tests1/galimimus-bsearch.s
gcc: error: ../log/tests1/galimimus-bsearch-l4.s: No such file or directory
llc: ../tests1/galimimus-bst.ll:46:28: error: pointers to void are invalid; use i8* instead
  %s2ptrvoidz = alloca void*
                           ^
invocation of llc -march=x86-64 failed
couldn't move ../tests1/galimimus-bst.s
gcc: error: ../log/tests1/galimimus-bst-l4.s: No such file or directory
llc: ../tests1/galimimus-compare-null.ll:4:28: error: pointers to void are invalid; use i8* instead
  %s1ptrvoidz = alloca void*
                           ^
invocation of llc -march=x86-64 failed
couldn't move ../tests1/galimimus-compare-null.s
gcc: error: ../log/tests1/galimimus-compare-null-l4.s: No such file or directory
llc: ../tests1/galimimus-context-sensitive2.ll:26:27: error: use of undefined value '%r15ptri32z'
  store i32 %r14i32, i32* %r15ptri32z
                          ^
invocation of llc -march=x86-64 failed
couldn't move ../tests1/galimimus-context-sensitive2.s
gcc: error: ../log/tests1/galimimus-context-sensitive2-l4.s: No such file or directory
llc: ../tests1/galimimus-left-right-eval3.ll:109:14: error: '%r52ptri32z' defined with type 'i32**'
  store i32* %r52ptri32z, i32** %s9ptri32z
             ^
invocation of llc -march=x86-64 failed
couldn't move ../tests1/galimimus-left-right-eval3.s
gcc: error: ../log/tests1/galimimus-left-right-eval3-l4.s: No such file or directory
llc: ../tests1/galimimus-pass-by-value.ll:29:27: error: use of undefined value '%r15ptri32z'
  store i32 %r14i32, i32* %r15ptri32z
                          ^
invocation of llc -march=x86-64 failed
couldn't move ../tests1/galimimus-pass-by-value.s
gcc: error: ../log/tests1/galimimus-pass-by-value-l4.s: No such file or directory
llc: ../tests1/galimimus-pointer-test.ll:27:27: error: use of undefined value '%r15ptri32z'
  store i32 %r14i32, i32* %r15ptri32z
                          ^
invocation of llc -march=x86-64 failed
couldn't move ../tests1/galimimus-pointer-test.s
gcc: error: ../log/tests1/galimimus-pointer-test-l4.s: No such file or directory
llc: ../tests1/galimimus-struct-arrow-precedence.ll:56:13: error: '%r25i32' defined with type 'i32*'
  store i32 %r25i32, i32* %s2i32
            ^
invocation of llc -march=x86-64 failed
couldn't move ../tests1/galimimus-struct-arrow-precedence.s
Correct result
-- PASS ../tests1/eomer-ambig-mult2.l4 --
gcc: error: ../log/tests1/galimimus-struct-arrow-precedence-l4.s: No such file or directory
-- Testing file ../tests1/georgia-b-nested-struct.l4 --
llc: ../tests1/galimimus-struct-dot-access.ll:28:13: error: '%r14i32' defined with type 'i32*'
  store i32 %r14i32, i32* %s1i32
            ^
invocation of llc -march=x86-64 failed
couldn't move ../tests1/galimimus-struct-dot-access.s
Correct result
-- PASS ../tests1/eomer-empty-struct.l4 --
gcc: error: ../log/tests1/galimimus-struct-dot-access-l4.s: No such file or directory
-- Testing file ../tests1/georgia-b-num-odd.l4 --
Compilation unexpectedly failed on ../tests1/eowyn-nbarshay_namespace.l4.
-- FAIL ../tests1/eowyn-nbarshay_namespace.l4 --
-- Testing file ../tests1/georgia-b-pointer-fun.l4 --
llc: ../tests1/galimimus-typedef-pointer.ll:26:27: error: use of undefined value '%r15ptri32z'
  store i32 %r14i32, i32* %r15ptri32z
                          ^
invocation of llc -march=x86-64 failed
couldn't move ../tests1/galimimus-typedef-pointer.s
gcc: error: ../log/tests1/galimimus-typedef-pointer-l4.s: No such file or directory
Compilation unexpectedly failed on ../tests1/faramir-permutation.l4.
-- FAIL ../tests1/faramir-permutation.l4 --
-- Testing file ../tests1/gloin-dontleak.l4 --
Compilation unexpectedly failed on ../tests1/faramir-pointer-hell.l4.
-- FAIL ../tests1/faramir-pointer-hell.l4 --
-- Testing file ../tests1/gloin-field-typedef.l4 --
llc: ../tests1/georgia-a-foo-array.ll:33:15: error: expected '=' after instruction name
  %s11ptrarray%struct.foozz = alloca [0 x %struct.foo ]*
              ^
invocation of llc -march=x86-64 failed
couldn't move ../tests1/georgia-a-foo-array.s
llc: ../tests1/georgia-a-pointer-mult.ll:64:21: error: invalid operand type for instruction
  %r41ptri32z = mul i32* %r39ptri32z, %r40ptri32z
                    ^
invocation of llc -march=x86-64 failed
couldn't move ../tests1/georgia-a-pointer-mult.s
gcc: error: ../log/tests1/georgia-a-foo-array-l4.s: No such file or directory
gcc: error: ../log/tests1/georgia-a-pointer-mult-l4.s: No such file or directory
llc: ../tests1/georgia-a-ptr_and_int.ll:56:39: error: '%r32i32' defined with type 'i32'
  %r33ptri32z = add i32* %r31ptri32z, %r32i32
                                      ^
invocation of llc -march=x86-64 failed
couldn't move ../tests1/georgia-a-ptr_and_int.s
gcc: error: ../log/tests1/georgia-a-ptr_and_int-l4.s: No such file or directory
llc: ../tests1/georgia-a-return-test.ll:49:15: error: expected '=' after instruction name
  %s11ptrarray%struct.foozz = alloca [0 x %struct.foo ]*
              ^
invocation of llc -march=x86-64 failed
couldn't move ../tests1/georgia-a-return-test.s
gcc: error: ../log/tests1/georgia-a-return-test-l4.s: No such file or directory
llc: ../tests1/georgia-a-swap.ll:42:27: error: use of undefined value '%r26ptri32z'
  store i32 %r25i32, i32* %r26ptri32z
                          ^
invocation of llc -march=x86-64 failed
couldn't move ../tests1/georgia-a-swap.s
gcc: error: ../log/tests1/georgia-a-swap-l4.s: No such file or directory
llc: ../tests1/georgia-b-bst.ll:104:22: error: invalid forward reference to function '_c0_tree_sum' with wrong type!
  %r80i32 = call i32 @_c0_tree_sum(%struct.Tree* %r81ptrstructTreezz)
                     ^
invocation of llc -march=x86-64 failed
couldn't move ../tests1/georgia-b-bst.s
gcc: error: ../log/tests1/georgia-b-bst-l4.s: No such file or directory
llc: ../tests1/georgia-b-linked-list-sum.ll:91:22: error: invalid forward reference to function '_c0_list_sum' with wrong type!
  %r51i32 = call i32 @_c0_list_sum(%struct.List* %r52ptrstructListzz)
                     ^
invocation of llc -march=x86-64 failed
couldn't move ../tests1/georgia-b-linked-list-sum.s
Compilation unexpectedly failed on ../tests1/faramir-splay.l4.
-- FAIL ../tests1/faramir-splay.l4 --
gcc: error: ../log/tests1/georgia-b-linked-list-sum-l4.s: No such file or directory
-- Testing file ../tests1/gloin-prime.l4 --
Compilation unexpectedly failed on ../tests1/fibarray.l4.
-- FAIL ../tests1/fibarray.l4 --
-- Testing file ../tests1/gloin-sphenic.l4 --
llc: ../tests1/georgia-b-many-pointer.ll:50:51: error: use of undefined value '%r22ptrptrptrptrptri32zzzzz'
  store i32**** %r21ptrptrptrptri32zzzz, i32***** %r22ptrptrptrptrptri32zzzzz
                                                  ^
invocation of llc -march=x86-64 failed
couldn't move ../tests1/georgia-b-many-pointer.s
Compilation unexpectedly failed on ../tests1/galimimus-arrow-pointer-precedence.l4.
-- FAIL ../tests1/galimimus-arrow-pointer-precedence.l4 --
gcc: error: ../log/tests1/georgia-b-many-pointer-l4.s: No such file or directory
-- Testing file ../tests1/gloin-too-lazy-to-type-buffalo.l4 --
Compilation unexpectedly failed on ../tests1/galimimus-assign-null.l4.
-- FAIL ../tests1/galimimus-assign-null.l4 --
-- Testing file ../tests1/gloin-typedef-magic.l4 --
Compilation unexpectedly failed on ../tests1/galimimus-bsearch.l4.
-- FAIL ../tests1/galimimus-bsearch.l4 --
-- Testing file ../tests1/gold-return01.l4 --
Compilation unexpectedly failed on ../tests1/galimimus-bst.l4.
-- FAIL ../tests1/galimimus-bst.l4 --
-- Testing file ../tests1/gold-return02.l4 --
Compilation unexpectedly failed on ../tests1/galimimus-compare-null.l4.
-- FAIL ../tests1/galimimus-compare-null.l4 --
-- Testing file ../tests1/gold-return03.l4 --
Compilation unexpectedly failed on ../tests1/galimimus-context-sensitive2.l4.
-- FAIL ../tests1/galimimus-context-sensitive2.l4 --
-- Testing file ../tests1/gold-return04.l4 --
Compilation unexpectedly failed on ../tests1/galimimus-left-right-eval3.l4.
-- FAIL ../tests1/galimimus-left-right-eval3.l4 --
Warning: should not be looking up raw struct instead of struct*%struct.t
Warning: should not be looking up raw struct instead of struct*%struct.t
-- Testing file ../tests1/gold-return05.l4 --
Compilation unexpectedly failed on ../tests1/galimimus-pass-by-value.l4.
-- FAIL ../tests1/galimimus-pass-by-value.l4 --
-- Testing file ../tests1/gold-return06.l4 --
Compilation unexpectedly failed on ../tests1/galimimus-pointer-test.l4.
-- FAIL ../tests1/galimimus-pointer-test.l4 --
c0c: Missing findTemps case:%Hi32* %s4ptri32z = add i32 %s7i32, %s8i32
-- Testing file ../tests1/gold-return07.l4 --
Compilation unexpectedly failed on ../tests1/galimimus-struct-arrow-precedence.l4.
-- FAIL ../tests1/galimimus-struct-arrow-precedence.l4 --
-- Testing file ../tests1/gold-return08.l4 --
llc: ../tests1/georgia-b-nested-struct.ll:76:13: error: '%r14i32' defined with type 'i32*'
  store i32 %r14i32, i32* %s1i32
            ^
invocation of llc -march=x86-64 failed
couldn't move ../tests1/georgia-b-nested-struct.s
Compilation unexpectedly failed on ../tests1/galimimus-struct-dot-access.l4.
-- FAIL ../tests1/galimimus-struct-dot-access.l4 --
gcc: error: ../log/tests1/georgia-b-nested-struct-l4.s: No such file or directory
-- Testing file ../tests1/gold-return09.l4 --
llc: ../tests1/georgia-b-num-odd.ll:122:14: error: '%r63ptri32z' defined with type 'i32**'
  store i32* %r63ptri32z, i32** %s13ptri32z
             ^
invocation of llc -march=x86-64 failed
couldn't move ../tests1/georgia-b-num-odd.s
gcc: error: ../log/tests1/georgia-b-num-odd-l4.s: No such file or directory
llc: ../tests1/georgia-b-pointer-fun.ll:400:22: error: invalid operand type for instruction
  %r281ptri32z = add i32* %r279ptri32z, %r280ptri32z
                     ^
invocation of llc -march=x86-64 failed
couldn't move ../tests1/georgia-b-pointer-fun.s
Compilation unexpectedly failed on ../tests1/galimimus-typedef-pointer.l4.
-- FAIL ../tests1/galimimus-typedef-pointer.l4 --
gcc: error: ../log/tests1/georgia-b-pointer-fun-l4.s: No such file or directory
-- Testing file ../tests1/gold-return10.l4 --
llc: ../tests1/gloin-dontleak.ll:96:14: error: '%r53ptri32z' defined with type 'i32**'
  store i32* %r53ptri32z, i32** %s10ptri32z
             ^
invocation of llc -march=x86-64 failed
couldn't move ../tests1/gloin-dontleak.s
gcc: error: ../log/tests1/gloin-dontleak-l4.s: No such file or directory
llc: ../tests1/gloin-field-typedef.ll:32:13: error: '%r18i32' defined with type 'i32*'
  store i32 %r18i32, i32* %s2i32
            ^
invocation of llc -march=x86-64 failed
couldn't move ../tests1/gloin-field-typedef.s
Compilation unexpectedly failed on ../tests1/georgia-a-foo-array.l4.
-- FAIL ../tests1/georgia-a-foo-array.l4 --
gcc: error: ../log/tests1/gloin-field-typedef-l4.s: No such file or directory
-- Testing file ../tests1/gold-return11.l4 --
Compilation unexpectedly failed on ../tests1/georgia-a-pointer-mult.l4.
-- FAIL ../tests1/georgia-a-pointer-mult.l4 --
-- Testing file ../tests1/gold-return12.l4 --
Compilation unexpectedly failed on ../tests1/georgia-a-ptr_and_int.l4.
-- FAIL ../tests1/georgia-a-ptr_and_int.l4 --
-- Testing file ../tests1/gold-return13.l4 --
Compilation unexpectedly failed on ../tests1/georgia-a-return-test.l4.
-- FAIL ../tests1/georgia-a-return-test.l4 --
-- Testing file ../tests1/goshawk-array.l4 --
Compilation unexpectedly failed on ../tests1/georgia-a-swap.l4.
-- FAIL ../tests1/georgia-a-swap.l4 --
-- Testing file ../tests1/goshawk-find_treasure.l4 --
Compilation unexpectedly failed on ../tests1/georgia-b-bst.l4.
-- FAIL ../tests1/georgia-b-bst.l4 --
-- Testing file ../tests1/goshawk-pointer.l4 --
Compilation unexpectedly failed on ../tests1/georgia-b-linked-list-sum.l4.
-- FAIL ../tests1/georgia-b-linked-list-sum.l4 --
-- Testing file ../tests1/goshawk-return02.l4 --
llc: ../tests1/gloin-prime.ll:83:25: error: '@calloc' defined with type 'i8* (i1, i32)*'
  %r29ptri8z = call i8* @calloc(i32 %r30i32, i32 %r31i32)W W                      ^
invocation of llc -march=x86-64 failed
couldn't move ../tests1/gloin-prime.s
Warning: should not be looking up raw struct instead of struct*%struct.country_t
Warning: should not be looking up raw struct instead of struct*%struct.country_t
Warning: should not be looking up raw struct instead of struct*%struct.country_t
Warning: should not be looking up raw struct instead of struct*%struct.country_t
Warning: should not be looking up raw struct instead of struct*%struct.country_t
Warning: should not be looking up raw struct instead of struct*%struct.region_t
llc: ../tests1/gloin-sphenic.ll:99:14: error: '%r41ptri32z' defined with type 'i32**'
  store i32* %r41ptri32z, i32** %s14ptri32z
             ^
invocation of llc -march=x86-64 failed
couldn't move ../tests1/gloin-sphenic.s
Compilation unexpectedly failed on ../tests1/georgia-b-many-pointer.l4.
-- FAIL ../tests1/georgia-b-many-pointer.l4 --
gcc: error: ../log/tests1/gloin-prime-l4.s: No such file or directory
-- Testing file ../tests1/goshawk-return03.l4 --
gcc: error: ../log/tests1/gloin-sphenic-l4.s: No such file or directory
llc: ../tests1/gloin-too-lazy-to-type-buffalo.ll:28:13: error: '%r14i32' defined with type 'i32*'
  store i32 %r14i32, i32* %s1i32
            ^
invocation of llc -march=x86-64 failed
couldn't move ../tests1/gloin-too-lazy-to-type-buffalo.s
gcc: error: ../log/tests1/gloin-too-lazy-to-type-buffalo-l4.s: No such file or directory
llc: ../tests1/gloin-typedef-magic.ll:32:23: error: '%r17ptrstructxzz' defined with type '{ i32 }*'
  %r18i32 = load i32* %r17ptrstructxzz
                      ^
invocation of llc -march=x86-64 failed
couldn't move ../tests1/gloin-typedef-magic.s
gcc: error: ../log/tests1/gloin-typedef-magic-l4.s: No such file or directory
llc: ../tests1/gold-return01.ll:36:13: error: '%r18i32' defined with type 'i32*'
  store i32 %r18i32, i32* %s2i32
            ^
invocation of llc -march=x86-64 failed
couldn't move ../tests1/gold-return01.s
gcc: error: ../log/tests1/gold-return01-l4.s: No such file or directory
llc: ../tests1/gold-return02.ll:36:13: error: '%r14i32' defined with type 'i32*'
  store i32 %r14i32, i32* %s2i32
            ^
invocation of llc -march=x86-64 failed
couldn't move ../tests1/gold-return02.s
gcc: error: ../log/tests1/gold-return02-l4.s: No such file or directory
llc: ../tests1/gold-return03.ll:31:15: error: expected '=' after instruction name
  %s12ptrarray%struct.tzz = alloca [0 x %struct.t ]*
              ^
invocation of llc -march=x86-64 failed
couldn't move ../tests1/gold-return03.s
Correct result
-- PASS ../tests1/galimimus-context-sensitive.l4 --
gcc: error: ../log/tests1/gold-return03-l4.s: No such file or directory
-- Testing file ../tests1/goshawk-return04.l4 --
Compilation unexpectedly failed on ../tests1/gold-return04.l4.
-- FAIL ../tests1/gold-return04.l4 --
-- Testing file ../tests1/grima-return01.l4 --
llc: ../tests1/gold-return05.ll:28:27: error: use of undefined value '%r15ptri32z'
  store i32 %r14i32, i32* %r15ptri32z
                          ^
invocation of llc -march=x86-64 failed
couldn't move ../tests1/gold-return05.s
gcc: error: ../log/tests1/gold-return05-l4.s: No such file or directory
llc: ../tests1/gold-return06.ll:26:13: error: '%r14i32' defined with type 'i32*'
  store i32 %r14i32, i32* %s1i32
            ^
invocation of llc -march=x86-64 failed
couldn't move ../tests1/gold-return06.s
gcc: error: ../log/tests1/gold-return06-l4.s: No such file or directory
llc: ../tests1/gold-return07.ll:81:14: error: '%r41ptri32z' defined with type 'i32**'
  store i32* %r41ptri32z, i32** %s9ptri32z
             ^
invocation of llc -march=x86-64 failed
couldn't move ../tests1/gold-return07.s
gcc: error: ../log/tests1/gold-return07-l4.s: No such file or directory
Compilation unexpectedly failed on ../tests1/georgia-b-nested-struct.l4.
-- FAIL ../tests1/georgia-b-nested-struct.l4 --
-- Testing file ../tests1/grima-return02.l4 --
llc: ../tests1/gold-return09.ll:30:12: error: '%r14i1' defined with type 'i1*'
  store i1 %r14i1, i1* %s1i1
           ^
invocation of llc -march=x86-64 failed
couldn't move ../tests1/gold-return09.s
Compilation unexpectedly failed on ../tests1/georgia-b-num-odd.l4.
-- FAIL ../tests1/georgia-b-num-odd.l4 --
gcc: error: ../log/tests1/gold-return09-l4.s: No such file or directory
-- Testing file ../tests1/grima-return03.l4 --
Correct result
-- PASS ../tests1/galimimus-struct-field-namespace.l4 --
-- Testing file ../tests1/grima-return04.l4 --
Compilation unexpectedly failed on ../tests1/georgia-b-pointer-fun.l4.
-- FAIL ../tests1/georgia-b-pointer-fun.l4 --
-- Testing file ../tests1/harrier-return_1.l4 --
Correct result
-- PASS ../tests1/galimimus-struct-namespace.l4 --
c0c: Missing findTemps case:%Hi32* %s0ptri32z = add i32 %s4i32, %s5i32
-- Testing file ../tests1/harrier-return_2.l4 --
Correct result
-- PASS ../tests1/galimimus-struct-recursive.l4 --
-- Testing file ../tests1/harrier-return_3.l4 --
llc: ../tests1/gold-return10.ll:46:13: error: '%r25i32' defined with type 'i32*'
  store i32 %r25i32, i32* %s4i32
            ^
invocation of llc -march=x86-64 failed
couldn't move ../tests1/gold-return10.s
Correct result
-- PASS ../tests1/galimimus-typedef-struct.l4 --
-- Testing file ../tests1/hawaii-accelerationerror.l4 --
Compilation unexpectedly failed on ../tests1/gloin-dontleak.l4.
-- FAIL ../tests1/gloin-dontleak.l4 --
gcc: error: ../log/tests1/gold-return10-l4.s: No such file or directory
-- Testing file ../tests1/hawaii-avl.l4 --
Compilation unexpectedly failed on ../tests1/gloin-field-typedef.l4.
-- FAIL ../tests1/gloin-field-typedef.l4 --
-- Testing file ../tests1/hawaii-chtspkrs.l4 --
llc: ../tests1/gold-return11.ll:83:14: error: '%r41ptri32z' defined with type 'i32**'
  store i32* %r41ptri32z, i32** %s8ptri32z
             ^
invocation of llc -march=x86-64 failed
couldn't move ../tests1/gold-return11.s
gcc: error: ../log/tests1/gold-return11-l4.s: No such file or directory
llc: ../tests1/gold-return12.ll:28:27: error: use of undefined value '%r15ptri32z'
  store i32 %r14i32, i32* %r15ptri32z
                          ^
invocation of llc -march=x86-64 failed
couldn't move ../tests1/gold-return12.s
gcc: error: ../log/tests1/gold-return12-l4.s: No such file or directory
llc: ../tests1/gold-return13.ll:44:13: error: '%r25i32' defined with type 'i32*'
  store i32 %r25i32, i32* %s2i32
            ^
invocation of llc -march=x86-64 failed
couldn't move ../tests1/gold-return13.s
gcc: error: ../log/tests1/gold-return13-l4.s: No such file or directory
llc: ../tests1/goshawk-find_treasure.ll:32:22: error: invalid forward reference to function '_c0_locate_treasure' with wrong type!
  %r13i32 = call i32 @_c0_locate_treasure(%struct.earth_t* %r14ptrstructearth_tzz)
                     ^
invocation of llc -march=x86-64 failed
couldn't move ../tests1/goshawk-find_treasure.s
gcc: error: ../log/tests1/goshawk-find_treasure-l4.s: No such file or directory
llc: ../tests1/goshawk-return02.ll:96:40: error: invalid cast opcode for cast from '{ i32, i32* }' to '{ i32, i32* }'
  %r6structarrayzStruct_i32z = bitcast %struct.arrayzStruct_i32 %s2structarrayzStruct_i32z to %struct.arrayzStruct_i32
                                       ^
invocation of llc -march=x86-64 failed
couldn't move ../tests1/goshawk-return02.s
Compilation unexpectedly failed on ../tests1/gloin-prime.l4.
-- FAIL ../tests1/gloin-prime.l4 --
gcc: error: ../log/tests1/goshawk-return02-l4.s: No such file or directory
-- Testing file ../tests1/hawaii-dimensional_analysis.l4 --
Compilation unexpectedly failed on ../tests1/gloin-sphenic.l4.
-- FAIL ../tests1/gloin-sphenic.l4 --
-- Testing file ../tests1/hawaii-grocerylist.l4 --
llc: ../tests1/goshawk-return03.ll:75:14: error: '%r41ptri32z' defined with type 'i32**'
  store i32* %r41ptri32z, i32** %s9ptri32z
             ^
invocation of llc -march=x86-64 failed
couldn't move ../tests1/goshawk-return03.s
Compilation unexpectedly failed on ../tests1/gloin-too-lazy-to-type-buffalo.l4.
-- FAIL ../tests1/gloin-too-lazy-to-type-buffalo.l4 --
c0c: A type was mismatched in codeGen when dereferencing i32 %s13i32 of type i32
-- Testing file ../tests1/hawaii-huffman.l4 --
Compilation unexpectedly failed on ../tests1/gloin-typedef-magic.l4.
-- FAIL ../tests1/gloin-typedef-magic.l4 --
gcc: error: ../log/tests1/goshawk-return03-l4.s: No such file or directory
-- Testing file ../tests1/hawaii-linkeddddliiisstt.l4 --
Compilation unexpectedly failed on ../tests1/gold-return01.l4.
-- FAIL ../tests1/gold-return01.l4 --
c0c: A type was mismatched in codeGen when dereferencing i32 %s9i32 of type i32
-- Testing file ../tests1/hawaii-matrixupdates.l4 --
Compilation unexpectedly failed on ../tests1/gold-return02.l4.
-- FAIL ../tests1/gold-return02.l4 --
c0c: Missing findTemps case:%Hi32* %s8ptri32z = add i32 %s11i32, %s12i32
-- Testing file ../tests1/hawaii-mtranspose.l4 --
Compilation unexpectedly failed on ../tests1/gold-return03.l4.
-- FAIL ../tests1/gold-return03.l4 --
-- Testing file ../tests1/hawaii-noot_noot.l4 --
llc: ../tests1/goshawk-return04.ll:13:28: error: pointers to void are invalid; use i8* instead
  %s5ptrvoidz = alloca void*
                           ^
invocation of llc -march=x86-64 failed
couldn't move ../tests1/goshawk-return04.s
c0c: A type was mismatched in codeGen when dereferencing i32 %s4i32 of type i32
gcc: error: ../log/tests1/goshawk-return04-l4.s: No such file or directory
llc: ../tests1/grima-return01.ll:58:23: error: '%r29ptrstructpairzz' defined with type '{ i32, i32 }**'
  store %struct.pair* %r29ptrstructpairzz, %struct.pair** %s3ptrstructpairzz
                      ^
invocation of llc -march=x86-64 failed
couldn't move ../tests1/grima-return01.s
Compilation unexpectedly failed on ../tests1/gold-return05.l4.
-- FAIL ../tests1/gold-return05.l4 --
-- Testing file ../tests1/hawaii-oscillation.l4 --
Compilation unexpectedly failed on ../tests1/gold-return06.l4.
-- FAIL ../tests1/gold-return06.l4 --
gcc: error: ../log/tests1/grima-return01-l4.s: No such file or directory
-- Testing file ../tests1/hawaii-primestructs.l4 --
Compilation unexpectedly failed on ../tests1/gold-return07.l4.
-- FAIL ../tests1/gold-return07.l4 --
-- Testing file ../tests1/hawaii-starry_eyed.l4 --
llc: ../tests1/grima-return02.ll:50:23: error: '%r25ptrstructpairzz' defined with type '{ i32, i32 }**'
  store %struct.pair* %r25ptrstructpairzz, %struct.pair** %s2ptrstructpairzz
                      ^
invocation of llc -march=x86-64 failed
couldn't move ../tests1/grima-return02.s
Compilation unexpectedly failed on ../tests1/gold-return09.l4.
-- FAIL ../tests1/gold-return09.l4 --
gcc: error: ../log/tests1/grima-return02-l4.s: No such file or directory
-- Testing file ../tests1/hawaii-structural_induction.l4 --
Compilation unexpectedly failed on ../tests1/grima-return03.l4.
-- FAIL ../tests1/grima-return03.l4 --
-- Testing file ../tests1/hawaii-ziggystardust.l4 --
llc: ../tests1/grima-return04.ll:32:18: error: expected '=' after instruction name
  %s12ptrarrayi32*zz = alloca [0 x i32* ]*
                 ^
invocation of llc -march=x86-64 failed
couldn't move ../tests1/grima-return04.s
gcc: error: ../log/tests1/grima-return04-l4.s: No such file or directory
Compilation unexpectedly failed on ../tests1/gold-return10.l4.
-- FAIL ../tests1/gold-return10.l4 --
-- Testing file ../tests1/hawk-a_star_b.l4 --
llc: ../tests1/hawaii-accelerationerror.ll:40:18: error: expected '=' after instruction name
  %s19ptrarrayi32*zz = alloca [0 x i32* ]*
                 ^
invocation of llc -march=x86-64 failed
couldn't move ../tests1/hawaii-accelerationerror.s
gcc: error: ../log/tests1/hawaii-accelerationerror-l4.s: No such file or directory
llc: ../tests1/hawaii-avl.ll:8:28: error: pointers to void are invalid; use i8* instead
  %s4ptrvoidz = alloca void*
                           ^
invocation of llc -march=x86-64 failed
couldn't move ../tests1/hawaii-avl.s
llc: ../tests1/hawaii-chtspkrs.ll:34:13: error: '%r14i32' defined with type 'i32*'
  store i32 %r14i32, i32* %s1i32
            ^
gcc: error: ../log/tests1/hawaii-avl-l4.s: No such file or directory
invocation of llc -march=x86-64 failed
couldn't move ../tests1/hawaii-chtspkrs.s
Compilation unexpectedly failed on ../tests1/gold-return11.l4.
-- FAIL ../tests1/gold-return11.l4 --
gcc: error: ../log/tests1/hawaii-chtspkrs-l4.s: No such file or directory
-- Testing file ../tests1/hawk-bubble_sort.l4 --
Compilation unexpectedly failed on ../tests1/gold-return12.l4.
-- FAIL ../tests1/gold-return12.l4 --
-- Testing file ../tests1/hawk-findmax.l4 --
Compilation unexpectedly failed on ../tests1/gold-return13.l4.
-- FAIL ../tests1/gold-return13.l4 --
-- Testing file ../tests1/hawk-list-rev.l4 --
Compilation unexpectedly failed on ../tests1/goshawk-find_treasure.l4.
-- FAIL ../tests1/goshawk-find_treasure.l4 --
-- Testing file ../tests1/hawk-pq.l4 --
Compilation unexpectedly failed on ../tests1/goshawk-return02.l4.
-- FAIL ../tests1/goshawk-return02.l4 --
-- Testing file ../tests1/hawk-valid-recurse.l4 --
Compilation unexpectedly failed on ../tests1/hawaii-grocerylist.l4.
-- FAIL ../tests1/hawaii-grocerylist.l4 --
-- Testing file ../tests1/hobby-alloc-array-absurdity.l4 --
Compilation unexpectedly failed on ../tests1/goshawk-return03.l4.
-- FAIL ../tests1/goshawk-return03.l4 --
-- Testing file ../tests1/hobby-bst.l4 --
Compilation unexpectedly failed on ../tests1/hawaii-huffman.l4.
-- FAIL ../tests1/hawaii-huffman.l4 --
-- Testing file ../tests1/hobby-check-typedef.l4 --
llc: ../tests1/hawaii-dimensional_analysis.ll:97:15: error: expected '=' after instruction name
  %s50ptrarray%struct.arrayzStruct_structarrayzStruct_structarrayzStruct_structarrayzStruct_structarrayzStruct_structarrayzStruct_structarrayzStruct_structarrayzStruct_structarrayzStruct_structarrayzStruct_structarrayzStruct_structarrayzStruct_structarrayzStruct_structarrayzStruct_structarrayzStruct_structarrayzStruct_structarrayzStruct_structarrayzStruct_structarrayzStruct_i32zzzzzzzzzzzzzzzzzzzz = alloca [0 x %struct.arrayzStruct_structarrayzStruct_structarrayzStruct_structarrayzStruct_structarrayzStruct_structarrayzStruct_structarrayzStruct_structarrayzStruct_structarrayzStruct_structarrayzStruct_structarrayzStruct_structarrayzStruct_structarrayzStruct_structarrayzStruct_structarrayzStruct_structarrayzStruct_structarrayzStruct_structarrayzStruct_structarrayzStruct_i32zzzzzzzzzzzzzzzzzz ]*
              ^
invocation of llc -march=x86-64 failed
couldn't move ../tests1/hawaii-dimensional_analysis.s
gcc: error: ../log/tests1/hawaii-dimensional_analysis-l4.s: No such file or directory
llc: ../tests1/hawaii-linkeddddliiisstt.ll:18:29: error: pointers to void are invalid; use i8* instead
  %s10ptrvoidz = alloca void*
                            ^
invocation of llc -march=x86-64 failed
couldn't move ../tests1/hawaii-linkeddddliiisstt.s
Compilation unexpectedly failed on ../tests1/hawaii-matrixupdates.l4.
-- FAIL ../tests1/hawaii-matrixupdates.l4 --
gcc: error: ../log/tests1/hawaii-linkeddddliiisstt-l4.s: No such file or directory
-- Testing file ../tests1/hobby-reverse-list.l4 --
llc: ../tests1/hawaii-mtranspose.ll:121:14: error: '%r50ptri32z' defined with type 'i32**'
  store i32* %r50ptri32z, i32** %s16ptri32z
             ^
invocation of llc -march=x86-64 failed
couldn't move ../tests1/hawaii-mtranspose.s
Compilation unexpectedly failed on ../tests1/hawaii-noot_noot.l4.
-- FAIL ../tests1/hawaii-noot_noot.l4 --
-- Testing file ../tests1/hobby-struct-dots.l4 --
Compilation unexpectedly failed on ../tests1/goshawk-return04.l4.
-- FAIL ../tests1/goshawk-return04.l4 --
gcc: error: ../log/tests1/hawaii-mtranspose-l4.s: No such file or directory
-- Testing file ../tests1/idaho-success-array-struct.l4 --
Compilation unexpectedly failed on ../tests1/grima-return01.l4.
-- FAIL ../tests1/grima-return01.l4 --
-- Testing file ../tests1/idaho-success-array1.l4 --
llc: ../tests1/hawaii-oscillation.ll:114:14: error: '%r49ptri32z' defined with type 'i32**'
  store i32* %r49ptri32z, i32** %s17ptri32z
             ^
invocation of llc -march=x86-64 failed
couldn't move ../tests1/hawaii-oscillation.s
Warning: should not be looking up raw struct instead of struct*%struct.a
llc: ../tests1/hawaii-primestructs.ll:14:28: error: pointers to void are invalid; use i8* instead
  %s8ptrvoidz = alloca void*
                           ^
invocation of llc -march=x86-64 failed
couldn't move ../tests1/hawaii-primestructs.s
Execution of binary unexpectedly failed with exception 11.
-- FAIL ../tests1/gold-return08.l4 --
gcc: error: ../log/tests1/hawaii-oscillation-l4.s: No such file or directory
-- Testing file ../tests1/idaho-success-array2.l4 --
Compilation unexpectedly failed on ../tests1/grima-return02.l4.
-- FAIL ../tests1/grima-return02.l4 --
gcc: error: ../log/tests1/hawaii-primestructs-l4.s: No such file or directory
-- Testing file ../tests1/idaho-success-array3.l4 --
llc: ../tests1/hawaii-structural_induction.ll:1778:27: error: '%r14ptrstructhawaii31zz' defined with type '{ i32, { i32, { i32, { i32, { i32, { i32, { i32, { i32, { i32, { i32, { i32, { i32, { i32, { i32, { i32, { i32, { i32, { i32, { i32, { i32, { i32, { i32, { i32, { i32, { i32, { i32, { i32, { i32, { i32, { i32, { i32 }* }* }* }* }* }* }* }* }* }* }* }* }* }* }* }* }* }* }* }* }* }* }* }* }* }* }* }* }* }* }**'
  store %struct.hawaii31* %r14ptrstructhawaii31zz, %struct.hawaii31** %s1ptrstructhawaii31zz
                          ^
invocation of llc -march=x86-64 failed
couldn't move ../tests1/hawaii-structural_induction.s
llc: ../tests1/hawaii-ziggystardust.ll:20:28: error: pointers to void are invalid; use i8* instead
  %s9ptrvoidz = alloca void*
                           ^
gcc: error: ../log/tests1/hawaii-structural_induction-l4.s: No such file or directory
invocation of llc -march=x86-64 failed
couldn't move ../tests1/hawaii-ziggystardust.s
Compilation unexpectedly failed on ../tests1/grima-return04.l4.
-- FAIL ../tests1/grima-return04.l4 --
gcc: error: ../log/tests1/hawaii-ziggystardust-l4.s: No such file or directory
-- Testing file ../tests1/idaho-success-gapbuf1.l4 --
llc: ../tests1/hawk-a_star_b.ll:41:13: error: '%r21i32' defined with type 'i32*'
  store i32 %r21i32, i32* %s1i32
            ^
invocation of llc -march=x86-64 failed
couldn't move ../tests1/hawk-a_star_b.s
Compilation unexpectedly failed on ../tests1/hawaii-accelerationerror.l4.
-- FAIL ../tests1/hawaii-accelerationerror.l4 --
c0c: A type was mismatched in codeGen when dereferencing i32 %s2i32 of type i32
gcc: error: ../log/tests1/hawk-a_star_b-l4.s: No such file or directory
-- Testing file ../tests1/idaho-success-gapbuf2.l4 --
Compilation unexpectedly failed on ../tests1/hawaii-avl.l4.
-- FAIL ../tests1/hawaii-avl.l4 --
-- Testing file ../tests1/idaho-success-rotate-img.l4 --
Compilation unexpectedly failed on ../tests1/hawaii-chtspkrs.l4.
-- FAIL ../tests1/hawaii-chtspkrs.l4 --
-- Testing file ../tests1/idaho-success-sorted-lists.l4 --
llc: ../tests1/hawk-bubble_sort.ll:108:14: error: '%r45ptri32z' defined with type 'i32**'
  store i32* %r45ptri32z, i32** %s13ptri32z
             ^
invocation of llc -march=x86-64 failed
couldn't move ../tests1/hawk-bubble_sort.s
llc: ../tests1/hawk-findmax.ll:11:28: error: pointers to void are invalid; use i8* instead
  %s6ptrvoidz = alloca void*
                           ^
invocation of llc -march=x86-64 failed
couldn't move ../tests1/hawk-findmax.s
gcc: error: ../log/tests1/hawk-findmax-l4.s: No such file or directory
gcc: error: ../log/tests1/hawk-bubble_sort-l4.s: No such file or directory
llc: ../tests1/hawk-list-rev.ll:18:29: error: pointers to void are invalid; use i8* instead
  %s10ptrvoidz = alloca void*
                            ^
invocation of llc -march=x86-64 failed
couldn't move ../tests1/hawk-list-rev.s
gcc: error: ../log/tests1/hawk-list-rev-l4.s: No such file or directory
llc: ../tests1/hawk-pq.ll:74:22: error: invalid forward reference to function '_c0_pop' with wrong type!
  %r49i32 = call i32 @_c0_pop(%struct.prique* %r50ptrstructpriquezz)
                     ^
invocation of llc -march=x86-64 failed
couldn't move ../tests1/hawk-pq.s
gcc: error: ../log/tests1/hawk-pq-l4.s: No such file or directory
llc: ../tests1/hobby-alloc-array-absurdity.ll:45:15: error: expected '=' after instruction name
  %s10ptrarray%struct.arrayzStruct_i32zz = alloca [0 x %struct.arrayzStruct_i32 ]*
              ^
invocation of llc -march=x86-64 failed
couldn't move ../tests1/hobby-alloc-array-absurdity.s
gcc: error: ../log/tests1/hobby-alloc-array-absurdity-l4.s: No such file or directory
llc: ../tests1/hobby-bst.ll:7:28: error: pointers to void are invalid; use i8* instead
  %s2ptrvoidz = alloca void*
                           ^
invocation of llc -march=x86-64 failed
couldn't move ../tests1/hobby-bst.s
gcc: error: ../log/tests1/hobby-bst-l4.s: No such file or directory
Compilation unexpectedly failed on ../tests1/hawaii-dimensional_analysis.l4.
-- FAIL ../tests1/hawaii-dimensional_analysis.l4 --
-- Testing file ../tests1/idaho-success-struct1.l4 --
Compilation unexpectedly failed on ../tests1/hawaii-linkeddddliiisstt.l4.
-- FAIL ../tests1/hawaii-linkeddddliiisstt.l4 --
-- Testing file ../tests1/idaho-success-struct2.l4 --
llc: ../tests1/hobby-reverse-list.ll:9:28: error: pointers to void are invalid; use i8* instead
  %s5ptrvoidz = alloca void*
                           ^
invocation of llc -march=x86-64 failed
couldn't move ../tests1/hobby-reverse-list.s
Compilation unexpectedly failed on ../tests1/hawaii-mtranspose.l4.
-- FAIL ../tests1/hawaii-mtranspose.l4 --
-- Testing file ../tests1/idaho-success-struct3.l4 --
gcc: error: ../log/tests1/hobby-reverse-list-l4.s: No such file or directory
llc: ../tests1/hobby-struct-dots.ll:35:20: error: '%r19ptrstructazz' defined with type '{ \2, i32 }**'
  store %struct.a* %r19ptrstructazz, %struct.a** %s1ptrstructazz
                   ^
invocation of llc -march=x86-64 failed
couldn't move ../tests1/hobby-struct-dots.s
llc: ../tests1/idaho-success-array-struct.ll:19:14: error: expected '=' after instruction name
  %s8ptrarray%struct.azz = alloca [0 x %struct.a ]*
             ^
invocation of llc -march=x86-64 failed
couldn't move ../tests1/idaho-success-array-struct.s
gcc: error: ../log/tests1/hobby-struct-dots-l4.s: No such file or directory
llc: ../tests1/idaho-success-array1.ll:23:40: error: invalid cast opcode for cast from '{ i32, i32* }' to '{ i32, i32* }'
  %r3structarrayzStruct_i32z = bitcast %struct.arrayzStruct_i32 %r2structarrayzStruct_i32z to %struct.arrayzStruct_i32
                                       ^
invocation of llc -march=x86-64 failed
couldn't move ../tests1/idaho-success-array1.s
Compilation unexpectedly failed on ../tests1/hawaii-oscillation.l4.
-- FAIL ../tests1/hawaii-oscillation.l4 --
gcc: error: ../log/tests1/idaho-success-array-struct-l4.s: No such file or directory
gcc: error: ../log/tests1/idaho-success-array1-l4.s: No such file or directory
-- Testing file ../tests1/illinois-3d-array.l4 --
Compilation unexpectedly failed on ../tests1/hawaii-primestructs.l4.
-- FAIL ../tests1/hawaii-primestructs.l4 --
-- Testing file ../tests1/illinois-default-vals.l4 --
llc: ../tests1/idaho-success-array2.ll:84:14: error: '%r41ptri32z' defined with type 'i32**'
  store i32* %r41ptri32z, i32** %s9ptri32z
             ^
invocation of llc -march=x86-64 failed
couldn't move ../tests1/idaho-success-array2.s
gcc: error: ../log/tests1/idaho-success-array2-l4.s: No such file or directory
llc: ../tests1/idaho-success-array3.ll:84:14: error: '%r41ptri32z' defined with type 'i32**'
  store i32* %r41ptri32z, i32** %s8ptri32z
             ^
invocation of llc -march=x86-64 failed
couldn't move ../tests1/idaho-success-array3.s
Compilation unexpectedly failed on ../tests1/hawaii-structural_induction.l4.
-- FAIL ../tests1/hawaii-structural_induction.l4 --
-- Testing file ../tests1/illinois-elaboration-is-da-winnamon.l4 --
Compilation unexpectedly failed on ../tests1/hawaii-ziggystardust.l4.
-- FAIL ../tests1/hawaii-ziggystardust.l4 --
gcc: error: ../log/tests1/idaho-success-array3-l4.s: No such file or directory
-- Testing file ../tests1/illinois-implicit-struct.l4 --
Compilation unexpectedly failed on ../tests1/idaho-success-gapbuf1.l4.
-- FAIL ../tests1/idaho-success-gapbuf1.l4 --
-- Testing file ../tests1/illinois-in-struct-ion-selection.l4 --
Result '1708' differs from expected answer '1794'.
-- FAIL ../tests1/harrier-return_1.l4 --
-- Testing file ../tests1/illinois-index-expr.l4 --
Correct result
-- PASS ../tests1/harrier-return_2.l4 --
Warning: should not be looking up raw struct instead of struct*%struct.element
Warning: should not be looking up raw struct instead of struct*%struct.element
Warning: should not be looking up raw struct instead of struct*%struct.element
Warning: should not be looking up raw struct instead of struct*%struct.element
Warning: should not be looking up raw struct instead of struct*%struct.element
Warning: should not be looking up raw struct instead of struct*%struct.element
Warning: should not be looking up raw struct instead of struct*%struct.element
Warning: should not be looking up raw struct instead of struct*%struct.element
Warning: should not be looking up raw struct instead of struct*%struct.element
Warning: should not be looking up raw struct instead of struct*%struct.element
c0c: Missing findTemps case:%Hi32* %s3ptri32z = add i32 %s6i32, %s7i32
Warning: should not be looking up raw struct instead of struct*%struct.element
Warning: should not be looking up raw struct instead of struct*%struct.element
Warning: should not be looking up raw struct instead of struct*%struct.element
-- Testing file ../tests1/illinois-land-among-the-stars.l4 --
Correct result
-- PASS ../tests1/harrier-return_3.l4 --
Warning: should not be looking up raw struct instead of struct*%struct.element
Warning: should not be looking up raw struct instead of struct*%struct.element
Warning: should not be looking up raw struct instead of struct*%struct.element
Warning: should not be looking up raw struct instead of struct*%struct.element
Warning: should not be looking up raw struct instead of struct*%struct.element
Warning: should not be looking up raw struct instead of struct*%struct.element
Warning: should not be looking up raw struct instead of struct*%struct.element
Warning: should not be looking up raw struct instead of struct*%struct.element
Warning: should not be looking up raw struct instead of struct*%struct.element
Warning: should not be looking up raw struct instead of struct*%struct.element
Warning: should not be looking up raw struct instead of struct*%struct.element
Warning: should not be looking up raw struct instead of struct*%struct.element
Warning: should not be looking up raw struct instead of struct*%struct.element
-- Testing file ../tests1/illinois-ok-dest-add.l4 --
Compilation unexpectedly failed on ../tests1/hawk-a_star_b.l4.
-- FAIL ../tests1/hawk-a_star_b.l4 --
-- Testing file ../tests1/illinois-tricksy-little-typedefses.l4 --
llc: ../tests1/idaho-success-gapbuf2.ll:44:34: error: '%r18structarrayzStruct_i32z' defined with type '{ i32, i32* }*'
  store %struct.arrayzStruct_i32 %r18structarrayzStruct_i32z, %struct.arrayzStruct_i32* %s2structarrayzStruct_i32z
                         c       ^
invocation of llc -march=x86-64 failed
couldn't move ../tests1/idaho-success-gapbuf2.s
llc: ../tests1/idaho-success-rotate-img.llg80:14: error: '%r41ptri32z' defined with type 'i32**'
  store i32* %r41ptri32z, i32** %s9ptri32z
             ^
invocation of llc -march=x86-64 failed
couldn't move ../tests1/idaho-success-rotate-img.s
gcc: error: ../log/tests1/idaho-success-rotate-img-l4.s: No such file or directory
llc: ../tests1/idaho-success-sorted-lists.ll:33:20: error: invalid forward reference to function '_c0_equal' with wrong type!
  %r13i1 = call i1 @_c0_equal(%struct.sortedlist_header* %r14ptrstructsortedlist_headerzz, %struct.sortedlist_header* %r15ptrstructsortedlist_headerzz)
                   ^
invocation of llc -march=x86-64 failed
couldn't move ../tests1/idaho-success-sorted-lists.s
Compilation unexpectedly failed on ../tests1/hawk-bubble_sort.l4.
-- FAIL ../tests1/hawk-bubble_sort.l4 --
gcc: error: ../log/tests1/idaho-success-sorted-lists-l4.s: No such file or directory
-- Testing file ../tests1/illinois-unique-arrays.l4 --
Compilation unexpectedly failed on ../tests1/hawk-findmax.l4.
-- FAIL ../tests1/hawk-findmax.l4 --
-- Testing file ../tests1/illinois-whitespacing.l4 --
Compilation unexpectedly failed on ../tests1/hawk-list-rev.l4.
-- FAIL ../tests1/hawk-list-rev.l4 --
-- Testing file ../tests1/illinois-yo-dawg-i-herd-you-like-structs.l4 --
Compilation unexpectedly failed on ../tests1/hawk-pq.l4.
-- FAIL ../tests1/hawk-pq.l4 --
Warning: should not be looking up raw struct instead of struct*%struct.point
c0c: A type was mismatched in codeGen when dereferencing i32 %s1i32 of type i32
-- Testing file ../tests1/indiana-dfs.l4 --
Compilation unexpectedly failed on ../tests1/hobby-alloc-array-absurdity.l4.
-- FAIL ../tests1/hobby-alloc-array-absurdity.l4 --
-- Testing file ../tests1/indiana-estimation.l4 --
c0c: A type was mismatched in codeGen when dereferencing i32 %s1i32 of type i32
c0c: Missing findTemps case:%Hi32* %s12ptri32z = add i32 %s15i32, %s16i32
llc: ../tests1/goshawk-pointer.ll:3282:227: error: use of undefined value '%r1010ptrptrptrptrptrptrptrptrptrptrptrptrptrptrptrptrptrptrptrptrptrptrptrptrptrptrptrptrptrptrptrptrptrptri32zzzzzzzzzzzzzzzzzzzzzzzzzzzzzzzzzz'
  store i32********************************* %r1009ptrptrptrptrptrptrptrptrptrptrptrptrptrptrptrptrptrptrptrptrptrptrptrptrptrptrptrptrptrptrptrptrptri32zzzzzzzzzzzzzzzzzzzzzzzzzzzzzzzzz, i32********************************** %r1010ptrptrptrptrptrptrptrptrptrptrptrptrptrptrptrptrptrptrptrptrptrptrptrptrptrptrptrptrptrptrptrptrptrptri32zzzzzzzzzzzzzzzzzzzzzzzzzzzzzzzzzz
                                                                                                                                                                                                                                  ^
invocation of llc -march=x86-64 failed
couldn't move ../tests1/goshawk-pointer.s
Compilation unexpectedly failed on ../tests1/hobby-bst.l4.
-- FAIL ../tests1/hobby-bst.l4 --
-- Testing file ../tests1/indiana-jump.l4 --
llc: ../tests1/idaho-success-struct1.ll:30:23: error: '%r14ptrstructnodezz' defined with type '{ i32, \2 }**'
  store %struct.node* %r14ptrstructnodezz, %struct.node** %s1ptrstructnodezz
                      ^
invocation of llc -march=x86-64 failed
couldn't move ../tests1/idaho-success-struct1.s
gcc: error: ../log/tests1/goshawk-pointer-l4.s: No such file or directory
gcc: error: ../log/tests1/idaho-success-struct1-l4.s: No such file or directory
c0c: llc: ../tests1/idaho-success-struct2.ll:46:13: error: '%r19ptri1z' defined with type 'i1**'
  store i1* %r19ptri1z, i1** %s1ptri1z
            ^
invocation of llc -march=x86-64 failed
couldn't move ../tests1/idaho-success-struct2.s
Compilation unexpectedly failed on ../tests1/hobby-reverse-list.l4.
-- FAIL ../tests1/hobby-reverse-list.l4 --
-- Testing file ../tests1/indiana-light.l4 --
gcc: error: ../log/tests1/idaho-success-struct2-l4.s: No such file or directory
llc: ../tests1/idaho-success-struct3.ll:4:28: error: pointers to void are invalid; use i8* instead
  %s2ptrvoidz = alloca void*
                           ^
invocation of llc -march=x86-64 failed
couldn't move ../tests1/idaho-success-struct3.s
Compilation unexpectedly failed on ../tests1/hobby-struct-dots.l4.
-- FAIL ../tests1/hobby-struct-dots.l4 --
gcc: error: ../log/tests1/idaho-success-struct3-l4.s: No such file or directory
-- Testing file ../tests1/indiana-redSpiders2.l4 --
Compilation unexpectedly failed on ../tests1/idaho-success-array-struct.l4.
-- FAIL ../tests1/idaho-success-array-struct.l4 --
-- Testing file ../tests1/indiana-success2.l4 --
Compilation unexpectedly failed on ../tests1/idaho-success-array1.l4.
-- FAIL ../tests1/idaho-success-array1.l4 --
-- Testing file ../tests1/indiana-syllablePlanning.l4 --
llc: ../tests1/illinois-3d-array.ll:45:15: error: expected '=' after instruction name
  %s11ptrarray%struct.arrayzStruct_structarrayzStruct_i32zzz = alloca [0 x %struct.arrayzStruct_structarrayzStruct_i32z ]*
              ^
invocation of llc -march=x86-64 failed
couldn't move ../tests1/illinois-3d-array.s
llc: ../tests1/illinois-default-vals.ll:23:28: error: pointers to void are invalid; use i8* instead
  %s7ptrvoidz = alloca void*
        gcc: error: ../log/tests1/illinois-3d-array-l4.s: No such file or directory
invocation of llc -march=x86-64 failed
couldn't move ../tests1/illinois-default-vals.s
Compilation unexpectedly failed on ../tests1/idaho-success-array2.l4.
-- FAIL ../tests1/idaho-success-array2.l4 --
gcc: error: ../log/tests1/illinois-default-vals-l4.s: No such file or directory
-- Testing file ../tests1/indiana-TEDtalk.l4 --
Compilation unexpectedly failed on ../tests1/idaho-success-array3.l4.
-- FAIL ../tests1/idaho-success-array3.l4 --
-- Testing file ../tests1/indiana-theftOfTheMagi.l4 --
Compilation unexpectedly failed on ../tests1/illinois-elaboration-is-da-winnamon.l4.
-- FAIL ../tests1/illinois-elaboration-is-da-winnamon.l4 --
c0c: A type was mismatched in codeGen when dereferencing i32 %s2i32 of type i32
-- Testing file ../tests1/intmap.l4 --
llc: ../tests1/illinois-implicit-struct.ll:138:23: error: '%r77ptrstructlist_nodezz' defined with type '{ i32, \2 }*'
  %r78i32 = load i32* %r77ptrstructlist_nodezz
                      ^
invocation of llc -march=x86-64 failed
couldn't move ../tests1/illinois-implicit-struct.s
llc: ../tests1/illinois-in-struct-ion-selection.ll:35:15: error: expected '=' after instruction name
  %s13ptrarray%struct.elementzz = alloca [0 x %struct.element ]*
              ^
invocation of llc -march=x86-64 failed
couldn't move ../tests1/illinois-in-struct-ion-selection.s
gcc: error: ../log/tests1/illinois-implicit-struct-l4.s: No such file or directory
llc: ../tests1/illinois-index-expr.ll:49:39: error: '%r15i32' defined with type 'i32'
  %r16ptri32z = add i32* %r14ptri32z, %r15i32
                                      ^
invocation of llc -march=x86-64 failed
couldn't move ../tests1/illinois-index-expr.s
Compilation unexpectedly failed on ../tests1/illinois-ok-dest-add.l4.
-- FAIL ../tests1/illinois-ok-dest-add.l4 --
gcc: error: ../log/tests1/illinois-in-struct-ion-selection-l4.s: No such file or directory
gcc: error: ../log/tests1/illinois-index-expr-l4.s: No such file or directory
-- Testing file ../tests1/iowa-ebola.l4 --
c0c: Missing findTemps case:%Hi32* %s7ptri32z = add i32 %s10i32, %s11i32
Function return type does not match operand type of return inst!
  ret i32* %r7ptri32z
 i32Broken module found, compilation aborted!
0  libLLVM-2.9.so.1 0x00007fedf0310e8f
1  libLLVM-2.9.so.1 0x00007fedf0311451
2  libpthread.so.0  0x00007fedef4d2cb0
3  libc.so.6        0x00007fedeee3a0d5 gsignal + 53
4  libc.so.6        0x00007fedeee3d83b abort + 379
5  libLLVM-2.9.so.1 0x00007fedeff01118
6  libLLVM-2.9.so.1 0x00007fedeff10389
7  libLLVM-2.9.so.1 0x00007fedefeebbd5 llvm::FPPassManager::runOnFunction(llvm::Function&) + 501
8  libLLVM-2.9.so.1 0x00007fedefeebc8b llvm::FPPassManager::runOnModule(llvm::Module&) + 75
9  libLLVM-2.9.so.1 0x00007fedefeeb88f llvm::MPPassManager::runOnModule(llvm::Module&) + 463
10 libLLVM-2.9.so.1 0x00007fedefeeb99f llvm::PassManagerImpl::run(llvm::Module&) + 111
11 llc              0x0000000000407128 main + 2792
12 libc.so.6        0x00007fedeee2576d __libc_start_main + 237
13 llc              0x0000000000407ffd
Stack dump:
0.	Program arguments: llc -march=x86-64 ../tests1/illinois-tricksy-little-typedefses.ll -o ../tests1/illinois-tricksy-little-typedefses.s 
1.	Running pass 'Function Pass Manager' on module '../tests1/illinois-tricksy-little-typedefses.ll'.
2.	Running pass 'Module Verifier' on function '@_c0_f'
invocation of llc -march=x86-64 failed
couldn't move ../tests1/illinois-tricksy-little-typedefses.s
Compilation unexpectedly failed on ../tests1/idaho-success-gapbuf2.l4.
-- FAIL ../tests1/idaho-success-gapbuf2.l4 --
gcc: error: ../log/tests1/illinois-tricksy-little-typedefses-l4.s: No such file or directory
-- Testing file ../tests1/iowa-meningitis.l4 --
Compilation unexpectedly failed on ../tests1/idaho-success-rotate-img.l4.
-- FAIL ../tests1/idaho-success-rotate-img.l4 --
-- Testing file ../tests1/iowa-you_have_died_of_dysentery.l4 --
Compilation unexpectedly failed on ../tests1/idaho-success-sorted-lists.l4.
-- FAIL ../tests1/idaho-success-sorted-lists.l4 --
-- Testing file ../tests1/iridium-return01.l4 --
llc: ../tests1/illinois-unique-arrays.ll:47:15: error: expected '=' after instruction name
  %s12ptrarray%struct.arrayzStruct_i32zz = alloca [0 x %struct.arrayzStruct_i32 ]*
              ^
invocation of llc -march=x86-64 failed
couldn't move ../tests1/illinois-unique-arrays.s
gcc: error: ../log/tests1/illinois-unique-arrays-l4.s: No such file or directory
llc: ../tests1/illinois-land-among-the-stars.ll:215:482: error: '%r108i32' defined with type 'i32'
  %r109ptrptrptrptrptrptrptrptrptrptrptrptrptrptrptrptrptrptrptrptrptrptrptrptrptrptrptrptrptrptrptrptrptrptrptrptrptrptrptrptrptrptrptrptrptrptrptrptrptrptri32zzzzzzzzzzzzzzzzzzzzzzzzzzzzzzzzzzzzzzzzzzzzzzzzzz = sub i32************************************************** %r107ptrptrptrptrptrptrptrptrptrptrptrptrptrptrptrptrptrptrptrptrptrptrptrptrptrptrptrptrptrptrptrptrptrptrptrptrptrptrptrptrptrptrptrptrptrptrptrptrptrptri32zzzzzzzzzzzzzzzzzzzzzzzzzzzzzzzzzzzzzzzzzzzzzzzzzz, %r108i32
                                                                                                                                                                                                                                                                                                                                                                                                                                                                                                 ^
invocation of llc -march=x86-64 failed
couldn't move ../tests1/illinois-land-among-the-stars.s
Compilation unexpectedly failed on ../tests1/illinois-whitespacing.l4.
-- FAIL ../tests1/illinois-whitespacing.l4 --
gcc: error: ../log/tests1/illinois-land-among-the-stars-l4.s: No such file or directory
-- Testing file ../tests1/iridium-return02.l4 --
Compilation unexpectedly failed on ../tests1/illinois-yo-dawg-i-herd-you-like-structs.l4.
-- FAIL ../tests1/illinois-yo-dawg-i-herd-you-like-structs.l4 --
-- Testing file ../tests1/iridium-return03.l4 --
Compilation unexpectedly failed on ../tests1/indiana-dfs.l4.
-- FAIL ../tests1/indiana-dfs.l4 --
c0c: Missing findTemps case:%Hi32* %s1ptri32z = sub i32 %s6i32, %s7i32-- Testing file ../tests1/iridium-return04.l4 --
Correct result
-- PASS ../tests1/hawk-valid-recurse.l4 --
-- Testing file ../tests1/iridium-return05.l4 --
llc: ../tests1/indiana-estimation.ll:28:40: error: invalid cast opcode for cast from '{ i32, i32* }' to '{ i32, i32* }'
  %r2structarrayzStruct_i32z = bitcast %struct.arrayzStruct_i32 %s0structarrayzStruct_i32z to %struct.arrayzStruct_i32
                                       ^
invocation of llc -march=x86-64 failed
couldn't move ../tests1/indiana-estimation.s
Compilation unexpectedly failed on ../tests1/goshawk-pointer.l4.
-- FAIL ../tests1/goshawk-pointer.l4 --
gcc: error: ../log/tests1/indiana-estimation-l4.s: No such file or directory
-- Testing file ../tests1/iridium-return06.l4 --
Compilation unexpectedly failed on ../tests1/indiana-jump.l4.
-- FAIL ../tests1/indiana-jump.l4 --
-- Testing file ../tests1/iridium-return07.l4 --
Correct result
-- PASS ../tests1/hobby-check-typedef.l4 --
-- Testing file ../tests1/iridium-return08.l4 --
Compilation unexpectedly failed on ../tests1/idaho-success-struct1.l4.
-- FAIL ../tests1/idaho-success-struct1.l4 --
-- Testing file ../tests1/iridium-return09.l4 --
Compilation unexpectedly failed on ../tests1/idaho-success-struct2.l4.
-- FAIL ../tests1/idaho-success-struct2.l4 --
-- Testing file ../tests1/iron-complex1.l4 --
llc: ../tests1/indiana-light.ll:87:34: error: '%r14structarrayzStruct_i32z' defined with type '{ i32, i32* }*'
  store %struct.arrayzStruct_i32 %r14structarrayzStruct_i32z, %struct.arrayzStruct_i32* %s5structarrayzStruct_i32z
                                 ^
invocation of llc -march=x86-64 failed
couldn't move ../tests1/indiana-light.s
Compilation unexpectedly failed on ../tests1/idaho-success-struct3.l4.
-- FAIL ../tests1/idaho-success-struct3.l4 --
-- Testing file ../tests1/iron-complex2.l4 --
llc: ../tests1/indiana-redSpiders2.ll:34:13: error: '%r14i32' defined with type 'i32*'
  store i32 %r14i32, i32* %s1i32
            ^
invocation of llc -march=x86-64 failed
couldn't move ../tests1/indiana-redSpiders2.s
gcc: error: ../log/tests1/indiana-light-l4.s: No such file or directory
llc: ../tests1/indiana-success2.ll:35:13: error: '%r19i32' defined with type 'i32*'
  store i32 %r19i32, i32* %s2i32
            ^
invocation of llc -march=x86-64 failed
couldn't move ../tests1/indiana-success2.s
gcc: error: ../log/tests1/indiana-redSpiders2-l4.s: No such file or directory
llc: ../tests1/indiana-syllablePlanning.ll:90:14: error: '%r41ptri32z' defined with type 'i32**'
  store i32* %r41ptri32z, i32** %s11ptri32z
       g     ^
invocation of llc -march=x86-64 failed
couldn't move ../tests1/indiana-syllablePlanning.s
Compilation unexpectedly failed on ../tests1/illinois-3d-array.l4.
-- FAIL ../tests1/illinois-3d-array.l4 --
gcc: error: ../log/tests1/indiana-syllablePlanning-l4.s: No such file or directory
-- Testing file ../tests1/iron-complex3.l4 --
Compilation unexpectedly failed on ../tests1/illinois-default-vals.l4.
-- FAIL ../tests1/illinois-default-vals.l4 --
-- Testing file ../tests1/iron-complex4.l4 --
llc: ../tests1/indiana-TEDtalk.ll:87:14: error: '%r41ptri32z' defined with type 'i32**'
  store i32* %r41ptri32z, i32** %s11ptri32z
             ^
invocation of llc -march=x86-64 failed
couldn't move ../tests1/indiana-TEDtalk.s
Compilation unexpectedly failed on ../tests1/indiana-theftOfTheMagi.l4.
-- FAIL ../tests1/indiana-theftOfTheMagi.l4 --
gcc: error: ../log/tests1/indiana-TEDtalk-l4.s: No such file or directory
-- Testing file ../tests1/iron-complex5.l4 --
